1 2478461
2 3574128
3 2909168
4 3443991
5 2277722
6 3490103
7 1700145
8 2626026
9 1845070
10 2446148
11 1218739
12 2382604
13 1034833
14 1723412
15 1488732
16 1520202
17 762325
18 1564522
19 734566
20 1379106
21 958071
22 1049645
23 576715
24 1187746
25 632900
26 836563
27 628019
28 864706
29 443791
30 1001829
31 412113
32 651832
33 552712
34 588740
35 453097
36 650532
37 322490
38 518491
39 412485
40 520304
41 276387
42 547192
43 235063
44 395529
45 341128
46 347384
47 209067
48 384733
49 208988
50 326743
51 231817
52 291149
53 154842
54 303492
55 223273
56 269371
57 228491
58 238607
59 134735
60 327847
61 136955
62 226070
63 197385
64 218887
65 192677
66 248567
67 123883
68 222968
69 168542
70 203544
71 130598
72 188981
73 121976
74 173837
75 131818
76 159277
77 102736
78 118896
79 102896
80 106900
81 87965
82 117489
83 78005
84 80585
85 61633
86 74591
87 55173
88 55727
89 52506
90 45254
91 43491
92 37512
93 33658
94 32499
95 28886
96 22669
97 22357
98 17654
99 17192
100 12328
101 12980
102 8076
103 8439
104 7184
105 8707
106 4641
107 5289
108 3620
109 3091
110 1519
111 1971
112 1669
113 914
114 841
115 546
116 88
117 232
120 412
122 100
130 23
