1 24284901
2 36627482
3 29875520
4 36879377
5 23738957
6 38733976
7 18147951
8 30140899
9 20883102
10 28243070
11 13448162
12 29710027
13 11598960
14 20682219
15 18035318
16 19367264
17 8903227
18 20683378
19 8615868
20 18380400
21 12299339
22 13528285
23 7015964
24 16965087
25 8248847
26 11130424
27 8438750
28 12202969
29 5550450
30 14497967
31 5165200
32 9395797
33 7434466
34 7906583
35 6284395
36 10255396
37 4040426
38 7185915
39 5920235
40 8493899
41 3665577
42 8990746
43 3301037
44 6612510
45 5659711
46 5474237
47 3123115
48 7042286
49 3326189
50 5764149
51 4047491
52 5255622
53 2616607
54 5482981
55 3634753
56 4964740
57 3607929
58 4043220
59 2316626
60 5399230
61 2251805
62 3663785
63 3121838
64 3505803
65 2659413
66 4243975
67 1857434
68 3185384
69 2457240
70 3592775
71 1723237
72 3349727
73 1581651
74 2441070
75 2338012
76 2519281
77 1717180
78 2969641
79 1370513
80 2576466
81 1689520
82 2047200
83 1145352
84 2750067
85 1481378
86 1782959
87 1569004
88 2048841
89 1078980
90 2617885
91 1310567
92 1781276
93 1424486
94 1624326
95 1431034
96 2069156
97 965959
98 1670147
99 1386982
100 1847518
101 923342
102 1903112
103 870425
104 1659247
105 1452992
106 1387257
107 854357
108 1738188
109 844897
110 1615790
111 1096759
112 1454724
113 800644
114 1441968
115 1089432
116 1299099
117 958071
118 1204004
119 769684
120 1197489
121 739147
122 1131570
123 853889
124 1142352
125 801827
126 951883
127 658587
128 956255
129 677925
130 780957
131 632092
132 774403
133 609823
134 784662
135 565016
136 652829
137 519565
138 582586
139 480651
140 559601
141 447953
142 558714
143 374163
144 428825
145 360567
146 453161
147 329590
148 400548
149 318893
150 313532
151 290724
152 281071
153 247167
154 266139
155 227314
156 218992
157 220421
158 211488
159 177202
160 177584
161 175803
162 161174
163 146391
164 130527
165 131682
166 106423
167 117768
168 103112
169 95634
170 71751
171 89754
172 68433
173 75953
174 50389
175 65650
176 48529
177 56484
178 32738
179 42426
180 40908
181 38312
182 26873
183 33337
184 23583
185 22070
186 17292
187 18595
188 14385
189 21936
190 9835
191 14529
192 9910
193 10346
194 5662
195 7996
196 5939
197 4685
198 3488
199 2941
200 1991
201 3609
202 1490
203 2151
204 2370
205 1949
206 396
207 925
208 876
209 272
210 1506
211 173
212 200
213 580
214 100
215 388
216 403
217 329
218 208
219 50
220 389
225 131
226 100
235 119
