1 259188
2 356162
3 287840
4 324654
5 221728
6 311657
7 160297
8 226969
9 161011
10 209511
11 108233
12 183323
13 89606
14 139134
15 116996
16 114841
17 62377
18 115109
19 62633
20 100714
21 74926
22 80225
23 48621
24 76657
25 46977
26 58580
27 42028
28 55509
29 31188
30 59654
31 26753
32 38320
33 35839
34 36420
35 30295
36 43907
37 21105
38 36848
39 31410
40 36971
41 20218
42 32218
43 19565
44 29370
45 21525
46 26897
47 17466
48 16335
49 13805
50 15390
51 10002
52 10196
53 8657
54 7068
55 5705
56 4580
57 4075
58 2474
59 2635
60 1609
61 1223
62 496
63 1074
64 436
65 120
66 115
67 129
