1 7728807
2 11407955
3 9296784
4 11245171
5 7340614
6 11619567
7 5550975
8 8894962
9 6225373
10 8320723
11 4048134
12 8433119
13 3463344
14 5997601
15 5196876
16 5454652
17 2613168
18 5738684
19 2523326
20 5055663
21 3463950
22 3785923
23 2018733
24 4506854
25 2303221
26 3076316
27 2299047
28 3288258
29 1563029
30 3824687
31 1435700
32 2463867
33 2044312
34 2132947
35 1687071
36 2628638
37 1118536
38 1958468
39 1631062
40 2181206
41 1022278
42 2312895
43 937957
44 1726232
45 1448871
46 1489343
47 888212
48 1684241
49 893761
50 1443727
51 990199
52 1257829
53 686825
54 1273720
55 877318
56 1151147
57 846837
58 938484
59 545628
60 1206231
61 520692
62 811045
63 728614
64 784488
65 597980
66 990649
67 424797
68 731017
69 574728
70 849815
71 421151
72 844014
73 391759
74 586691
75 606948
76 653252
77 431842
78 769228
79 384417
80 714830
81 471124
82 531114
83 339357
84 687684
85 435931
86 496719
87 437624
88 543833
89 335327
90 550936
91 316088
92 514449
93 363285
94 432471
95 338708
96 402942
97 291660
98 379752
99 283839
100 368316
101 250670
102 298395
103 224857
104 275255
105 208403
106 265697
107 209428
108 221730
109 183043
110 185858
111 153117
112 165858
113 148566
114 149958
115 120668
116 132194
117 101870
118 113615
119 92912
120 85221
121 88286
122 70410
123 74037
124 60816
125 59626
126 57721
127 54759
128 43379
129 42883
130 29882
131 34723
132 28044
133 31005
134 19681
135 24344
136 16304
137 18735
138 11078
139 13058
140 11327
141 10923
142 6076
143 7151
144 6467
145 5291
146 2221
147 5281
148 2071
149 2924
150 1475
151 2108
152 704
153 1326
154 414
155 334
156 802
157 480
158 92
159 215
160 446
162 367
165 192
