1 800143
2 1127709
3 912612
4 1059534
5 707859
6 1046301
7 522099
8 776324
9 547905
10 716791
11 365953
12 665466
13 305197
14 492777
15 417035
16 424459
17 218035
18 425244
19 208415
20 366004
21 267123
22 290506
23 162971
24 309420
25 176242
26 233940
27 169068
28 227317
29 128835
30 246609
31 116585
32 159848
33 137060
34 140993
35 108142
36 149461
37 76675
38 119659
39 98060
40 120939
41 69855
42 134133
43 60341
44 99102
45 91950
46 89189
47 60997
48 109815
49 60658
50 93966
51 69219
52 89241
53 51659
54 82982
55 62455
56 76432
57 52665
58 68630
59 45794
60 45909
61 44086
62 54532
63 31261
64 39435
65 25428
66 28968
67 26624
68 23107
69 17992
70 16707
71 16351
72 11514
73 12161
74 9332
75 8353
76 5358
77 6030
78 3573
79 4419
80 2791
81 3061
82 1192
83 1152
84 1270
85 479
86 304
87 207
90 157
91 23
93 46
