1 76486961
2 117867734
3 96243967
4 121056376
5 76881048
6 129215550
7 59369689
8 101566738
9 69839325
10 95779129
11 44478038
12 103894893
13 38739745
14 71100427
15 62379660
16 68095344
17 30143616
18 73811221
19 29153051
20 66333212
21 43331774
22 47647992
23 24044951
24 63011021
25 29124702
26 39907523
27 30559330
28 45088643
29 19383870
30 54946989
31 18077303
32 35218140
33 27106426
34 29041393
35 23416426
36 39888790
37 14531908
38 26709266
39 21951738
40 33166879
41 13212729
42 34771557
43 12042866
44 25493681
45 21607363
46 20686403
47 11271917
48 27925163
49 12237909
50 22253962
51 14800994
52 20139443
53 9283770
54 21701949
55 13470637
56 19593820
57 13682387
58 15121108
59 8133858
60 23178111
61 7977521
62 13876140
63 12824329
64 14335148
65 10677162
66 18049761
67 7026887
68 13610922
69 10293721
70 15670643
71 6904086
72 15158295
73 6518205
74 10566340
75 10383203
76 11522918
77 7337818
78 13272228
79 6010849
80 11839955
81 7534779
82 9074123
83 5224443
84 12365298
85 6529283
86 7859997
87 6803731
88 8901664
89 4748429
90 10939740
91 5397490
92 7694877
93 5810941
94 6719385
95 5573116
96 8349179
97 3943645
98 6743403
99 5429987
100 7126085
101 3529995
102 7436001
103 3310405
104 6280931
105 6165173
106 5036267
107 3120564
108 6758968
109 3017424
110 6571056
111 4040176
112 5744581
113 2792588
114 6492130
115 3724901
116 4800879
117 4095578
118 4130296
119 3243233
120 6764031
121 2905005
122 4006896
123 3474572
124 4410466
125 3057780
126 5561891
127 2379500
128 4325711
129 3268364
130 5092252
131 2381836
132 5191335
133 2658330
134 3580420
135 3777472
136 4052661
137 2234274
138 4552542
139 2151331
140 4592539
141 2899250
142 3450578
143 2351065
144 4067204
145 2832659
146 3237570
147 2646715
148 3463613
149 1912817
150 3728981
151 1954692
152 3268946
153 2396431
154 2991997
155 2338298
156 3043286
157 1906197
158 2774516
159 2037895
160 2729359
161 1872939
162 2682614
163 1700327
164 2660233
165 1908586
166 2275129
167 1682044
168 2199381
169 1435709
170 1960612
171 1547597
172 2016196
173 1421432
174 1799419
175 1460570
176 1681898
177 1267416
178 1686871
179 1207332
180 1475058
181 1129574
182 1449733
183 1060278
184 1309312
185 1020021
186 1184869
187 928508
188 1163834
189 921624
190 1047829
191 845501
192 925151
193 807895
194 913845
195 662267
196 845971
197 682050
198 720027
199 634283
200 681937
201 590133
202 623462
203 561818
204 522345
205 503424
206 491865
207 438965
208 469497
209 437793
210 428622
211 389472
212 374922
213 353933
214 331068
215 329823
216 303571
217 288508
218 248424
219 257050
220 232953
221 225483
222 200419
223 204199
224 190314
225 201586
226 147641
227 177869
228 143738
229 156816
230 114275
231 143614
232 105127
233 129003
234 91530
235 106484
236 81501
237 92429
238 63585
239 80970
240 75378
241 72005
242 38246
243 65739
244 44213
245 55574
246 33483
247 41181
248 29335
249 39130
250 21523
251 28289
252 29461
253 23066
254 16180
255 22483
256 17086
257 16837
258 13354
259 12391
260 10783
261 11324
262 7170
263 8060
264 7737
265 7141
266 4281
267 6679
268 4061
269 4532
270 5128
271 4756
272 3865
273 3795
274 1476
275 2452
276 3146
277 2184
278 520
279 1490
280 2162
281 728
282 1768
283 729
284 208
285 728
286 547
287 278
288 642
289 159
290 480
291 255
292 200
293 178
294 90
295 1347
300 127
301 155
304 60
305 119
306 109
315 32
319 151
