2 1
9/4 6
12/5 3
5/2 20
13/5 2
11/4 7
14/5 2
3 107
16/5 2
13/4 6
17/5 3
7/2 40
18/5 1
15/4 57
19/5 3
4 111
21/5 1
17/4 48
13/3 14
22/5 1
9/2 58
14/3 45
19/4 45
5 223
21/4 14
16/3 107
11/2 47
17/3 65
23/4 19
6 338
25/4 9
19/3 143
13/2 37
20/3 190
7 393
22/3 169
15/2 162
23/3 124
8 405
25/3 40
17/2 226
26/3 10
9 647
28/3 9
19/2 525
10 918
21/2 458
11 638
23/2 383
12 334
25/2 172
13 124
27/2 55
14 338
15 362
16 658
17 444
18 1071
19 694
20 1046
21 732
22 931
23 697
24 422
25 344
26 134
27 98
28 51
