15/8 2
23/12 1
2 8
25/12 2
36/17 1
13/6 4
24/11 3
35/16 5
11/5 3
31/14 1
20/9 8
29/13 1
9/4 15
43/19 1
34/15 4
25/11 1
16/7 6
23/10 15
37/16 4
51/22 2
7/3 24
47/20 1
40/17 1
33/14 1
26/11 3
19/8 10
12/5 12
53/22 4
29/12 5
46/19 3
17/7 22
22/9 8
32/13 1
47/19 2
52/21 1
5/2 94
48/19 2
43/17 1
38/15 9
28/11 9
51/20 3
23/9 45
41/16 8
59/23 2
18/7 28
49/19 1
31/12 10
44/17 3
13/5 64
47/18 1
55/21 2
21/8 38
50/19 2
29/11 18
66/25 2
37/14 2
45/17 9
8/3 153
43/16 6
35/13 5
62/23 1
27/10 26
46/17 12
19/7 18
49/18 1
30/11 8
52/19 1
63/23 3
11/4 79
58/21 6
47/17 3
36/13 6
61/22 2
25/9 47
39/14 2
14/5 157
45/16 8
31/11 7
17/6 42
20/7 50
63/22 2
43/15 4
23/8 16
49/17 2
26/9 42
55/19 2
29/10 16
32/11 28
67/23 2
35/12 7
38/13 1
41/14 6
44/15 17
47/16 3
53/18 1
56/19 3
59/20 1
3 1525
73/24 1
67/22 1
64/21 1
61/20 4
58/19 6
55/18 3
52/17 14
49/16 14
46/15 39
43/14 14
40/13 69
37/12 15
71/23 3
34/11 31
65/21 1
31/10 47
28/9 137
53/17 24
25/8 171
47/15 11
69/22 14
22/7 202
63/20 2
41/13 16
60/19 5
19/6 222
73/23 1
54/17 39
35/11 65
51/16 29
67/21 6
83/26 2
16/5 551
61/19 11
45/14 96
29/9 107
71/22 1
42/13 25
55/17 13
68/21 6
13/4 823
62/19 29
49/15 43
36/11 322
59/18 10
23/7 178
56/17 71
33/10 92
76/23 2
43/13 17
53/16 33
63/19 4
73/22 3
83/25 1
10/3 1275
77/23 1
67/20 4
57/17 26
47/14 11
37/11 20
64/19 29
27/8 268
71/21 6
44/13 21
61/18 9
78/23 1
17/5 364
75/22 2
58/17 33
41/12 61
65/19 8
24/7 448
79/23 4
55/16 12
86/25 1
31/9 129
69/20 9
38/11 62
45/13 96
52/15 138
59/17 26
66/19 8
73/21 2
7/2 2686
74/21 6
67/19 6
60/17 67
53/15 28
46/13 50
39/11 36
71/20 14
32/9 201
57/16 47
82/23 1
25/7 270
68/19 21
43/12 77
61/17 66
79/22 2
18/5 596
83/23 2
65/18 19
47/13 44
76/21 1
29/8 206
69/19 15
40/11 121
51/14 74
62/17 64
73/20 7
84/23 3
11/3 985
81/22 3
70/19 14
59/16 33
48/13 106
85/23 2
37/10 69
63/17 98
89/24 2
26/7 294
67/18 16
41/11 97
56/15 134
71/19 20
86/23 1
15/4 829
94/25 1
79/21 11
64/17 57
49/13 193
83/22 8
34/9 94
87/23 1
53/14 56
72/19 28
19/5 461
80/21 3
61/16 77
42/11 70
65/17 34
23/6 552
73/19 18
50/13 129
77/20 16
27/7 603
85/22 3
58/15 123
89/23 1
31/8 288
66/17 160
35/9 119
74/19 17
39/10 96
82/21 5
43/11 51
47/12 103
51/13 127
55/14 49
59/15 81
63/16 158
67/17 39
71/18 25
75/19 12
79/20 10
83/21 8
87/22 3
4 11596
89/22 2
85/21 7
81/20 17
77/19 10
73/18 58
69/17 43
65/16 45
61/15 101
57/14 284
53/13 67
49/12 167
94/23 6
45/11 86
86/21 13
41/10 180
78/19 19
37/9 123
70/17 106
33/8 711
95/23 1
62/15 208
91/22 5
29/7 652
83/20 15
54/13 331
79/19 18
25/6 993
96/23 1
71/17 73
46/11 137
67/16 125
88/21 10
21/5 2000
101/24 1
80/19 14
59/14 146
38/9 219
93/22 3
55/13 187
72/17 145
89/21 8
17/4 1902
81/19 21
64/15 202
47/11 89
77/18 80
107/25 1
30/7 2235
73/17 77
43/10 100
99/23 1
56/13 178
69/16 223
82/19 34
95/22 6
13/3 3716
87/20 18
74/17 101
61/14 218
48/11 673
83/19 19
35/8 786
92/21 9
57/13 247
79/18 73
101/23 1
22/5 1365
97/22 2
75/17 86
53/12 238
84/19 22
31/7 1013
102/23 2
71/16 162
40/9 578
89/20 24
49/11 337
58/13 240
67/15 110
76/17 149
85/19 24
94/21 6
103/23 1
9/2 6817
95/21 2
86/19 40
77/17 91
68/15 228
59/13 165
50/11 148
91/20 16
41/9 227
73/16 145
32/7 1541
87/19 14
55/12 281
78/17 105
101/22 5
23/5 1059
83/18 64
60/13 584
97/21 12
37/8 653
88/19 17
51/11 299
65/14 170
79/17 63
93/20 22
14/3 5248
103/22 2
89/19 26
75/16 253
61/13 182
47/10 187
80/17 99
113/24 2
33/7 1693
85/18 56
52/11 539
71/15 176
90/19 25
109/23 1
19/4 3197
100/21 4
81/17 80
62/13 391
105/22 3
43/9 236
67/14 194
91/19 22
24/5 3643
101/21 5
77/16 131
53/11 126
82/17 67
29/6 1828
92/19 12
63/13 523
97/20 25
34/7 1826
107/22 2
73/15 138
39/8 1173
83/17 112
44/9 619
93/19 27
49/10 339
103/21 1
54/11 1131
59/12 451
64/13 487
69/14 551
74/15 275
79/16 196
84/17 79
89/18 55
94/19 20
99/20 19
104/21 1
109/22 5
5 33106
116/23 1
111/22 2
106/21 2
101/20 18
96/19 20
91/18 61
86/17 92
81/16 205
76/15 375
71/14 394
66/13 645
61/12 543
56/11 878
107/21 2
51/10 1850
97/19 8
46/9 607
87/17 102
41/8 897
77/15 229
113/22 1
36/7 2253
103/20 6
67/13 353
98/19 12
31/6 2390
88/17 100
57/11 781
83/16 210
109/21 2
26/5 3093
99/19 12
73/14 367
47/9 291
115/22 2
68/13 724
89/17 64
110/21 4
21/4 5772
100/19 9
79/15 167
58/11 819
95/18 49
37/7 1492
127/24 1
90/17 98
53/10 577
69/13 533
85/16 217
101/19 13
117/22 2
16/3 8746
107/20 1
91/17 69
75/14 759
59/11 539
102/19 6
43/8 963
113/21 3
70/13 941
97/18 51
27/5 4051
119/22 1
92/17 59
65/12 1512
103/19 2
38/7 1852
87/16 207
49/9 492
109/20 6
60/11 2175
71/13 356
82/15 302
93/17 53
104/19 7
115/21 3
11/2 18220
116/21 1
105/19 9
94/17 84
83/15 171
72/13 757
61/11 540
111/20 11
50/9 3108
89/16 190
39/7 1509
106/19 16
67/12 840
95/17 43
123/22 2
28/5 5060
101/18 34
73/13 591
45/8 2816
107/19 2
62/11 1031
79/14 451
96/17 46
113/20 2
17/3 7928
108/19 18
91/16 196
74/13 617
57/10 2000
97/17 53
40/7 3048
103/18 37
63/11 1113
86/15 272
109/19 10
23/4 5904
121/21 1
98/17 38
75/13 735
52/9 2225
81/14 555
110/19 2
29/5 3686
93/16 187
64/11 1422
99/17 68
35/6 4622
111/19 4
76/13 710
117/20 4
41/7 1677
88/15 265
47/8 1247
100/17 43
53/9 523
112/19 4
59/10 760
65/11 1725
71/12 1038
77/13 513
83/14 475
89/15 244
95/16 186
101/17 39
107/18 37
113/19 2
119/20 4
125/21 1
6 53406
121/20 2
115/19 5
109/18 20
103/17 51
97/16 131
91/15 247
85/14 547
79/13 667
73/12 1244
67/11 757
61/10 1052
116/19 3
55/9 1783
104/17 49
49/8 1186
92/15 296
43/7 1558
123/20 3
80/13 730
117/19 4
37/6 4582
105/17 30
68/11 1642
99/16 204
31/5 4261
118/19 2
87/14 565
56/9 2456
81/13 426
106/17 40
25/4 10881
119/19 2
94/15 264
69/11 1804
113/18 20
44/7 2735
107/17 42
63/10 2047
82/13 699
101/16 171
120/19 2
19/3 11206
127/20 1
108/17 57
89/14 650
70/11 2170
121/19 1
51/8 2439
83/13 585
115/18 9
32/5 7027
109/17 24
77/12 1412
122/19 2
45/7 2866
103/16 124
58/9 2611
71/11 1313
84/13 659
97/15 188
110/17 24
123/19 1
13/2 28195
111/17 22
98/15 232
85/13 534
72/11 1870
131/20 1
59/9 1138
105/16 152
46/7 1709
125/19 1
79/12 1593
112/17 37
33/5 8702
119/18 10
86/13 726
53/8 1297
73/11 1014
93/14 582
113/17 11
20/3 15396
107/16 146
87/13 513
67/10 1897
114/17 35
47/7 1584
121/18 17
74/11 1554
101/15 193
27/4 10615
115/17 8
88/13 610
61/9 1388
95/14 547
129/19 5
34/5 7200
109/16 125
75/11 1763
116/17 6
41/6 5254
89/13 596
48/7 4370
103/15 142
55/8 3325
117/17 36
62/9 2558
69/10 3122
76/11 1724
83/12 1554
90/13 727
97/14 559
104/15 159
111/16 93
118/17 24
125/18 4
7 69372
127/18 4
120/17 9
113/16 78
106/15 122
99/14 491
92/13 498
85/12 1800
78/11 1979
71/10 2152
64/9 3115
121/17 8
57/8 3193
107/15 117
50/7 4591
93/13 601
43/6 5596
122/17 7
79/11 1457
115/16 94
36/5 11099
101/14 497
65/9 2306
94/13 494
123/17 13
29/4 8407
109/15 124
80/11 2037
51/7 1932
124/17 2
73/10 2225
95/13 591
117/16 85
22/3 20433
125/17 10
103/14 401
81/11 1460
59/8 1461
96/13 626
133/18 5
37/5 7865
126/17 3
89/12 1477
52/7 2824
119/16 62
67/9 1878
82/11 1713
97/13 397
112/15 67
127/17 16
15/2 40332
128/17 4
113/15 70
98/13 489
83/11 1107
68/9 4041
121/16 54
53/7 1620
91/12 1511
129/17 8
38/5 10013
99/13 470
61/8 1678
84/11 1945
107/14 415
130/17 23
23/3 16276
123/16 40
100/13 545
77/10 2477
131/17 5
54/7 3551
85/11 1355
116/15 103
31/4 10243
132/17 5
101/13 409
70/9 4836
109/14 371
39/5 10760
125/16 50
86/11 1743
47/6 5544
102/13 458
55/7 3360
118/15 44
63/8 5004
134/17 1
71/9 1934
79/10 2181
87/11 1485
95/12 1437
103/13 351
111/14 305
119/15 57
127/16 20
135/17 4
8 101149
137/17 4
129/16 18
121/15 35
113/14 258
105/13 304
97/12 1597
89/11 1178
81/10 3502
73/9 2941
65/8 3173
122/15 39
57/7 2829
106/13 320
49/6 5316
90/11 1846
131/16 9
41/5 9187
115/14 233
74/9 3453
107/13 459
140/17 4
33/4 20009
124/15 13
91/11 1618
58/7 3154
83/10 3621
108/13 267
133/16 10
25/3 22860
117/14 200
92/11 2007
67/8 3242
109/13 290
42/5 12685
101/12 1535
59/7 2533
135/16 13
76/9 4495
93/11 2399
110/13 319
127/15 28
17/2 41637
128/15 14
111/13 264
94/11 1232
77/9 4148
60/7 8733
103/12 1251
43/5 9247
112/13 168
69/8 5197
95/11 1145
121/14 155
26/3 32493
139/16 1
113/13 331
87/10 3343
61/7 3044
96/11 1305
131/15 13
35/4 18646
114/13 274
79/9 2791
123/14 188
44/5 10493
97/11 1342
53/6 4376
115/13 226
62/7 3250
133/15 5
71/8 4439
80/9 4567
89/10 3945
98/11 1483
107/12 1115
116/13 194
125/14 82
134/15 8
9 100778
145/16 4
136/15 6
127/14 90
118/13 159
109/12 991
100/11 1388
91/10 3906
82/9 5160
73/8 3775
137/15 4
64/7 5928
119/13 109
55/6 5288
101/11 1007
46/5 9454
129/14 75
83/9 4041
120/13 215
37/4 18726
139/15 1
102/11 998
65/7 4765
93/10 3494
121/13 121
28/3 35690
131/14 59
103/11 1319
75/8 7872
122/13 101
47/5 9130
113/12 837
66/7 7512
85/9 3530
104/11 1191
123/13 185
19/2 55083
124/13 123
105/11 1077
86/9 4671
67/7 3902
115/12 674
48/5 12573
125/13 83
77/8 6432
106/11 1272
135/14 47
29/3 28587
126/13 117
97/10 3551
68/7 7344
107/11 1292
39/4 28848
127/13 133
88/9 4750
137/14 21
49/5 9552
108/11 1111
59/6 3947
128/13 62
69/7 5556
79/8 6321
89/9 3753
99/10 3030
109/11 760
119/12 418
129/13 70
139/14 9
10 131818
141/14 4
131/13 39
121/12 329
111/11 903
101/10 3094
91/9 3409
81/8 6833
71/7 4453
132/13 98
61/6 4686
112/11 850
51/5 9684
92/9 5810
133/13 31
41/4 21322
113/11 753
72/7 9141
103/10 3005
134/13 49
31/3 26761
145/14 1
114/11 679
83/8 5670
135/13 66
52/5 10376
125/12 255
73/7 4807
94/9 4074
115/11 704
136/13 23
21/2 65761
137/13 26
116/11 610
95/9 3357
74/7 6721
127/12 276
53/5 7749
138/13 17
85/8 9461
117/11 612
149/14 4
32/3 36609
139/13 39
107/10 2564
75/7 8443
118/11 514
43/4 23876
140/13 41
97/9 3609
54/5 12659
119/11 581
65/6 8919
141/13 13
76/7 7310
87/8 8063
98/9 4129
109/10 2640
120/11 461
131/12 122
11 153699
144/13 19
133/12 78
122/11 414
111/10 2031
100/9 4238
89/8 6778
78/7 11317
145/13 8
67/6 7142
123/11 314
56/5 11918
101/9 3326
146/13 8
45/4 30857
124/11 343
79/7 6677
113/10 1657
34/3 36190
125/11 332
91/8 7838
148/13 9
57/5 9998
137/12 23
80/7 13867
103/9 3129
126/11 334
149/13 4
23/2 69871
127/11 212
104/9 3809
81/7 6971
139/12 40
58/5 7722
93/8 8270
128/11 277
35/3 45562
117/10 1359
82/7 9740
129/11 214
47/4 28072
106/9 3608
59/5 6600
130/11 105
71/6 8540
83/7 6562
95/8 9646
107/9 3068
119/10 992
131/11 159
143/12 4
12 170538
145/12 8
133/11 221
121/10 1363
109/9 2898
97/8 7446
85/7 9496
73/6 11973
134/11 89
61/5 5865
110/9 2468
49/4 23114
135/11 110
86/7 10165
123/10 918
37/3 36338
136/11 99
99/8 7419
62/5 8501
87/7 9274
112/9 2367
137/11 91
25/2 73886
138/11 33
113/9 2516
88/7 13371
63/5 11544
101/8 8064
139/11 55
38/3 47014
127/10 750
89/7 8229
140/11 62
51/4 23441
115/9 1985
64/5 16458
141/11 23
77/6 17006
90/7 12354
103/8 8008
116/9 1691
129/10 503
142/11 47
13 182639
144/11 48
131/10 499
118/9 1429
105/8 6785
92/7 11320
79/6 14621
145/11 13
66/5 18879
119/9 1536
53/4 18222
146/11 9
93/7 7708
133/10 331
40/3 70064
147/11 31
107/8 6757
67/5 5901
94/7 9064
121/9 1500
148/11 17
27/2 77880
149/11 4
122/9 941
95/7 8893
68/5 13729
109/8 5581
150/11 2
41/3 43784
137/10 246
96/7 11398
151/11 4
55/4 18565
124/9 1012
69/5 11647
83/6 19185
97/7 8258
111/8 4841
125/9 987
139/10 173
14 210002
141/10 74
127/9 698
113/8 4897
99/7 8917
85/6 22257
71/5 12754
128/9 502
57/4 19742
100/7 8732
143/10 122
43/3 48857
115/8 3943
72/5 29943
101/7 7382
130/9 372
29/2 74946
131/9 432
102/7 8951
73/5 12053
117/8 3617
44/3 64131
147/10 44
103/7 7183
59/4 11885
133/9 397
74/5 14866
89/6 18051
104/7 7185
119/8 2933
134/9 282
149/10 9
15 193111
151/10 22
136/9 211
121/8 2517
106/7 8261
91/6 17950
76/5 21369
137/9 217
61/4 11139
107/7 7724
153/10 4
46/3 60628
123/8 2852
77/5 17710
108/7 7022
139/9 122
31/2 70767
140/9 81
109/7 7156
78/5 33281
125/8 1933
47/3 52709
110/7 5745
63/4 25201
142/9 39
79/5 17791
95/6 21892
111/7 6000
127/8 1567
143/9 51
16 205960
145/9 67
129/8 1285
113/7 5664
97/6 17747
81/5 23229
146/9 23
65/4 17991
114/7 5194
49/3 46819
131/8 822
82/5 19053
115/7 4401
148/9 22
33/2 98434
149/9 27
116/7 4970
83/5 16155
133/8 874
50/3 51856
117/7 3852
67/4 15157
151/9 4
84/5 36820
101/6 17491
118/7 4367
135/8 646
152/9 9
17 187649
154/9 11
137/8 614
120/7 3207
103/6 15988
86/5 22766
69/4 23811
121/7 3057
52/3 47534
139/8 322
87/5 19955
122/7 2720
157/9 4
35/2 95194
123/7 2879
88/5 34146
141/8 336
53/3 37910
124/7 2886
71/4 18681
160/9 9
89/5 20305
107/6 14424
125/7 2637
143/8 194
18 235779
145/8 161
127/7 2127
109/6 12248
91/5 19529
73/4 19552
128/7 1475
55/3 31486
147/8 120
92/5 26531
129/7 1717
37/2 81448
130/7 1211
93/5 17389
149/8 35
56/3 45632
131/7 1401
75/4 41466
94/5 23870
113/6 9083
132/7 1205
151/8 62
19 216052
153/8 17
134/7 810
115/6 8084
96/5 23223
77/4 32965
135/7 921
58/3 32595
97/5 22994
136/7 577
39/2 123520
137/7 688
98/5 24176
157/8 9
59/3 22925
138/7 450
79/4 25753
99/5 20318
119/6 5626
139/7 486
159/8 9
20 237216
141/7 286
121/6 5357
101/5 17084
81/4 36428
142/7 319
61/3 21375
102/5 18946
143/7 158
41/2 91771
144/7 348
103/5 14993
165/8 9
62/3 28106
145/7 152
83/4 32409
104/5 17633
125/6 3496
146/7 109
21 237420
148/7 81
127/6 3552
106/5 17703
85/4 41447
149/7 121
64/3 47559
107/5 13823
150/7 108
43/2 98373
151/7 67
108/5 15357
65/3 26487
152/7 40
87/4 41907
109/5 13327
131/6 1829
153/7 49
22 254509
155/7 13
133/6 2037
111/5 11517
89/4 31111
156/7 4
67/3 20206
112/5 10263
157/7 9
45/2 122223
113/5 10592
68/3 41568
91/4 34292
114/5 10123
137/6 1013
160/7 32
23 234162
162/7 18
139/6 833
116/5 10426
93/4 36826
70/3 57344
117/5 7418
47/2 103861
165/7 14
118/5 8592
71/3 26795
95/4 39037
119/5 6995
143/6 297
24 264182
145/6 333
121/5 6987
97/4 33946
73/3 26199
122/5 5316
49/2 93276
123/5 6033
74/3 37591
99/4 33660
124/5 4887
149/6 104
25 220525
151/6 82
126/5 4529
101/4 31420
76/3 55273
127/5 4484
51/2 85506
128/5 4233
77/3 37990
103/4 27267
129/5 3062
155/6 9
26 242593
131/5 2706
105/4 29300
79/3 37948
132/5 2645
53/2 74256
133/5 2230
80/3 95751
107/4 25481
134/5 1913
27 204288
136/5 1830
109/4 23920
82/3 52577
137/5 1742
55/2 61852
138/5 1015
83/3 32121
111/4 21307
139/5 1268
28 235056
141/5 809
113/4 18060
85/3 50357
142/5 518
57/2 61806
143/5 541
86/3 52043
115/4 14955
144/5 661
29 172773
146/5 199
117/4 14081
88/3 72944
147/5 397
59/2 43160
148/5 150
89/3 40285
119/4 12529
149/5 212
30 219676
151/5 249
121/4 10457
91/3 37567
152/5 72
61/2 33607
153/5 103
92/3 64858
123/4 9276
154/5 37
31 156036
156/5 76
125/4 7439
94/3 53106
157/5 23
63/2 64465
158/5 9
95/3 43209
127/4 6514
159/5 36
32 188479
129/4 5445
97/3 37901
162/5 35
65/2 38951
98/3 52653
131/4 4278
33 194943
133/4 3464
100/3 49195
67/2 29920
101/3 33101
135/4 2782
34 193732
137/4 2074
103/3 31628
69/2 49903
104/3 37423
139/4 1394
35 175576
141/4 1187
106/3 35018
71/2 38795
107/3 31122
143/4 827
36 254024
145/4 700
109/3 24052
73/2 38784
110/3 24402
147/4 553
37 147419
149/4 323
112/3 21750
75/2 88506
113/3 22156
151/4 312
38 213040
153/4 133
115/3 17034
77/2 54529
116/3 19699
155/4 37
39 223567
157/4 45
118/3 15689
79/2 50203
119/3 12663
159/4 4
40 232157
121/3 12902
81/2 78808
122/3 9767
41 158140
165/4 14
124/3 8383
83/2 51115
125/3 8788
42 252549
127/3 7483
85/2 79017
128/3 6884
43 166670
130/3 4807
87/2 80890
131/3 5460
44 217220
133/3 4541
89/2 59600
134/3 2623
45 205062
136/3 2808
91/2 57804
137/3 3036
46 220298
139/3 1700
93/2 71632
140/3 1973
47 159342
142/3 938
95/2 67059
143/3 1118
48 190382
145/3 877
97/2 54905
146/3 365
49 152635
148/3 311
99/2 58299
149/3 473
50 179231
151/3 278
101/2 49109
152/3 96
51 140172
154/3 63
103/2 43890
155/3 41
52 143064
157/3 82
105/2 48996
158/3 46
53 118802
160/3 77
107/2 43097
54 145347
109/2 37548
55 100495
111/2 32923
56 126316
113/2 31250
57 92080
115/2 24482
58 82143
117/2 22493
59 66271
119/2 19545
60 128427
121/2 18297
61 51418
123/2 15911
62 58100
125/2 11577
63 81908
127/2 11551
64 93030
129/2 9093
65 48615
131/2 7286
66 100590
133/2 6220
67 35522
135/2 5233
68 80975
137/2 3833
69 54202
139/2 2810
70 100064
141/2 2107
71 41526
143/2 1542
72 160528
145/2 1016
73 37758
147/2 1163
74 62627
149/2 726
75 78910
151/2 360
76 97569
153/2 245
77 51738
155/2 64
78 131563
157/2 131
79 49173
159/2 81
80 150927
81 75369
82 78644
165/2 78
83 43924
84 156136
85 70218
86 86396
87 71573
88 114398
89 56398
90 127291
91 51362
92 104776
93 66526
94 85323
95 59942
96 96003
97 54714
98 81623
99 56888
100 83999
101 49244
102 72418
103 45600
104 60751
105 47250
106 60478
107 42669
108 54513
109 40180
110 46468
111 38624
112 41850
113 34191
114 40037
115 30295
116 34418
117 24950
118 27822
119 23431
120 22770
121 22558
122 18975
123 19329
124 17569
125 15374
126 16951
127 14366
128 12279
129 11415
130 8774
131 9153
132 8187
133 8707
134 5985
135 6564
136 5051
137 4985
138 3511
139 3709
140 3495
141 3096
142 2251
143 2253
144 1931
145 1609
146 766
147 1517
148 706
149 872
150 341
151 668
152 235
153 349
154 100
155 159
156 224
157 173
158 28
159 23
160 164
162 119
165 27
