26/17 1
23/15 1
20/13 1
17/11 2
30/19 1
13/7 1
32/17 1
19/10 1
2 28
27/13 1
48/23 1
23/11 5
21/10 2
40/19 13
36/17 24
17/8 1
49/23 1
32/15 36
15/7 5
43/20 1
28/13 6
13/6 12
50/23 3
24/11 3
46/21 5
11/5 34
42/19 6
51/23 1
20/9 20
69/31 1
29/13 2
9/4 37
52/23 5
59/26 2
25/11 5
16/7 40
55/24 2
39/17 3
23/10 19
30/13 21
37/16 2
44/19 3
51/22 2
58/25 1
72/31 1
7/3 70
68/29 5
61/26 3
54/23 1
40/17 3
33/14 2
59/25 3
26/11 25
64/27 3
19/8 6
50/21 4
31/13 12
43/18 4
55/23 8
12/5 29
77/32 2
41/17 1
29/12 3
46/19 4
17/7 7
56/23 50
39/16 1
22/9 50
49/20 2
27/11 9
32/13 7
42/17 1
47/19 7
52/21 63
57/23 1
5/2 278
73/29 2
68/27 3
58/23 2
53/21 1
48/19 83
43/17 6
38/15 19
33/13 4
61/24 6
28/11 13
79/31 1
51/20 2
23/9 25
64/25 6
41/16 1
59/23 2
18/7 128
67/26 2
49/19 2
31/12 24
75/29 2
44/17 4
57/22 6
13/5 105
73/28 2
60/23 35
47/18 7
34/13 24
55/21 4
21/8 127
71/27 1
50/19 3
29/11 39
66/25 6
37/14 19
82/31 1
45/17 8
53/20 9
61/23 4
69/26 13
77/29 1
8/3 463
75/28 1
67/25 6
59/22 4
51/19 1
43/16 3
35/13 7
62/23 12
27/10 23
73/27 2
46/17 14
65/24 3
19/7 23
68/25 1
49/18 8
79/29 1
30/11 28
71/26 4
52/19 12
85/31 2
11/4 162
69/25 5
58/21 3
47/17 1
36/13 9
25/9 33
64/23 4
39/14 7
53/19 3
67/24 4
14/5 94
59/21 4
45/16 18
76/27 1
31/11 25
48/17 5
65/23 16
17/6 91
54/19 6
37/13 3
57/20 6
20/7 89
43/15 3
66/23 9
23/8 61
75/26 2
26/9 94
55/19 5
29/10 15
61/21 3
32/11 72
67/23 4
35/12 13
73/25 3
38/13 6
41/14 5
44/15 12
50/17 12
53/18 2
56/19 28
59/20 2
62/21 29
65/22 3
68/23 2
71/24 2
77/26 1
3 3155
85/28 1
76/25 13
73/24 13
70/23 7
67/22 12
64/21 61
61/20 4
58/19 38
55/18 17
52/17 35
49/16 8
46/15 40
89/29 1
43/14 7
40/13 21
77/25 6
37/12 40
71/23 4
34/11 64
65/21 8
31/10 83
90/29 2
59/19 16
28/9 202
81/26 12
53/17 6
78/25 20
25/8 243
72/23 30
47/15 12
69/22 25
22/7 258
63/20 46
41/13 11
60/19 36
79/25 2
98/31 2
19/6 226
92/29 2
73/23 17
54/17 87
89/28 2
35/11 79
86/27 1
51/16 51
67/21 19
83/26 3
16/5 650
77/24 8
61/19 4
45/14 100
74/23 19
29/9 97
71/22 9
42/13 31
55/17 52
68/21 57
81/25 10
13/4 649
101/31 3
88/27 5
75/23 74
62/19 30
49/15 61
85/26 4
36/11 263
95/29 5
59/18 31
82/25 7
23/7 238
102/31 1
79/24 13
56/17 49
89/27 4
33/10 464
76/23 46
43/13 29
53/16 57
63/19 68
73/22 29
83/25 10
93/28 5
10/3 2000
107/32 2
97/29 3
87/26 10
77/23 13
67/20 38
57/17 26
47/14 38
84/25 9
37/11 116
64/19 37
91/27 1
27/8 550
71/21 40
44/13 56
105/31 1
61/18 32
78/23 33
95/28 3
17/5 716
92/27 1
75/22 37
58/17 90
99/29 3
41/12 147
65/19 26
89/26 3
24/7 765
103/30 1
79/23 55
55/16 78
86/25 23
31/9 306
69/20 121
107/31 1
38/11 330
83/24 18
45/13 63
97/28 1
52/15 90
111/32 1
59/17 41
66/19 49
73/21 17
80/23 31
87/25 47
94/27 5
101/29 3
108/31 2
7/2 4155
102/29 3
95/27 2
88/25 2
81/23 47
74/21 52
67/19 61
60/17 123
53/15 48
99/28 3
46/13 49
85/24 2
39/11 201
110/31 1
71/20 21
103/29 2
32/9 754
89/25 15
57/16 192
82/23 57
107/30 3
25/7 494
93/26 38
68/19 91
111/31 3
43/12 115
61/17 64
79/22 57
115/32 1
18/5 1872
101/28 4
83/23 17
65/18 57
47/13 80
76/21 88
105/29 4
29/8 598
98/27 4
69/19 145
40/11 267
91/25 15
51/14 104
62/17 78
73/20 75
84/23 81
95/26 6
106/29 2
11/3 2630
103/28 3
92/25 36
81/22 94
70/19 299
59/16 76
107/29 7
48/13 178
85/23 44
37/10 333
63/17 156
89/24 34
26/7 578
119/32 2
93/25 16
67/18 91
108/29 1
41/11 219
97/26 20
56/15 167
71/19 89
86/23 53
101/27 13
116/31 1
15/4 2642
124/33 1
109/29 3
94/25 10
79/21 53
64/17 158
49/13 453
83/22 74
117/31 1
34/9 613
121/32 1
87/23 55
53/14 36
72/19 208
91/24 20
110/29 1
19/5 1616
99/26 10
80/21 62
61/16 101
103/27 6
42/11 441
107/28 4
65/17 61
88/23 29
111/29 1
23/6 875
119/31 1
96/25 11
73/19 157
50/13 72
77/20 76
27/7 666
85/22 29
58/15 107
89/23 52
31/8 718
97/25 19
66/17 170
101/26 15
35/9 658
109/28 11
74/19 83
39/10 427
82/21 53
43/11 330
90/23 42
47/12 115
98/25 14
51/13 119
106/27 2
55/14 47
59/15 137
63/16 249
67/17 39
71/18 120
75/19 123
79/20 74
83/21 57
87/22 42
91/23 37
95/24 36
99/25 16
103/26 10
107/27 1
111/28 6
4 22052
129/32 1
121/30 2
117/29 2
113/28 7
109/27 3
105/26 11
101/25 6
97/24 36
93/23 18
89/22 70
85/21 43
81/20 187
77/19 129
73/18 142
69/17 215
65/16 175
61/15 127
118/29 4
57/14 443
110/27 2
53/13 98
102/25 8
49/12 248
94/23 41
45/11 430
86/21 105
41/10 489
119/29 1
78/19 325
115/28 9
37/9 1017
107/26 11
70/17 361
103/25 15
33/8 1622
95/23 40
62/15 314
91/22 91
120/29 2
29/7 765
83/20 169
54/13 308
79/19 161
104/25 16
129/31 1
25/6 2095
121/29 1
96/23 53
71/17 152
117/28 6
46/11 536
113/27 5
67/16 245
88/21 108
109/26 27
130/31 1
21/5 3790
122/29 4
101/24 41
80/19 316
59/14 245
97/23 57
135/32 1
38/9 1314
93/22 131
55/13 193
127/30 1
72/17 1097
89/21 128
106/25 45
17/4 4414
115/27 2
98/23 94
81/19 448
64/15 699
111/26 12
47/11 376
124/29 2
77/18 273
107/25 33
137/32 1
30/7 2964
133/31 1
103/24 34
73/17 131
116/27 5
43/10 797
99/23 24
56/13 1644
125/29 1
69/16 624
82/19 295
95/22 82
108/25 23
121/28 5
13/3 6067
126/29 1
113/26 41
100/23 65
87/20 234
74/17 393
61/14 218
109/25 23
48/11 1227
131/30 1
83/19 155
118/27 4
35/8 1483
127/29 1
92/21 156
57/13 255
79/18 226
101/23 76
123/28 9
22/5 4477
119/27 5
97/22 57
75/17 611
128/29 4
53/12 499
137/31 1
84/19 423
115/26 8
31/7 1326
102/23 58
71/16 368
111/25 21
40/9 1711
129/29 1
89/20 199
49/11 383
107/24 34
58/13 291
125/28 4
67/15 197
76/17 479
85/19 253
94/21 233
103/23 38
112/25 23
121/27 1
130/29 1
139/31 1
9/2 17281
140/31 1
122/27 3
113/25 18
104/23 64
95/21 107
86/19 310
77/17 253
68/15 677
127/28 4
59/13 184
109/24 52
50/11 698
91/20 139
132/29 1
41/9 1257
114/25 24
73/16 338
105/23 73
137/30 1
32/7 3356
119/26 19
87/19 368
55/12 505
78/17 752
101/22 117
124/27 4
23/5 4314
129/28 2
106/23 77
83/18 362
60/13 1199
97/21 86
134/29 2
37/8 1693
125/27 4
88/19 454
139/30 1
51/11 422
116/25 15
65/14 234
79/17 325
93/20 277
107/23 85
121/26 10
14/3 12192
131/28 2
117/25 13
103/22 149
89/19 196
75/16 647
61/13 177
108/23 54
47/10 862
127/27 1
80/17 694
113/24 32
33/7 3487
118/25 27
85/18 469
52/11 549
123/26 11
71/15 439
90/19 372
109/23 44
128/27 1
19/4 6834
119/25 16
100/21 181
81/17 696
62/13 468
105/22 69
148/31 1
43/9 1225
110/23 78
67/14 298
91/19 263
115/24 25
24/5 7494
125/26 9
101/21 98
77/16 424
130/27 2
53/11 456
135/28 1
82/17 505
111/23 35
29/6 3556
121/25 15
92/19 582
63/13 1103
97/20 204
131/27 5
34/7 3664
141/29 1
107/22 143
73/15 434
112/23 56
39/8 3327
122/25 18
83/17 377
127/26 11
44/9 1755
137/28 4
93/19 257
49/10 1071
103/21 124
54/11 819
113/23 38
59/12 658
123/25 7
64/13 590
133/27 3
69/14 608
143/29 1
74/15 937
79/16 665
84/17 927
89/18 335
94/19 307
99/20 244
104/21 148
109/22 130
114/23 67
119/24 44
124/25 15
129/26 3
134/27 1
139/28 4
5 83892
141/28 2
136/27 3
131/26 9
126/25 10
121/24 52
116/23 60
111/22 104
106/21 263
101/20 266
96/19 427
91/18 339
86/17 480
81/16 882
76/15 1570
71/14 629
66/13 965
127/25 6
61/12 804
117/23 58
56/11 860
107/21 119
51/10 1695
97/19 350
143/28 3
46/9 2790
133/26 8
87/17 696
128/25 11
41/8 3136
118/23 71
77/15 589
113/22 81
36/7 7675
139/27 5
103/20 293
67/13 484
98/19 416
129/25 15
31/6 4149
150/29 1
119/23 55
88/17 797
145/28 2
57/11 669
83/16 685
109/21 183
135/26 8
26/5 6475
125/24 49
99/19 296
73/14 710
120/23 42
47/9 2134
115/22 102
68/13 1057
89/17 548
110/21 189
131/25 8
21/4 12970
142/27 2
121/23 48
100/19 534
79/15 738
137/26 8
58/11 622
95/18 749
132/25 16
37/7 3440
127/24 37
90/17 1108
143/27 2
53/10 1339
122/23 60
69/13 738
85/16 1071
101/19 317
117/22 126
133/25 6
149/28 3
16/3 22072
155/29 1
139/26 14
123/23 46
107/20 292
91/17 539
75/14 2793
134/25 17
59/11 601
102/19 370
145/27 1
43/8 3973
113/21 204
70/13 1956
97/18 592
124/23 28
151/28 2
27/5 8612
119/22 139
92/17 1071
65/12 1365
103/19 366
141/26 14
38/7 6936
125/23 30
87/16 1271
136/25 17
49/9 1836
109/20 265
60/11 1684
131/24 45
71/13 571
153/28 5
82/15 1542
93/17 799
104/19 447
115/21 151
126/23 38
137/25 3
11/2 40395
138/25 9
127/23 41
116/21 176
105/19 368
94/17 631
83/15 899
155/28 2
72/13 3162
133/24 33
61/11 751
111/20 305
50/9 3034
139/25 7
89/16 803
128/23 32
39/7 7513
145/26 4
106/19 488
67/12 982
95/17 671
123/22 145
28/5 9313
129/23 48
101/18 610
73/13 861
118/21 164
45/8 5673
152/27 4
107/19 314
62/11 1090
141/25 9
79/14 966
96/17 1053
113/20 321
130/23 40
147/26 5
17/3 22504
159/28 2
142/25 1
125/22 102
108/19 372
91/16 1061
74/13 1251
131/23 35
57/10 4529
154/27 1
97/17 501
137/24 20
40/7 9808
143/25 3
103/18 661
63/11 1420
149/26 7
86/15 1336
109/19 281
132/23 32
23/4 13937
144/25 4
121/21 106
98/17 858
75/13 1789
127/22 97
52/9 2777
133/23 22
81/14 2012
110/19 430
139/24 16
29/5 7057
151/26 8
122/21 155
93/16 1264
64/11 2292
163/28 1
99/17 705
134/23 20
35/6 9809
146/25 2
111/19 317
76/13 1532
117/20 296
41/7 5227
129/22 105
88/15 2242
135/23 28
47/8 5337
147/25 11
100/17 927
153/26 6
53/9 2130
112/19 319
59/10 1528
124/21 154
65/11 1086
136/23 29
71/12 1235
148/25 5
77/13 1393
160/27 1
83/14 1188
89/15 1060
95/16 1309
101/17 648
107/18 694
113/19 205
119/20 212
125/21 106
131/22 103
137/23 32
143/24 25
149/25 6
155/26 5
167/28 1
6 114009
157/26 2
145/24 16
139/23 27
133/22 70
127/21 132
121/20 323
115/19 249
109/18 736
103/17 617
97/16 1354
91/15 1231
85/14 2659
79/13 1254
152/25 1
73/12 1605
140/23 20
67/11 914
128/21 126
61/10 1955
116/19 352
55/9 2635
159/26 1
104/17 991
153/25 3
49/8 5287
141/23 23
92/15 2319
135/22 74
43/7 6595
123/20 327
80/13 4935
117/19 336
154/25 3
37/6 10241
142/23 35
105/17 757
68/11 2077
99/16 1513
130/21 119
161/26 2
31/5 8230
149/24 9
118/19 302
87/14 2256
143/23 20
56/9 4004
137/22 65
81/13 2476
106/17 900
131/21 116
156/25 2
25/4 20379
144/23 7
119/19 411
94/15 2458
163/26 2
69/11 1772
113/18 730
157/25 2
44/7 9758
151/24 12
107/17 697
63/10 6915
145/23 20
82/13 1981
101/16 1402
120/19 244
139/22 72
158/25 1
19/3 27743
165/26 2
146/23 16
127/20 301
108/17 728
89/14 1997
159/25 1
70/11 3559
121/19 271
51/8 7274
134/21 120
83/13 1536
115/18 668
147/23 15
32/5 12396
141/22 76
109/17 671
77/12 2357
122/19 335
45/7 11713
148/23 13
103/16 1630
161/25 2
58/9 4227
129/20 286
71/11 1453
155/24 11
84/13 3214
97/15 1451
110/17 928
123/19 218
136/21 84
149/23 13
162/25 1
13/2 73054
163/25 1
150/23 21
137/21 90
124/19 251
111/17 672
98/15 1948
85/13 2231
157/24 7
72/11 4789
131/20 279
59/9 2231
164/25 1
105/16 1492
151/23 6
46/7 9282
125/19 186
79/12 2618
112/17 817
145/22 63
33/5 20602
152/23 14
119/18 634
86/13 2594
139/21 61
53/8 6630
126/19 205
73/11 1381
166/25 1
93/14 2538
113/17 769
133/20 268
153/23 6
20/3 48606
167/25 4
147/22 42
127/19 238
107/16 1627
87/13 2330
154/23 7
67/10 2226
114/17 808
161/24 2
47/7 8893
168/25 1
121/18 607
74/11 2645
175/26 1
101/15 1590
128/19 291
155/23 10
27/4 27800
142/21 88
115/17 598
88/13 3279
149/22 42
61/9 2308
156/23 5
95/14 3031
129/19 245
34/5 12366
143/21 51
109/16 1625
75/11 3700
116/17 719
157/23 12
41/6 13979
171/25 1
130/19 187
89/13 1881
137/20 181
48/7 12875
151/22 22
103/15 1478
158/23 10
55/8 7363
172/25 1
117/17 838
62/9 4293
131/19 194
69/10 6336
145/21 74
76/11 3582
159/23 8
83/12 3349
90/13 4535
97/14 1833
104/15 1988
111/16 1677
118/17 742
125/18 616
132/19 151
139/20 239
146/21 45
153/22 46
160/23 4
7 185615
169/24 1
162/23 4
155/22 40
148/21 27
141/20 237
134/19 134
127/18 660
120/17 672
113/16 1591
106/15 2169
99/14 3596
92/13 3251
85/12 5584
163/23 2
78/11 4257
149/21 54
71/10 2404
135/19 158
64/9 6240
121/17 601
178/25 1
57/8 9157
164/23 4
107/15 1664
157/22 24
50/7 11421
143/20 132
93/13 3068
136/19 231
43/6 14932
165/23 5
122/17 763
79/11 2288
115/16 1614
151/21 54
36/5 28175
137/19 170
101/14 2524
166/23 6
65/9 4576
159/22 24
94/13 3483
123/17 600
152/21 35
29/4 26699
167/23 2
138/19 173
109/15 1967
80/11 6937
131/18 596
51/7 10566
124/17 835
73/10 2744
168/23 2
95/13 2944
117/16 1468
139/19 221
161/22 11
22/3 56460
169/23 1
147/20 84
125/17 625
103/14 2909
81/11 4111
140/19 142
59/8 6853
155/21 23
96/13 3766
133/18 445
170/23 4
37/5 13942
163/22 23
126/17 555
89/12 4337
141/19 133
52/7 11751
171/23 2
119/16 1472
67/9 2756
149/20 132
82/11 3923
97/13 2449
112/15 1801
127/17 750
142/19 142
157/21 33
172/23 2
15/2 102270
173/23 1
158/21 32
143/19 118
128/17 648
113/15 1642
98/13 3896
181/24 1
83/11 2520
151/20 113
68/9 8378
121/16 1321
53/7 8459
144/19 123
91/12 5192
129/17 437
167/22 6
38/5 19956
175/23 1
137/18 562
99/13 2799
160/21 33
61/8 6789
145/19 93
84/11 7632
107/14 2677
130/17 481
153/20 132
176/23 1
23/3 45895
169/22 2
146/19 122
123/16 1616
100/13 3864
77/10 6881
131/17 621
54/7 11893
139/18 368
85/11 4297
116/15 2222
147/19 61
31/4 27738
163/21 7
132/17 514
101/13 3095
171/22 1
70/9 10136
109/14 3362
148/19 106
39/5 22484
164/21 30
125/16 1370
86/11 4242
133/17 524
180/23 1
47/6 20067
149/19 150
102/13 3390
157/20 92
55/7 11231
173/22 4
118/15 2054
63/8 10456
134/17 553
71/9 3224
150/19 120
79/10 3902
166/21 21
87/11 4736
95/12 6416
103/13 2470
111/14 3406
119/15 1625
127/16 1373
135/17 421
143/18 331
151/19 79
159/20 93
167/21 11
183/23 5
8 252692
177/22 2
169/21 13
161/20 61
153/19 84
145/18 312
137/17 442
129/16 1390
121/15 1683
113/14 2830
105/13 3658
97/12 5396
89/11 3771
170/21 14
81/10 6797
154/19 64
73/9 3499
138/17 462
65/8 13856
122/15 1967
179/22 2
57/7 10064
163/20 68
106/13 3900
155/19 61
49/6 22110
139/17 541
90/11 8121
131/16 1346
172/21 3
41/5 21607
156/19 98
115/14 3870
74/9 7980
181/22 4
107/13 3352
140/17 331
173/21 14
33/4 44325
157/19 74
124/15 1960
91/11 4478
149/18 292
58/7 11023
141/17 343
83/10 5184
108/13 3591
133/16 1336
158/19 63
25/3 62512
167/20 25
142/17 496
117/14 4030
92/11 6265
159/19 47
67/8 7241
176/21 4
109/13 3042
151/18 213
42/5 34552
143/17 242
101/12 6925
160/19 44
59/7 9636
135/16 967
76/9 9551
169/20 31
93/11 5807
110/13 3753
127/15 1474
144/17 390
161/19 60
17/2 104932
179/21 8
162/19 11
145/17 290
128/15 1930
111/13 2850
94/11 4921
171/20 28
77/9 5681
137/16 1082
60/7 17211
163/19 28
103/12 6139
146/17 314
43/5 21175
155/18 141
112/13 4029
181/21 1
69/8 9627
164/19 49
95/11 5671
121/14 2892
147/17 283
173/20 26
26/3 71165
165/19 25
139/16 1208
113/13 2538
87/10 8042
148/17 494
61/7 10286
157/18 127
96/11 9169
131/15 1405
166/19 14
35/4 41219
184/21 1
149/17 249
114/13 4037
79/9 4753
123/14 3132
167/19 28
44/5 35033
141/16 953
97/11 4773
150/17 228
53/6 27741
168/19 25
115/13 3384
177/20 14
62/7 11528
133/15 1268
71/8 5736
151/17 292
80/9 12876
169/19 40
89/10 6323
98/11 6772
107/12 6326
116/13 3316
125/14 3173
134/15 1652
143/16 1104
152/17 197
161/18 125
170/19 12
179/20 4
9 270792
190/21 5
181/20 1
172/19 27
163/18 101
154/17 206
145/16 874
136/15 1108
127/14 3718
118/13 3266
109/12 7615
100/11 6975
91/10 10597
173/19 15
82/9 8519
155/17 239
73/8 6826
137/15 1175
64/7 14531
183/20 12
119/13 3231
174/19 11
55/6 25722
156/17 171
101/11 4805
147/16 621
46/5 33929
175/19 14
129/14 2874
83/9 5623
120/13 2593
157/17 202
37/4 37912
176/19 10
139/15 1303
102/11 9110
167/18 84
65/7 13419
158/17 171
93/10 8739
121/13 2631
149/16 944
177/19 8
28/3 88104
187/20 4
159/17 168
131/14 3437
103/11 5501
75/8 14076
122/13 4140
169/18 76
47/5 28489
160/17 169
113/12 6696
179/19 6
66/7 12536
151/16 752
85/9 8474
189/20 4
104/11 8987
123/13 2797
142/15 1302
161/17 128
180/19 19
19/2 136145
181/19 1
162/17 116
143/15 958
124/13 3203
105/11 6039
86/9 10248
153/16 492
67/7 8906
182/19 4
115/12 8791
163/17 136
48/5 52780
173/18 42
125/13 3112
77/8 9186
183/19 13
106/11 6391
135/14 2217
164/17 170
29/3 78116
184/19 1
155/16 486
126/13 3325
97/10 9801
165/17 119
68/7 11563
175/18 43
107/11 5131
146/15 1111
185/19 8
39/4 60394
166/17 70
127/13 2614
88/9 14649
137/14 2910
49/5 35648
157/16 645
108/11 8926
167/17 144
59/6 29829
128/13 2746
69/7 8899
148/15 979
79/8 7618
168/17 59
89/9 7906
188/19 4
99/10 11980
109/11 4613
119/12 7857
129/13 2604
139/14 2220
149/15 854
159/16 412
169/17 65
179/18 47
10 344951
181/18 15
171/17 97
161/16 302
151/15 581
141/14 2126
131/13 2442
121/12 7850
111/11 6549
101/10 10302
91/9 9234
172/17 91
81/8 14288
152/15 611
71/7 8409
132/13 3072
61/6 28127
173/17 40
112/11 7889
163/16 310
51/5 44379
143/14 1784
92/9 13863
133/13 2258
174/17 43
41/4 45814
154/15 509
113/11 5212
185/18 5
72/7 25457
175/17 41
103/10 11305
134/13 2599
165/16 260
31/3 82448
176/17 64
145/14 2118
114/11 10038
83/8 8096
135/13 3007
187/18 6
52/5 46022
177/17 39
125/12 8391
73/7 7820
167/16 255
94/9 13518
115/11 7217
136/13 2344
157/15 561
178/17 36
21/2 173519
179/17 11
158/15 439
137/13 2298
116/11 7794
95/9 17008
169/16 223
74/7 9628
127/12 6888
180/17 29
53/5 37495
138/13 2143
85/8 10899
117/11 6425
149/14 1561
181/17 23
32/3 106421
171/16 216
139/13 2204
107/10 11166
182/17 44
75/7 13970
193/18 4
118/11 6637
161/15 368
43/4 53983
183/17 9
140/13 1836
97/9 9812
151/14 1759
54/5 50869
173/16 152
119/11 6348
184/17 15
65/6 22968
141/13 2189
76/7 12901
163/15 331
87/8 15262
185/17 8
98/9 13221
109/10 11317
120/11 6766
131/12 7649
142/13 2270
153/14 1476
164/15 277
175/16 120
186/17 21
197/18 4
11 384002
188/17 14
177/16 74
166/15 211
155/14 900
144/13 1710
133/12 6688
122/11 7621
111/10 14318
100/9 20711
189/17 18
89/8 12219
167/15 218
78/7 21395
145/13 1850
67/6 22810
123/11 5697
179/16 40
56/5 43840
157/14 1178
101/9 9808
146/13 1693
191/17 4
45/4 90348
169/15 158
124/11 7467
79/7 8819
192/17 1
113/10 14560
147/13 1390
181/16 54
34/3 116861
193/17 4
159/14 897
125/11 6000
91/8 16198
148/13 1697
57/5 44473
194/17 8
137/12 6209
80/7 26053
183/16 73
103/9 10636
126/11 7029
149/13 1644
172/15 81
195/17 1
23/2 168066
173/15 130
150/13 1513
127/11 5608
104/9 20748
185/16 10
81/7 13052
139/12 5510
58/5 46987
151/13 1251
93/8 20106
128/11 7854
163/14 490
35/3 92189
187/16 35
152/13 1441
117/10 15929
82/7 13001
129/11 5471
176/15 107
47/4 66783
153/13 1061
106/9 17598
165/14 648
59/5 39450
189/16 27
130/11 6203
71/6 18937
154/13 1151
83/7 8350
178/15 46
95/8 21473
107/9 12494
119/10 15137
131/11 5884
143/12 4670
155/13 1171
167/14 526
179/15 77
191/16 8
12 430380
193/16 13
181/15 53
169/14 428
157/13 1091
145/12 3964
133/11 5633
121/10 14648
109/9 12660
97/8 16150
182/15 38
85/7 16912
158/13 910
73/6 18499
134/11 6196
61/5 40793
171/14 494
110/9 22493
159/13 1150
49/4 70589
184/15 14
135/11 5378
86/7 14302
123/10 15413
160/13 737
197/16 13
37/3 88741
173/14 455
136/11 5120
99/8 28954
161/13 872
62/5 41554
149/12 3956
87/7 14838
112/9 17935
137/11 4855
162/13 1020
187/15 12
25/2 202917
188/15 30
163/13 808
138/11 5265
113/9 13943
88/7 28080
151/12 3673
63/5 43343
164/13 693
101/8 18850
139/11 5014
177/14 224
38/3 110888
165/13 749
127/10 14305
89/7 11627
140/11 4711
191/15 8
51/4 99990
166/13 514
115/9 16556
179/14 193
64/5 43489
141/11 4329
77/6 22004
167/13 548
90/7 29470
193/15 2
103/8 21418
116/9 18492
129/10 12916
142/11 4871
155/12 2645
168/13 524
181/14 150
13 451087
196/15 17
183/14 138
170/13 505
157/12 2532
144/11 4104
131/10 13569
118/9 18982
105/8 31527
92/7 22883
171/13 470
79/6 16400
145/11 4270
66/5 48309
185/14 104
119/9 12394
172/13 397
53/4 84224
146/11 4639
93/7 16643
133/10 12847
173/13 359
40/3 133307
187/14 37
147/11 3905
107/8 18872
174/13 353
67/5 33573
161/12 1615
94/7 18655
121/9 14719
148/11 3836
175/13 360
27/2 221344
176/13 350
149/11 3696
122/9 21146
95/7 22340
163/12 1741
68/5 32974
177/13 272
109/8 23051
150/11 2877
191/14 46
41/3 102290
178/13 229
137/10 10937
96/7 38608
151/11 2756
55/4 85817
179/13 218
124/9 17088
193/14 24
69/5 38578
152/11 3324
83/6 17602
180/13 235
97/7 14989
111/8 30945
125/9 13822
139/10 10891
153/11 2762
167/12 1221
181/13 148
195/14 23
14 553825
197/14 14
183/13 154
169/12 858
155/11 2980
141/10 9934
127/9 15232
113/8 21066
99/7 26544
184/13 162
85/6 28471
156/11 2507
71/5 28386
199/14 4
128/9 16718
185/13 161
57/4 97769
157/11 2329
100/7 35575
143/10 6627
186/13 139
43/3 98564
201/14 4
158/11 1951
115/8 32287
187/13 51
72/5 51618
173/12 653
101/7 20597
130/9 13066
159/11 1845
188/13 118
29/2 243126
218/15 4
189/13 128
160/11 2061
131/9 13384
102/7 32037
175/12 593
73/5 22946
190/13 53
117/8 32945
161/11 1952
44/3 136471
191/13 84
147/10 8128
103/7 15957
162/11 1479
59/4 91757
192/13 54
133/9 12263
74/5 29895
163/11 1705
89/6 25085
193/13 31
104/7 35649
119/8 26666
134/9 14405
149/10 7105
164/11 1637
179/12 361
194/13 24
15 503237
196/13 13
181/12 275
166/11 1384
151/10 6332
136/9 13354
121/8 26348
106/7 29335
197/13 19
91/6 41740
167/11 1225
76/5 33787
137/9 12466
198/13 22
61/4 95096
168/11 1457
107/7 19449
153/10 5212
199/13 4
46/3 127244
169/11 1021
123/8 25913
200/13 9
77/5 32138
185/12 96
108/7 39675
139/9 11139
170/11 891
31/2 248682
171/11 994
140/9 10612
109/7 25621
187/12 95
78/5 40616
125/8 29322
172/11 766
47/3 125338
157/10 4454
110/7 39925
173/11 629
63/4 88356
142/9 11672
79/5 22055
174/11 562
95/6 57176
111/7 24173
127/8 24735
143/9 8258
159/10 3954
175/11 688
191/12 48
16 614438
193/12 43
177/11 722
161/10 4196
145/9 9044
129/8 24355
113/7 19185
97/6 34557
178/11 536
81/5 32178
146/9 9462
65/4 77540
179/11 509
114/7 31589
163/10 3297
49/3 145070
180/11 515
131/8 26093
213/13 9
82/5 28930
197/12 17
115/7 32283
148/9 8200
181/11 532
33/2 263233
182/11 348
149/9 8193
116/7 35551
199/12 6
83/5 19237
133/8 25643
183/11 341
50/3 189709
167/10 2279
117/7 27741
184/11 289
67/4 78139
151/9 6790
84/5 67102
185/11 236
101/6 44567
118/7 34371
135/8 21528
152/9 6117
169/10 1913
186/11 146
203/12 18
17 543680
205/12 4
188/11 183
171/10 2058
154/9 5504
137/8 22572
120/7 36934
103/6 42778
189/11 179
86/5 33663
155/9 5576
69/4 70820
190/11 96
121/7 26350
173/10 1709
52/3 187287
191/11 184
139/8 21078
87/5 33363
122/7 34636
157/9 5568
192/11 148
35/2 249042
193/11 90
158/9 4675
123/7 28462
88/5 61725
141/8 17845
194/11 53
53/3 142658
177/10 1157
124/7 32110
195/11 78
71/4 58039
160/9 3658
89/5 25562
196/11 48
107/6 50034
125/7 28885
143/8 17281
161/9 3951
179/10 924
197/11 33
18 696884
199/11 26
181/10 801
163/9 3526
145/8 15423
127/7 22193
109/6 46163
91/5 47894
164/9 2874
73/4 51838
201/11 42
128/7 30605
183/10 762
55/3 181637
202/11 13
147/8 14359
92/5 47951
129/7 23860
166/9 2432
203/11 8
37/2 221193
204/11 25
167/9 2842
130/7 27510
93/5 38634
149/8 14568
205/11 8
56/3 195576
187/10 330
131/7 27358
206/11 4
75/4 73186
169/9 2148
94/5 47779
207/11 9
113/6 51744
132/7 26508
151/8 13026
170/9 1451
189/10 404
208/11 13
19 577489
191/10 280
172/9 1520
153/8 9759
134/7 29045
115/6 69205
96/5 98331
173/9 1859
77/4 54767
135/7 22277
193/10 127
58/3 183967
213/11 9
155/8 9144
97/5 36918
136/7 23739
175/9 1270
39/2 251175
215/11 4
176/9 1153
137/7 22651
98/5 66175
157/8 9839
216/11 9
59/3 161943
197/10 83
138/7 24470
79/4 37308
178/9 618
99/5 50938
218/11 4
119/6 51164
139/7 19357
159/8 7628
179/9 960
199/10 18
20 612637
201/10 27
181/9 834
161/8 6692
141/7 18495
121/6 53099
101/5 31811
182/9 700
81/4 58709
142/7 20086
203/10 27
61/3 159091
163/8 6781
102/5 82179
143/7 17168
184/9 609
41/2 220744
185/9 422
144/7 17954
103/5 42274
165/8 5058
62/3 180688
207/10 9
145/7 17649
83/4 36104
187/9 371
104/5 98885
125/6 56779
146/7 18622
167/8 4636
188/9 262
21 617698
190/9 257
169/8 3529
148/7 17826
127/6 47263
106/5 65028
191/9 270
85/4 54130
149/7 13590
64/3 164722
171/8 3432
107/5 38063
150/7 13362
193/9 212
43/2 214446
194/9 117
151/7 13684
108/5 86157
173/8 3144
65/3 124964
152/7 12945
87/4 58835
196/9 94
109/5 45593
131/6 47308
153/7 11923
175/8 2681
197/9 87
22 641453
199/9 22
177/8 2083
155/7 11145
133/6 42974
111/5 53540
200/9 62
89/4 41950
156/7 10315
67/3 115965
179/8 1461
112/5 91134
157/7 11246
202/9 40
45/2 316948
203/9 10
158/7 9132
113/5 50885
181/8 1464
68/3 133821
159/7 8710
91/4 68806
205/9 50
114/5 71918
137/6 37324
160/7 8496
183/8 1286
206/9 4
23 569621
208/9 13
185/8 778
162/7 7178
139/6 35639
116/5 67265
209/9 9
93/4 75319
163/7 5845
70/3 127096
187/8 681
117/5 56489
164/7 7117
211/9 4
47/2 234044
212/9 9
165/7 7383
118/5 71431
189/8 885
71/3 95723
166/7 5709
95/4 86583
214/9 9
119/5 50222
143/6 26909
167/7 5644
191/8 560
215/9 27
24 707954
217/9 18
193/8 406
169/7 4629
145/6 26554
121/5 50723
97/4 58338
170/7 3512
73/3 81480
195/8 296
122/5 64797
171/7 4403
220/9 9
49/2 250262
172/7 3518
123/5 54680
197/8 236
74/3 93090
173/7 3844
99/4 104235
124/5 67909
149/6 23617
174/7 2577
199/8 85
25 604964
201/8 66
176/7 2729
151/6 20269
126/5 64690
101/4 65663
177/7 2448
76/3 100955
203/8 70
127/5 44276
178/7 2086
51/2 339937
179/7 2061
128/5 64074
205/8 77
77/3 86646
180/7 2469
103/4 63018
129/5 46434
155/6 16451
181/7 2020
207/8 26
26 702588
209/8 13
183/7 1535
157/6 15895
131/5 43640
105/4 134640
184/7 1212
79/3 63154
132/5 53181
185/7 1178
53/2 266937
186/7 955
133/5 45097
80/3 138125
187/7 892
107/4 68287
134/5 55438
161/6 12202
188/7 677
215/8 9
27 621630
217/8 9
190/7 434
163/6 9732
136/5 38593
109/4 72302
191/7 506
82/3 83917
137/5 37791
192/7 598
55/2 309065
193/7 475
138/5 41791
83/3 46402
194/7 317
111/4 102120
139/5 35133
167/6 7317
195/7 486
28 725629
225/8 9
197/7 228
169/6 6835
141/5 34587
113/4 70286
198/7 165
85/3 68966
142/5 39492
199/7 261
57/2 312488
200/7 127
143/5 28190
86/3 81356
201/7 154
115/4 116238
144/5 32469
173/6 5258
202/7 87
29 622376
204/7 91
175/6 3856
146/5 35115
117/4 100184
205/7 84
88/3 150076
235/8 9
147/5 28119
206/7 27
59/2 284072
207/7 32
148/5 30337
89/3 55881
208/7 45
119/4 83603
149/5 24002
179/6 2881
209/7 18
30 747578
211/7 14
181/6 2616
151/5 22086
121/4 76928
212/7 4
91/3 88163
152/5 22304
213/7 9
61/2 276196
214/7 13
153/5 20920
92/3 114168
215/7 23
123/4 92902
154/5 19661
185/6 1390
216/7 8
31 632412
187/6 1055
156/5 18549
125/4 92327
94/3 100507
157/5 16965
220/7 27
63/2 261014
158/5 16845
95/3 105602
127/4 73917
159/5 15452
191/6 798
32 695284
225/7 23
193/6 673
161/5 13523
129/4 79866
97/3 65132
162/5 13230
65/2 211272
163/5 12396
98/3 144578
131/4 77330
164/5 11260
197/6 289
33 580855
199/6 59
166/5 9513
133/4 70862
100/3 180173
167/5 10109
67/2 217439
235/7 28
168/5 9246
101/3 75279
135/4 72569
169/5 8586
203/6 58
34 648276
205/6 70
171/5 7924
137/4 64343
103/3 70054
172/5 7242
69/2 191971
173/5 5903
104/3 190652
139/4 58120
174/5 4643
35 520239
176/5 5095
141/4 56172
106/3 126307
177/5 5075
71/2 164903
178/5 2986
107/3 77424
143/4 45067
179/5 3277
36 665554
217/6 14
181/5 3422
145/4 44098
109/3 79680
182/5 2668
73/2 140657
183/5 3148
110/3 177619
147/4 43589
184/5 2378
37 440915
186/5 1678
149/4 41430
112/3 192812
187/5 1693
75/2 176957
188/5 1338
113/3 82877
151/4 37116
189/5 2196
38 520246
191/5 1495
153/4 30608
115/3 122044
192/5 903
77/2 130452
193/5 925
116/3 142601
155/4 27178
194/5 663
39 488995
196/5 690
157/4 26348
118/3 137381
197/5 438
79/2 94752
198/5 474
119/3 89240
159/4 22899
199/5 253
40 552854
201/5 309
161/4 21297
121/3 82168
202/5 169
81/2 136784
203/5 130
122/3 134758
163/4 17430
204/5 255
41 419669
206/5 86
165/4 15071
124/3 138674
207/5 111
83/2 72600
208/5 103
125/3 95346
167/4 13559
209/5 18
42 591744
211/5 14
169/4 11100
127/3 81801
212/5 36
85/2 111251
213/5 54
128/3 123269
171/4 10591
214/5 9
43 370450
216/5 36
173/4 8561
130/3 101893
217/5 46
87/2 122865
218/5 9
131/3 74451
175/4 7825
219/5 9
44 519560
177/4 6096
133/3 81446
89/2 77676
134/3 94307
179/4 4772
45 578578
226/5 9
181/4 4665
136/3 80424
91/2 127017
137/3 62411
183/4 3974
46 468078
185/4 2370
139/3 61343
93/2 146205
140/3 71150
187/4 2054
47 391094
189/4 2372
142/3 73801
95/2 162624
143/3 49187
191/4 1594
48 626028
193/4 1049
145/3 48593
97/2 95358
146/3 58167
195/4 948
49 410751
197/4 677
148/3 53615
99/2 181267
149/3 41334
199/4 433
50 553350
201/4 254
151/3 36036
101/2 107024
152/3 38437
203/4 224
51 538578
205/4 139
154/3 34066
103/2 104688
155/3 31106
207/4 72
52 558913
209/4 37
157/3 30283
105/2 244037
158/3 28496
211/4 9
53 395893
213/4 32
160/3 23535
107/2 109664
161/3 23882
215/4 55
54 616019
217/4 50
163/3 20182
109/2 112763
164/3 17945
219/4 9
55 489698
166/3 15067
111/2 174859
167/3 15644
56 529430
169/3 13186
113/2 114502
170/3 9666
57 473051
172/3 10445
115/2 183494
173/3 10836
58 500251
175/3 9093
117/2 164463
176/3 7548
59 401693
178/3 5473
119/2 124969
179/3 6327
60 540313
181/3 5493
121/2 116317
182/3 4347
61 392846
184/3 3656
123/2 152968
185/3 3335
62 475442
187/3 2695
125/2 146762
188/3 2333
63 366061
190/3 1356
127/2 110669
191/3 1960
64 436067
193/3 1604
129/2 125178
194/3 840
65 308547
196/3 1116
131/2 108532
197/3 575
66 393143
199/3 264
133/2 106240
200/3 275
67 303754
202/3 250
135/2 111927
203/3 352
68 326533
205/3 427
137/2 93689
206/3 61
69 282220
208/3 172
139/2 84377
209/3 93
70 317982
211/3 46
141/2 85302
212/3 32
71 238730
214/3 23
143/2 67079
215/3 41
72 372144
217/3 45
145/2 67823
218/3 4
73 202365
220/3 55
147/2 66095
74 220076
149/2 57066
75 226339
226/3 9
151/2 52361
76 205145
153/2 48550
77 174312
155/2 41349
78 228966
235/3 9
157/2 39440
79 131351
159/2 34271
80 274154
161/2 32902
81 167344
163/2 27158
82 151398
165/2 24263
83 86272
167/2 21704
84 313689
169/2 16601
85 116240
171/2 16732
86 134658
173/2 14448
87 127850
175/2 12258
88 229499
177/2 10031
89 83489
179/2 7257
90 347976
181/2 6669
91 120947
183/2 5583
92 184020
185/2 4153
93 130916
187/2 3654
94 153219
189/2 3788
95 136541
191/2 2649
96 367894
193/2 2162
97 88303
195/2 1325
98 198688
197/2 908
99 157060
199/2 557
100 277841
201/2 791
101 91387
203/2 630
102 283949
205/2 355
103 94743
207/2 147
104 266977
209/2 54
105 206316
211/2 36
106 183192
213/2 137
107 97543
215/2 102
108 322253
217/2 101
109 101300
110 262485
111 153110
112 270339
225/2 8
113 107340
114 243884
115 155632
116 210325
117 146197
235/2 27
118 194342
119 112060
120 264379
121 106193
122 184150
123 135779
124 200294
125 125649
126 183007
127 102354
128 182401
129 122141
130 150904
131 103634
132 160760
133 102497
134 147978
135 105276
136 129204
137 90746
138 120672
139 88560
140 114854
141 87916
142 111771
143 71393
144 95237
145 70044
146 93894
147 65625
148 83798
149 60201
150 67739
151 59641
152 60253
153 56192
154 57533
155 48516
156 51997
157 45048
158 44985
159 38235
160 40727
161 38296
162 37542
163 31254
164 31578
165 29861
166 25657
167 27726
168 24710
169 22455
170 18807
171 20560
172 16833
173 16998
174 13500
175 14280
176 12763
177 12945
178 8824
179 10666
180 10022
181 8736
182 7083
183 7291
184 6807
185 4867
186 4311
187 4620
188 4133
189 4820
190 2963
191 3969
192 2486
193 2458
194 1475
195 1923
196 1448
197 1048
198 921
199 941
200 658
201 875
202 360
203 579
204 701
205 576
206 114
207 205
208 269
209 26
210 416
211 50
212 56
213 165
214 28
215 95
216 138
217 46
218 64
220 72
225 4
235 23
