9/5 2
17/9 1
2 45
23/11 2
21/10 1
15/7 2
13/6 17
24/11 22
11/5 5
20/9 27
29/13 1
9/4 6
25/11 1
16/7 3
23/10 4
30/13 7
7/3 30
33/14 1
26/11 2
19/8 1
31/13 4
29/12 4
22/9 1
32/13 2
5/2 55
28/11 1
18/7 13
31/12 2
13/5 11
34/13 1
21/8 12
29/11 4
37/14 1
8/3 40
27/10 3
19/7 1
30/11 3
11/4 32
25/9 2
14/5 25
31/11 5
17/6 13
20/7 5
23/8 8
26/9 15
29/10 2
32/11 18
35/12 2
38/13 3
3 398
46/15 5
43/14 1
40/13 1
34/11 12
31/10 10
28/9 20
25/8 28
22/7 18
19/6 20
35/11 11
16/5 113
45/14 1
29/9 9
42/13 1
13/4 191
49/15 1
36/11 67
23/7 21
33/10 123
43/13 2
10/3 399
47/14 3
37/11 11
27/8 98
44/13 8
17/5 93
41/12 28
24/7 14
55/16 1
31/9 28
38/11 95
45/13 8
52/15 2
7/2 727
46/13 4
39/11 35
32/9 67
57/16 2
25/7 46
43/12 11
18/5 150
47/13 10
29/8 57
40/11 30
51/14 3
11/3 231
48/13 2
37/10 44
26/7 28
41/11 23
15/4 305
49/13 12
34/9 68
53/14 4
19/5 134
42/11 31
23/6 55
50/13 3
27/7 15
31/8 83
35/9 64
39/10 24
43/11 35
47/12 24
51/13 4
55/14 2
63/16 1
4 2207
61/15 1
57/14 1
53/13 4
49/12 25
45/11 30
41/10 46
37/9 97
33/8 167
62/15 1
29/7 33
25/6 162
46/11 46
21/5 160
59/14 3
38/9 152
55/13 4
17/4 374
47/11 36
30/7 117
43/10 92
56/13 5
13/3 626
61/14 2
48/11 36
35/8 109
57/13 4
22/5 188
53/12 24
31/7 59
40/9 186
49/11 30
58/13 4
9/2 1498
59/13 4
50/11 57
41/9 92
32/7 390
55/12 11
23/5 256
60/13 2
37/8 121
51/11 21
65/14 1
14/3 1462
61/13 3
47/10 42
33/7 202
52/11 33
19/4 709
62/13 2
43/9 97
67/14 1
24/5 519
53/11 37
29/6 178
34/7 170
39/8 434
44/9 186
49/10 82
54/11 15
59/12 15
5 7137
66/13 1
61/12 9
56/11 11
51/10 57
46/9 278
41/8 261
36/7 766
31/6 162
57/11 22
26/5 185
47/9 185
21/4 1486
58/11 17
37/7 160
53/10 103
16/3 2852
59/11 23
43/8 287
27/5 394
65/12 9
38/7 378
49/9 108
60/11 20
11/2 3261
72/13 1
61/11 14
50/9 279
39/7 503
67/12 4
28/5 374
45/8 416
62/11 18
17/3 1859
57/10 72
40/7 840
63/11 18
23/4 1184
52/9 225
29/5 222
64/11 16
35/6 616
41/7 223
47/8 422
53/9 137
59/10 79
65/11 12
71/12 2
6 8264
73/12 1
67/11 1
61/10 93
55/9 133
49/8 393
43/7 453
37/6 582
68/11 1
31/5 183
56/9 202
25/4 1581
69/11 12
44/7 639
63/10 40
19/3 1924
70/11 7
51/8 621
32/5 528
45/7 767
58/9 188
71/11 6
13/2 4664
59/9 107
46/7 644
33/5 1007
53/8 518
20/3 2900
67/10 33
47/7 493
74/11 1
27/4 1643
61/9 100
34/5 301
75/11 2
41/6 800
48/7 587
55/8 486
62/9 124
69/10 32
76/11 4
7 13164
71/10 25
64/9 27
57/8 503
50/7 888
43/6 824
36/5 1431
65/9 29
29/4 1681
51/7 719
73/10 8
22/3 3690
59/8 444
37/5 402
52/7 943
67/9 44
15/2 5878
68/9 61
53/7 463
38/5 840
61/8 430
23/3 3435
77/10 5
54/7 822
31/4 1265
70/9 21
39/5 1064
47/6 1341
55/7 584
63/8 347
71/9 33
79/10 4
8 16786
81/10 12
73/9 10
65/8 239
57/7 784
49/6 1531
41/5 1265
74/9 16
33/4 1480
58/7 791
25/3 3829
67/8 344
42/5 2685
59/7 673
76/9 9
17/2 5719
77/9 1
60/7 498
43/5 839
69/8 156
26/3 4572
61/7 705
35/4 895
44/5 2029
53/6 2249
62/7 615
71/8 128
9 16900
73/8 169
64/7 462
55/6 1535
46/5 2054
37/4 1026
65/7 383
28/3 4904
75/8 76
47/5 1580
66/7 312
19/2 7166
67/7 385
48/5 4427
77/8 33
29/3 4516
68/7 342
39/4 2296
49/5 2392
59/6 2287
69/7 243
79/8 5
10 19280
81/8 18
71/7 236
61/6 1816
51/5 2242
41/4 1486
72/7 153
31/3 3649
52/5 2679
73/7 114
21/2 11593
74/7 116
53/5 1936
85/8 4
32/3 5218
75/7 103
43/4 2369
54/5 3353
65/6 1124
76/7 116
11 22094
78/7 51
67/6 1082
56/5 3107
45/4 5360
79/7 39
34/3 3559
57/5 2249
80/7 8
23/2 9280
81/7 28
58/5 2975
35/3 2480
47/4 3893
59/5 1860
71/6 610
83/7 13
12 26218
73/6 517
61/5 2321
49/4 3862
37/3 2198
62/5 2484
25/2 12819
63/5 1736
38/3 3321
51/4 6973
64/5 1665
77/6 160
13 28122
79/6 131
66/5 1549
53/4 5115
40/3 7018
67/5 1433
27/2 14195
68/5 1149
41/3 4242
55/4 5519
69/5 1276
83/6 35
14 32977
71/5 903
57/4 5767
43/3 3916
72/5 565
29/2 14259
73/5 541
44/3 7716
59/4 5238
74/5 528
15 25600
76/5 360
61/4 5397
46/3 6567
77/5 367
31/2 11762
78/5 232
47/3 6095
63/4 4121
79/5 225
16 29832
81/5 154
65/4 3540
49/3 8059
82/5 49
33/2 8297
83/5 31
50/3 12266
67/4 3444
84/5 85
17 20491
86/5 45
69/4 2109
52/3 11294
87/5 18
35/2 5923
53/3 5847
71/4 1915
18 29930
73/4 1462
55/3 9109
37/2 3691
56/3 11249
75/4 937
19 21616
77/4 562
58/3 9921
39/2 7198
59/3 6712
79/4 411
20 26186
81/4 320
61/3 6783
41/2 5989
62/3 7734
83/4 81
21 30789
85/4 64
64/3 5772
43/2 6258
65/3 3899
87/4 37
22 30487
67/3 3714
45/2 15430
68/3 3241
23 24539
70/3 2348
47/2 8718
71/3 2397
24 37673
73/3 1907
49/2 10639
74/3 1332
25 28591
76/3 928
51/2 15972
77/3 1025
26 38395
79/3 817
53/2 11265
80/3 461
27 31408
82/3 170
55/2 14827
83/3 200
28 35708
85/3 32
57/2 13519
86/3 55
29 29184
59/2 11517
30 25554
61/2 11149
31 27256
63/2 8684
32 24261
65/2 6649
33 18402
67/2 6940
34 14799
69/2 4682
35 13259
71/2 4159
36 18993
73/2 2928
37 8410
75/2 2183
38 8957
77/2 1456
39 9923
79/2 1138
40 17736
81/2 760
41 8502
83/2 355
42 21947
85/2 111
43 7655
87/2 88
44 17805
45 15990
46 15301
93/2 32
47 10855
48 32616
49 11733
50 22687
51 15480
52 22990
53 11023
54 25212
55 16230
56 22666
57 13754
58 19344
59 11686
60 17220
61 11858
62 16741
63 9093
64 12847
65 7781
66 10551
67 8351
68 8460
69 6594
70 6031
71 5632
72 4604
73 4344
74 3876
75 3221
76 2144
77 2270
78 1310
79 1617
80 1294
81 1149
82 537
83 437
84 604
85 264
86 121
87 46
90 97
91 23
