13/6 2
9/4 1
16/7 3
7/3 5
8/3 9
11/4 5
14/5 7
17/6 2
20/7 5
23/8 1
3 89
25/8 1
22/7 4
19/6 4
16/5 19
13/4 30
23/7 2
10/3 28
17/5 11
24/7 1
7/2 87
25/7 3
18/5 21
11/3 14
15/4 55
19/5 14
23/6 24
4 224
29/7 2
25/6 20
21/5 13
17/4 25
13/3 16
22/5 19
9/2 156
23/5 23
14/3 80
19/4 60
24/5 12
29/6 4
5 635
31/6 2
26/5 14
21/4 154
16/3 270
27/5 4
11/2 438
28/5 21
17/3 57
23/4 140
29/5 7
6 567
31/5 5
25/4 210
19/3 79
32/5 8
13/2 441
33/5 4
20/3 275
27/4 184
7 870
29/4 151
22/3 270
15/2 148
23/3 201
31/4 101
8 1176
33/4 43
25/3 537
17/2 68
26/3 600
35/4 9
9 1237
28/3 396
19/2 282
29/3 491
10 1100
31/3 230
21/2 928
32/3 158
11 1728
34/3 36
23/2 599
35/3 36
12 1933
25/2 993
13 2454
27/2 1049
14 2090
29/2 946
15 1044
31/2 603
16 865
33/2 326
17 357
35/2 125
18 1041
37/2 23
19 518
39/2 14
20 1300
21 1515
22 1638
23 962
24 2951
25 1227
26 2307
27 1463
28 2189
29 1378
30 880
31 1156
32 771
33 493
34 321
35 216
36 130
37 88
