3/2 3
11/7 1
13/8 1
2 16
9/4 1
19/8 1
17/7 1
5/2 8
18/7 1
13/5 2
8/3 13
19/7 1
11/4 1
17/6 2
20/7 1
26/9 2
3 105
28/9 1
25/8 1
22/7 9
19/6 1
16/5 4
13/4 8
23/7 10
10/3 108
27/8 13
17/5 15
24/7 75
31/9 1
7/2 135
25/7 13
18/5 230
29/8 7
11/3 118
26/7 49
15/4 74
34/9 1
19/5 27
23/6 29
27/7 30
31/8 5
35/9 1
4 767
33/8 3
29/7 14
25/6 71
21/5 184
17/4 52
30/7 21
13/3 133
35/8 4
22/5 83
31/7 33
9/2 378
32/7 18
23/5 76
37/8 1
14/3 136
33/7 26
19/4 42
24/5 266
29/6 93
34/7 22
39/8 4
5 1357
41/8 4
36/7 4
31/6 76
26/5 192
21/4 159
37/7 14
16/3 251
27/5 130
38/7 17
11/2 474
39/7 16
28/5 225
17/3 154
40/7 5
23/4 160
29/5 138
35/6 59
6 1196
37/6 91
31/5 121
25/4 132
19/3 144
32/5 134
45/7 4
13/2 825
33/5 117
20/3 583
27/4 508
34/5 124
41/6 25
7 2093
43/6 12
36/5 94
29/4 248
22/3 501
37/5 70
15/2 1712
38/5 76
23/3 254
31/4 388
39/5 68
8 3144
41/5 69
33/4 779
25/3 585
42/5 23
17/2 1462
43/5 8
26/3 714
35/4 696
44/5 23
9 2303
37/4 670
28/3 1020
47/5 9
19/2 940
29/3 1058
39/4 461
10 3627
41/4 344
31/3 1158
21/2 594
32/3 1395
43/4 186
11 3162
45/4 64
34/3 1767
23/2 532
35/3 1171
47/4 17
12 3638
49/4 18
37/3 1061
25/2 1238
38/3 908
13 3334
40/3 505
27/2 1750
41/3 489
14 4093
43/3 259
29/2 1728
44/3 126
15 5571
46/3 84
31/2 2186
47/3 76
16 5440
49/3 9
33/2 2907
17 5500
35/2 2248
18 4923
37/2 2281
19 3882
39/2 1254
20 2697
41/2 1218
21 2113
43/2 673
22 1393
45/2 325
23 1189
47/2 249
24 3774
49/2 46
25 1654
26 2564
27 2501
28 3572
29 2351
30 7025
31 2697
32 4576
33 3386
34 5016
35 2507
36 4386
37 2639
38 3284
39 2039
40 1873
41 1913
42 1189
43 1062
44 660
45 633
46 287
47 397
48 167
49 111
