20/11 1
13/7 1
2 20
23/11 1
17/8 2
15/7 1
13/6 6
24/11 4
11/5 5
29/13 1
9/4 12
16/7 25
7/3 28
19/8 1
12/5 47
17/7 2
22/9 6
32/13 16
5/2 12
38/15 5
28/11 20
18/7 19
31/12 1
13/5 12
34/13 9
21/8 4
29/11 2
8/3 101
43/16 2
35/13 1
46/17 1
19/7 11
30/11 22
41/15 2
11/4 25
36/13 10
25/9 2
39/14 1
14/5 24
45/16 2
31/11 2
17/6 48
20/7 21
43/15 2
23/8 2
26/9 1
29/10 4
32/11 15
35/12 2
38/13 6
41/14 2
47/16 1
56/19 1
3 1090
52/17 2
49/16 1
46/15 9
43/14 4
40/13 34
37/12 8
34/11 25
31/10 5
28/9 33
25/8 33
47/15 3
22/7 42
41/13 44
19/6 47
54/17 1
35/11 26
51/16 8
16/5 81
45/14 20
29/9 22
42/13 51
55/17 2
13/4 91
49/15 9
36/11 128
59/18 3
23/7 103
56/17 3
33/10 327
43/13 14
53/16 8
10/3 292
47/14 25
37/11 18
64/19 2
27/8 75
44/13 18
17/5 149
58/17 6
41/12 34
24/7 145
55/16 10
31/9 30
38/11 36
45/13 95
52/15 18
59/17 1
66/19 1
7/2 1207
60/17 3
53/15 11
46/13 21
39/11 50
32/9 48
57/16 4
25/7 78
68/19 1
43/12 46
61/17 3
18/5 1160
47/13 38
29/8 59
40/11 43
51/14 111
62/17 2
11/3 546
59/16 8
48/13 137
37/10 42
63/17 4
26/7 175
41/11 38
56/15 16
15/4 721
64/17 8
49/13 16
34/9 84
53/14 41
19/5 308
61/16 10
42/11 180
65/17 2
23/6 328
50/13 62
27/7 245
58/15 21
31/8 60
66/17 8
35/9 83
39/10 923
43/11 36
47/12 62
51/13 66
55/14 32
59/15 24
63/16 7
67/17 5
71/18 1
4 4945
73/18 2
69/17 2
65/16 12
61/15 13
57/14 89
53/13 29
49/12 113
45/11 325
41/10 124
37/9 90
70/17 2
33/8 316
62/15 20
29/7 136
54/13 205
25/6 476
71/17 2
46/11 116
67/16 19
21/5 1430
59/14 83
38/9 168
55/13 85
72/17 1
17/4 913
81/19 1
64/15 27
47/11 114
77/18 2
30/7 203
73/17 4
43/10 175
56/13 73
69/16 11
13/3 990
74/17 4
61/14 46
48/11 428
35/8 159
57/13 138
79/18 1
22/5 914
75/17 4
53/12 175
31/7 228
71/16 18
40/9 455
49/11 127
58/13 88
67/15 23
76/17 3
9/2 4083
77/17 3
68/15 21
59/13 69
50/11 175
41/9 129
73/16 12
32/7 649
55/12 131
78/17 2
23/5 892
83/18 1
60/13 83
37/8 224
51/11 259
65/14 84
79/17 1
14/3 1867
75/16 9
61/13 66
47/10 205
80/17 2
33/7 219
52/11 320
71/15 8
19/4 1178
81/17 2
62/13 85
43/9 229
67/14 71
24/5 1899
77/16 9
53/11 179
82/17 1
29/6 692
63/13 65
34/7 175
73/15 10
39/8 568
44/9 562
49/10 369
54/11 384
59/12 220
64/13 82
69/14 73
74/15 20
79/16 7
84/17 1
89/18 1
5 14927
86/17 1
81/16 12
76/15 16
71/14 64
66/13 79
61/12 267
56/11 365
51/10 592
46/9 822
87/17 2
41/8 301
77/15 11
36/7 691
67/13 78
31/6 843
57/11 321
83/16 7
26/5 1998
73/14 54
47/9 280
68/13 62
89/17 1
21/4 1755
79/15 11
58/11 330
37/7 292
90/17 2
53/10 397
69/13 65
85/16 5
16/3 3484
91/17 1
75/14 41
59/11 275
43/8 341
70/13 55
27/5 1868
65/12 260
38/7 442
87/16 14
49/9 354
60/11 487
71/13 60
82/15 16
11/2 6663
83/15 6
72/13 83
61/11 205
50/9 1083
89/16 10
39/7 307
67/12 242
28/5 2111
73/13 64
45/8 1727
62/11 340
79/14 72
96/17 1
17/3 3212
91/16 2
74/13 47
57/10 574
40/7 2189
63/11 201
86/15 1
23/4 2076
75/13 67
52/9 984
81/14 57
29/5 1927
64/11 292
35/6 940
76/13 44
41/7 254
88/15 1
47/8 492
53/9 568
59/10 521
65/11 212
71/12 193
77/13 60
83/14 13
6 17666
97/16 1
91/15 1
85/14 18
79/13 55
73/12 261
67/11 271
61/10 726
55/9 929
49/8 548
92/15 1
43/7 552
80/13 30
37/6 945
68/11 334
31/5 1628
87/14 32
56/9 1277
81/13 40
25/4 2935
69/11 240
44/7 1173
63/10 788
82/13 24
19/3 5025
89/14 12
70/11 331
51/8 1414
83/13 37
32/5 1902
77/12 198
45/7 1819
58/9 1026
71/11 286
84/13 25
97/15 1
13/2 10746
98/15 1
85/13 26
72/11 205
59/9 849
46/7 699
79/12 157
33/5 1713
86/13 20
53/8 1108
73/11 215
93/14 9
20/3 8826
87/13 38
67/10 614
47/7 566
74/11 288
27/4 5365
88/13 7
61/9 701
95/14 5
34/5 1822
75/11 149
41/6 903
89/13 21
48/7 2600
103/15 1
55/8 1509
62/9 1097
69/10 630
76/11 293
83/12 147
90/13 20
97/14 5
7 28921
99/14 1
92/13 13
85/12 98
78/11 132
71/10 642
64/9 1347
57/8 1608
50/7 2048
93/13 22
43/6 785
79/11 172
36/5 4320
101/14 5
65/9 1088
94/13 9
29/4 4948
80/11 155
51/7 1362
73/10 661
95/13 6
22/3 10079
81/11 234
59/8 1130
96/13 1
37/5 1589
89/12 59
52/7 2441
67/9 808
82/11 230
97/13 12
15/2 15039
98/13 6
83/11 120
68/9 1135
53/7 927
91/12 50
38/5 1613
99/13 9
61/8 1436
84/11 99
23/3 7826
100/13 2
77/10 596
54/7 2435
85/11 129
31/4 5616
70/9 899
39/5 2755
86/11 148
47/6 1200
102/13 12
55/7 1717
63/8 2021
71/9 713
79/10 444
87/11 129
95/12 28
103/13 10
8 42034
97/12 19
89/11 75
81/10 542
73/9 871
65/8 2279
57/7 2440
106/13 4
49/6 2096
90/11 85
41/5 1578
74/9 960
33/4 7596
91/11 60
58/7 1902
83/10 510
25/3 10140
92/11 63
67/8 1834
42/5 4251
101/12 4
59/7 2092
76/9 976
93/11 41
17/2 17923
94/11 47
77/9 743
60/7 3232
43/5 1100
69/8 2610
95/11 34
26/3 10668
87/10 349
61/7 1843
96/11 30
35/4 7001
79/9 695
44/5 2985
97/11 32
53/6 2186
62/7 2186
71/8 1987
80/9 611
89/10 295
98/11 47
9 43391
100/11 31
91/10 287
82/9 527
73/8 2027
64/7 3667
55/6 5124
101/11 20
46/5 2072
83/9 560
37/4 7364
102/11 13
65/7 2964
93/10 181
28/3 12388
103/11 13
75/8 2427
47/5 1575
66/7 3817
85/9 393
104/11 5
19/2 22026
86/9 637
67/7 2187
48/5 6035
77/8 1866
29/3 13647
97/10 94
68/7 2906
39/4 6363
88/9 346
49/5 3226
108/11 1
59/6 3425
69/7 2046
79/8 2435
89/9 387
99/10 122
109/11 4
10 52459
111/11 4
101/10 56
91/9 245
81/8 1502
71/7 3134
61/6 3576
51/5 3113
92/9 273
41/4 5407
113/11 4
72/7 3413
103/10 51
31/3 14568
83/8 1671
52/5 5073
73/7 2323
94/9 183
21/2 22630
95/9 170
74/7 3018
53/5 2357
85/8 1260
32/3 15761
107/10 22
75/7 2826
43/4 3845
97/9 137
54/5 5461
65/6 8260
76/7 2699
87/8 1462
98/9 76
109/10 13
11 57071
100/9 74
89/8 1249
78/7 2595
67/6 5345
56/5 9533
101/9 68
45/4 5584
79/7 2371
34/3 19945
91/8 774
57/5 6412
80/7 1944
103/9 26
23/2 23199
104/9 33
81/7 2123
58/5 5511
93/8 572
35/3 15039
82/7 2167
47/4 3363
106/9 13
59/5 3160
71/6 6935
83/7 1667
95/8 647
107/9 13
12 64755
109/9 12
97/8 427
85/7 1820
73/6 7002
61/5 4300
49/4 4581
86/7 1740
37/3 15672
99/8 307
62/5 7037
87/7 1503
112/9 4
25/2 25591
113/9 4
88/7 1461
63/5 9775
101/8 223
38/3 17202
89/7 1457
51/4 7171
115/9 4
64/5 10331
77/6 6309
90/7 987
103/8 115
13 59698
105/8 129
92/7 968
79/6 5323
66/5 10237
53/4 4503
93/7 1006
40/3 16659
107/8 86
67/5 5278
94/7 721
27/2 33209
95/7 844
68/5 9418
109/8 55
41/3 12289
96/7 502
55/4 9867
69/5 7674
83/6 4213
97/7 616
111/8 32
14 75961
113/8 9
99/7 420
85/6 3237
71/5 6665
57/4 14000
100/7 310
43/3 8376
115/8 22
72/5 10120
101/7 350
29/2 31613
102/7 314
73/5 8312
44/3 14246
103/7 186
59/4 7218
74/5 9703
89/6 2821
104/7 189
15 77114
106/7 127
91/6 2220
76/5 7979
61/4 8995
107/7 93
46/3 11071
77/5 5885
108/7 58
31/2 36143
109/7 44
78/5 6843
47/3 6828
110/7 53
63/4 17231
79/5 6584
95/6 1178
111/7 38
16 84794
113/7 2
97/6 915
81/5 6326
65/4 17958
114/7 22
49/3 9866
82/5 6203
115/7 11
33/2 43567
83/5 5924
50/3 14862
67/4 11728
84/5 4472
101/6 614
17 80048
120/7 4
103/6 395
86/5 4090
69/4 15876
52/3 15226
87/5 4028
122/7 4
35/2 36772
88/5 3749
53/3 7651
71/4 13872
89/5 3314
107/6 242
18 87396
109/6 126
91/5 2563
73/4 12501
55/3 17019
92/5 2506
37/2 40237
93/5 2481
56/3 23959
75/4 14795
94/5 1954
113/6 54
19 82127
96/5 1531
77/4 13269
58/3 18069
97/5 1421
39/2 30550
98/5 1412
59/3 10089
79/4 13111
99/5 1230
20 86729
101/5 872
81/4 11122
61/3 11681
102/5 669
41/2 30360
103/5 700
62/3 20074
83/4 10919
104/5 641
21 74919
106/5 469
85/4 7813
64/3 28364
107/5 391
43/2 21215
108/5 304
65/3 25570
87/4 7503
109/5 207
22 77928
111/5 92
89/4 6782
67/3 13963
112/5 101
45/2 23267
113/5 54
68/3 27029
91/4 5492
114/5 95
23 65929
93/4 4122
70/3 30763
117/5 31
47/2 13652
71/3 17989
95/4 3464
24 81037
97/4 2480
73/3 17068
122/5 4
49/2 14941
74/3 23372
99/4 1911
25 65983
101/4 1457
76/3 21766
51/2 17629
77/3 15037
103/4 982
26 71891
105/4 975
79/3 14830
53/2 10531
80/3 15148
107/4 587
27 74468
109/4 348
82/3 15745
55/2 23431
83/3 10652
111/4 177
28 71057
113/4 95
85/3 9259
57/2 32802
86/3 10136
115/4 93
29 65292
117/4 14
88/3 8663
59/2 15074
89/3 7870
30 108405
91/3 6400
61/2 18636
92/3 5549
31 72873
94/3 4029
63/2 37294
95/3 4109
32 80015
97/3 3498
65/2 38496
98/3 2602
33 83388
100/3 2241
67/2 21571
101/3 2003
34 98572
103/3 1306
69/2 35770
104/3 1275
35 69293
106/3 798
71/2 26624
107/3 782
36 88146
109/3 509
73/2 25245
110/3 229
37 71060
112/3 295
75/2 32160
113/3 134
38 77938
115/3 58
77/2 22785
116/3 18
39 59626
79/2 21913
40 61545
81/2 20535
122/3 9
41 56935
83/2 18297
42 55381
85/2 15001
43 38652
87/2 13554
44 40078
89/2 11742
45 39018
91/2 10518
46 29307
93/2 8419
47 24723
95/2 6900
48 51995
97/2 5383
49 22228
99/2 3727
50 30374
101/2 2897
51 22272
103/2 2077
52 34197
105/2 2117
53 13841
107/2 1272
54 47461
109/2 571
55 26302
111/2 423
56 45235
113/2 198
57 31090
115/2 195
58 33648
117/2 78
59 16641
60 83516
61 19193
62 37579
63 35773
64 49181
65 37077
66 56714
67 21564
68 51532
69 35358
70 49416
71 25621
72 53171
73 24745
74 41035
75 31747
76 41723
77 22513
78 34550
79 25024
80 29690
81 22888
82 32173
83 18857
84 24253
85 16640
86 20980
87 15602
88 16660
89 14920
90 14287
91 13142
92 12051
93 9813
94 9929
95 8920
96 7739
97 7010
98 6234
99 5795
100 4768
101 4305
102 2960
103 2527
104 2589
105 2371
106 1738
107 1769
108 1423
109 1196
110 648
111 732
112 669
113 356
114 234
115 145
116 42
117 69
120 147
122 28
