20/9 1
9/4 26
16/7 2
23/10 4
7/3 2
26/11 1
12/5 1
22/9 1
27/11 3
5/2 46
28/11 2
23/9 1
18/7 5
13/5 31
29/11 4
8/3 33
27/10 3
19/7 5
30/11 1
11/4 34
25/9 3
14/5 9
31/11 1
20/7 1
26/9 8
3 327
31/10 6
28/9 13
25/8 9
22/7 23
19/6 15
35/11 6
16/5 19
29/9 16
13/4 66
23/7 11
33/10 10
10/3 65
37/11 1
27/8 25
17/5 25
24/7 67
31/9 14
7/2 310
39/11 3
32/9 17
25/7 3
18/5 15
29/8 17
40/11 2
11/3 149
37/10 5
26/7 15
15/4 236
34/9 22
19/5 16
23/6 39
27/7 60
31/8 34
35/9 13
39/10 4
43/11 4
4 1121
45/11 1
41/10 10
37/9 7
33/8 110
29/7 59
25/6 79
46/11 1
21/5 283
38/9 25
17/4 268
30/7 284
43/10 7
13/3 461
35/8 111
22/5 62
31/7 85
40/9 9
9/2 599
41/9 19
32/7 125
23/5 17
37/8 70
14/3 579
47/10 5
33/7 135
19/4 313
43/9 16
24/5 432
29/6 142
34/7 156
39/8 107
44/9 9
49/10 4
5 3083
51/10 3
46/9 14
41/8 79
36/7 206
31/6 259
26/5 158
47/9 6
21/4 383
37/7 111
16/3 577
43/8 67
27/5 381
38/7 214
49/9 2
11/2 1111
50/9 3
39/7 94
28/5 358
45/8 52
17/3 671
57/10 1
40/7 204
23/4 232
52/9 5
29/5 185
35/6 402
41/7 116
47/8 49
53/9 6
6 4346
55/9 1
49/8 51
43/7 135
37/6 361
31/5 180
25/4 321
44/7 150
19/3 1004
51/8 45
32/5 784
45/7 175
13/2 1950
46/7 148
33/5 818
53/8 13
20/3 791
47/7 119
27/4 390
34/5 564
41/6 508
48/7 143
55/8 23
7 4778
57/8 12
50/7 75
43/6 378
36/5 983
29/4 287
51/7 54
22/3 1293
59/8 6
37/5 506
52/7 23
15/2 2711
53/7 74
38/5 899
23/3 997
54/7 46
31/4 341
39/5 621
47/6 384
55/7 28
63/8 4
8 5984
57/7 16
49/6 324
41/5 605
33/4 1185
58/7 5
25/3 627
42/5 702
59/7 4
17/2 2860
60/7 2
43/5 718
26/3 1191
35/4 1370
44/5 779
53/6 208
9 6443
55/6 118
46/5 715
37/4 1118
28/3 1718
47/5 447
19/2 4233
48/5 318
29/3 598
39/4 2419
49/5 516
59/6 21
10 9672
61/6 26
51/5 261
41/4 1362
31/3 865
52/5 450
21/2 4739
53/5 317
32/3 2428
43/4 1731
54/5 184
11 9294
56/5 102
45/4 2386
34/3 2097
57/5 134
23/2 4845
58/5 97
35/3 3002
47/4 2214
59/5 115
12 9619
61/5 35
49/4 1329
37/3 1923
62/5 27
25/2 3066
63/5 22
38/3 3483
51/4 1400
13 8837
53/4 836
40/3 6236
27/2 2432
41/3 2585
55/4 635
14 10246
57/4 398
43/3 2588
29/2 1222
44/3 4132
59/4 259
15 9182
61/4 67
46/3 3399
31/2 1428
47/3 2747
63/4 53
16 8849
49/3 2244
33/2 4067
50/3 2083
67/4 18
17 9305
52/3 1493
35/2 4826
53/3 1271
18 14093
55/3 649
37/2 3418
56/3 614
19 12806
58/3 457
39/2 7370
59/3 339
20 13212
61/3 190
41/2 4370
62/3 49
21 13231
64/3 69
43/2 4834
65/3 9
22 14115
67/3 9
45/2 6517
23 13426
47/2 4618
24 9986
49/2 3683
25 9117
51/2 2958
26 6070
53/2 2422
27 6093
55/2 1630
28 5847
57/2 1185
29 3095
59/2 743
30 6697
61/2 294
31 2318
63/2 271
32 6642
65/2 41
33 5594
67/2 61
34 6383
35 5654
36 13349
37 3945
38 8922
39 8314
40 12944
41 5109
42 11333
43 5501
44 9877
45 7149
46 9369
47 5369
48 6461
49 4879
50 6050
51 4080
52 4157
53 3333
54 3242
55 2410
56 2248
57 1701
58 1179
59 1130
60 662
61 611
62 302
63 528
64 263
65 70
66 23
67 41
