2 18
53/26 2
33/16 1
64/31 1
25/12 19
23/11 7
40/19 1
19/9 4
53/25 2
17/8 11
32/15 16
15/7 3
43/20 3
28/13 3
13/6 41
50/23 2
24/11 38
35/16 1
46/21 5
11/5 3
64/29 1
53/24 12
42/19 1
31/14 7
51/23 1
20/9 6
29/13 19
38/17 3
9/4 74
52/23 1
43/19 2
34/15 1
41/18 6
16/7 66
55/24 2
39/17 4
23/10 10
30/13 34
37/16 11
44/19 1
51/22 3
58/25 1
7/3 106
54/23 4
40/17 6
33/14 26
59/25 1
26/11 9
64/27 1
19/8 64
31/13 11
74/31 2
43/18 1
12/5 73
53/22 1
41/17 3
29/12 9
46/19 6
17/7 25
73/30 1
56/23 7
39/16 11
61/25 1
22/9 46
49/20 3
27/11 21
32/13 79
69/28 1
37/15 2
42/17 11
57/23 1
62/25 2
72/29 17
97/39 1
5/2 414
73/29 1
68/27 9
63/25 3
58/23 11
48/19 16
43/17 2
81/32 4
38/15 16
33/13 6
61/24 18
28/11 133
51/20 26
23/9 15
64/25 14
41/16 9
59/23 5
77/30 1
18/7 154
67/26 2
31/12 25
75/29 3
44/17 51
57/22 3
70/27 2
13/5 93
86/33 1
73/28 9
60/23 26
47/18 7
34/13 38
55/21 4
76/29 6
21/8 101
71/27 1
50/19 8
79/30 1
29/11 6
66/25 7
37/14 16
45/17 4
53/20 9
61/23 3
69/26 34
77/29 3
85/32 1
8/3 865
91/34 2
83/31 4
75/28 4
67/25 5
59/22 6
51/19 2
94/35 3
43/16 23
78/29 12
35/13 25
62/23 17
89/33 1
27/10 36
100/37 1
73/27 1
46/17 14
65/24 2
84/31 4
19/7 128
87/32 4
68/25 9
49/18 26
79/29 4
30/11 33
71/26 3
41/15 15
52/19 14
63/23 3
74/27 1
96/35 1
11/4 297
80/29 6
69/25 2
58/21 13
47/17 2
130/47 1
36/13 116
97/35 1
61/22 24
86/31 9
25/9 82
114/41 1
64/23 30
39/14 58
92/33 2
53/19 3
67/24 40
81/29 2
95/34 4
14/5 276
101/36 1
73/26 2
59/21 11
45/16 36
76/27 12
31/11 18
79/28 7
48/17 16
113/40 1
65/23 3
82/29 12
17/6 251
122/43 2
88/31 3
54/19 8
91/32 13
37/13 3
94/33 2
57/20 13
77/27 2
97/34 1
20/7 305
83/29 8
63/22 2
43/15 26
66/23 9
23/8 125
72/25 18
49/17 5
75/26 25
26/9 71
81/28 20
84/29 7
29/10 63
90/31 14
61/21 6
93/32 2
32/11 157
67/23 3
35/12 36
73/25 16
38/13 90
79/27 4
120/41 1
41/14 24
44/15 8
91/31 4
47/16 11
50/17 4
53/18 7
56/19 11
59/20 13
62/21 18
65/22 3
68/23 25
71/24 31
74/25 8
77/26 3
80/27 6
86/29 3
89/30 1
92/31 2
95/32 1
104/35 2
110/37 4
113/38 1
3 10658
118/39 2
109/36 2
106/35 8
100/33 6
94/31 7
88/29 48
85/28 5
82/27 14
79/26 21
76/25 34
73/24 33
70/23 158
67/22 14
64/21 73
61/20 32
58/19 116
55/18 44
52/17 48
101/33 1
49/16 24
95/31 6
46/15 89
89/29 27
43/14 110
126/41 1
83/27 5
40/13 120
77/25 34
114/37 1
37/12 149
108/35 2
71/23 12
105/34 14
34/11 259
99/32 13
65/21 52
96/31 40
31/10 152
90/29 57
59/19 27
146/47 1
87/28 55
28/9 674
109/35 3
81/26 122
53/17 12
78/25 73
103/33 5
25/8 429
97/31 7
72/23 87
119/38 1
47/15 52
116/37 3
69/22 81
91/29 29
22/7 736
107/34 5
85/27 7
63/20 337
104/33 2
41/13 303
101/32 23
60/19 116
79/25 28
98/31 10
117/37 3
136/43 1
19/6 941
111/35 4
92/29 17
73/23 53
54/17 140
89/28 26
35/11 257
121/38 1
86/27 17
51/16 113
118/37 3
67/21 25
83/26 30
99/31 31
16/5 1332
109/34 4
93/29 41
77/24 21
61/19 23
106/33 5
45/14 371
119/37 1
74/23 103
103/32 23
29/9 393
100/31 9
71/22 18
113/35 3
42/13 397
97/30 15
55/17 68
68/21 107
81/25 63
94/29 64
107/33 6
120/37 3
13/4 1679
127/39 1
114/35 6
101/31 12
88/27 35
75/23 54
62/19 221
111/34 14
49/15 57
85/26 23
36/11 701
95/29 19
59/18 107
82/25 71
105/32 37
128/39 1
23/7 637
102/31 23
79/24 34
56/17 81
89/27 34
122/37 1
33/10 1497
109/33 8
76/23 142
119/36 1
43/13 233
96/29 69
53/16 100
116/35 4
63/19 97
73/22 41
83/25 49
93/28 34
103/31 9
113/34 5
123/37 1
10/3 4192
127/38 2
117/35 4
107/32 6
97/29 16
87/26 143
77/23 24
67/20 18
57/17 73
104/31 18
47/14 158
84/25 122
121/36 3
37/11 259
138/41 1
101/30 29
64/19 45
91/27 23
118/35 2
27/8 925
98/29 22
71/21 93
115/34 15
44/13 219
105/31 22
61/18 46
139/41 1
78/23 181
95/28 32
112/33 7
17/5 1037
126/37 6
109/32 3
92/27 43
75/22 79
133/39 1
58/17 122
99/29 67
41/12 389
106/31 5
65/19 63
89/26 28
113/33 4
137/40 1
24/7 1433
127/37 2
103/30 14
79/23 55
134/39 1
55/16 96
86/25 116
117/34 16
31/9 527
100/29 46
69/20 223
107/31 24
38/11 316
83/24 64
128/37 5
45/13 450
97/28 20
52/15 97
111/32 4
59/17 34
125/36 3
66/19 73
73/21 45
80/23 71
87/25 76
94/27 42
101/29 27
108/31 37
115/33 3
122/35 3
136/39 1
7/2 6678
123/35 4
116/33 11
109/31 8
102/29 65
95/27 30
88/25 66
81/23 164
74/21 130
67/19 56
127/36 2
60/17 170
113/32 3
53/15 75
99/28 102
46/13 309
85/24 52
124/35 5
39/11 1043
110/31 15
71/20 167
103/29 38
32/9 873
121/34 11
89/25 69
57/16 179
139/39 1
82/23 33
107/30 27
132/37 2
25/7 775
118/33 22
93/26 130
68/19 82
111/31 23
43/12 503
104/29 33
61/17 91
140/39 1
79/22 44
97/27 48
115/32 11
133/37 2
18/5 3783
137/38 1
119/33 13
101/28 42
83/23 95
65/18 192
112/31 10
47/13 387
123/34 14
76/21 153
105/29 77
134/37 2
29/8 829
127/35 3
98/27 45
69/19 84
109/30 45
40/11 571
131/36 1
91/25 74
51/14 553
113/31 19
62/17 66
73/20 55
84/23 198
95/26 34
106/29 35
117/32 10
128/35 3
11/3 5052
125/34 5
114/31 24
103/28 98
92/25 72
81/22 280
70/19 72
129/35 3
59/16 83
107/29 33
48/13 913
133/36 1
85/23 58
122/33 8
37/10 573
137/37 1
100/27 126
63/17 187
89/24 131
115/31 14
141/38 2
26/7 1282
119/32 8
93/25 118
67/18 81
108/29 63
41/11 624
138/37 1
97/26 68
56/15 216
127/34 22
71/19 93
86/23 152
101/27 42
116/31 43
131/35 7
146/39 2
15/4 4908
139/37 2
124/33 9
109/29 45
94/25 74
79/21 115
64/17 98
113/30 53
49/13 247
132/35 12
83/22 123
117/31 20
34/9 1339
121/32 11
87/23 164
140/37 1
53/14 315
125/33 1
72/19 264
91/24 164
110/29 58
129/34 19
148/39 1
19/5 2644
137/36 1
118/31 17
99/26 257
80/21 232
61/16 163
103/27 34
42/11 1442
107/28 72
65/17 123
88/23 145
111/29 64
134/35 4
23/6 2622
142/37 2
119/31 27
96/25 131
73/19 58
123/32 13
50/13 502
127/33 4
77/20 202
104/27 152
131/34 5
27/7 1926
139/36 1
112/29 33
85/22 133
143/37 1
58/15 350
147/38 1
89/23 116
120/31 27
151/39 2
31/8 1111
128/33 22
97/25 62
66/17 202
101/26 87
136/35 6
35/9 1467
144/37 2
109/28 38
74/19 145
113/29 31
39/10 3419
121/31 18
82/21 262
125/32 9
43/11 644
133/34 6
90/23 284
137/35 1
47/12 722
98/25 87
51/13 557
106/27 96
55/14 334
114/29 47
59/15 209
122/31 12
63/16 268
130/33 20
67/17 69
138/35 3
71/18 128
146/37 1
75/19 270
154/39 1
79/20 132
83/21 126
87/22 331
91/23 190
95/24 111
99/25 117
103/26 106
107/27 16
111/28 130
115/29 41
119/30 38
123/31 28
127/32 8
131/33 5
135/34 2
139/35 3
143/36 2
147/37 2
4 40682
165/41 1
153/38 1
149/37 1
145/36 5
141/35 1
137/34 14
133/33 5
129/32 23
125/31 22
121/30 49
117/29 79
113/28 83
109/27 65
105/26 172
101/25 91
97/24 144
93/23 297
89/22 158
85/21 221
81/20 759
158/39 1
77/19 183
73/18 160
142/35 9
69/17 288
134/33 14
65/16 369
126/31 27
61/15 192
118/29 75
57/14 702
110/27 98
53/13 412
102/25 297
151/37 2
49/12 940
143/35 6
94/23 202
139/34 15
45/11 1856
131/32 17
86/21 443
127/31 56
41/10 1657
160/39 1
119/29 71
78/19 439
115/28 75
152/37 4
37/9 1566
144/35 5
107/26 81
70/17 330
103/25 106
136/33 16
33/8 3449
128/31 43
95/23 271
157/38 2
62/15 352
153/37 1
91/22 394
120/29 103
149/36 1
29/7 2216
141/34 11
112/27 99
83/20 410
137/33 21
54/13 1443
133/32 20
79/19 147
104/25 282
129/31 28
25/6 4366
171/41 1
146/35 13
121/29 87
96/23 703
71/17 157
117/28 165
46/11 1585
159/38 1
113/27 79
67/16 346
88/21 998
109/26 192
130/31 28
151/36 1
21/5 10158
143/34 14
122/29 120
101/24 304
80/19 626
139/33 15
59/14 766
156/37 1
97/23 180
135/32 37
38/9 3066
169/40 1
131/31 28
93/22 555
148/35 1
55/13 784
127/30 82
72/17 1544
161/38 1
89/21 312
106/25 295
123/29 114
140/33 20
17/4 9810
166/39 3
149/35 2
132/31 15
115/27 71
98/23 446
81/19 525
145/34 10
64/15 913
111/26 312
158/37 4
47/11 1483
124/29 100
77/18 579
107/25 172
137/32 16
30/7 5559
163/38 1
133/31 50
103/24 316
73/17 179
116/27 172
159/37 6
43/10 1934
185/43 1
142/33 11
99/23 374
155/36 4
56/13 1816
125/29 80
69/16 805
151/35 4
82/19 275
95/22 302
108/25 466
121/28 130
134/31 32
147/34 9
160/37 1
13/3 13244
165/38 4
152/35 12
139/32 35
126/29 86
113/26 179
100/23 546
87/20 1347
161/37 1
74/17 243
135/31 16
61/14 651
170/39 1
109/25 188
157/36 1
48/11 4077
131/30 85
83/19 284
118/27 176
153/35 3
35/8 3201
162/37 3
127/29 62
92/21 1129
149/34 14
57/13 1371
136/31 30
79/18 320
180/41 1
101/23 203
123/28 200
145/33 18
167/38 3
22/5 10532
163/37 2
141/32 25
119/27 66
97/22 305
172/39 1
75/17 636
128/29 102
53/12 1808
137/31 25
84/19 1550
115/26 209
146/33 17
31/7 2836
164/37 3
133/30 42
102/23 719
173/39 1
71/16 500
111/25 178
151/34 13
40/9 5000
129/29 67
89/20 439
138/31 51
49/11 1870
156/35 12
107/24 252
165/37 2
58/13 1148
125/28 104
67/15 332
143/32 34
76/17 497
161/36 3
85/19 340
94/21 719
103/23 176
112/25 407
121/27 95
130/29 84
139/31 30
148/33 9
157/35 5
166/37 2
9/2 36360
167/37 4
158/35 6
149/33 18
140/31 25
131/29 116
122/27 137
113/25 131
104/23 524
95/21 318
181/40 1
86/19 475
163/36 2
77/17 351
145/32 17
68/15 857
127/28 181
59/13 755
168/37 2
109/24 338
159/35 5
50/11 2550
141/31 22
91/20 841
132/29 108
41/9 3086
155/34 10
114/25 320
73/16 413
178/39 1
105/23 512
137/30 82
169/37 1
32/7 7983
151/33 9
119/26 221
87/19 483
142/31 43
55/12 1841
133/29 63
78/17 841
101/22 475
124/27 209
147/32 35
170/37 2
23/5 8983
152/33 17
129/28 219
106/23 464
83/18 336
143/31 23
60/13 1330
157/34 20
97/21 337
134/29 96
37/8 3796
162/35 8
125/27 114
88/19 700
139/30 57
51/11 2589
167/36 1
116/25 274
65/14 1129
144/31 30
79/17 283
172/37 1
93/20 1396
107/23 543
121/26 185
135/29 92
149/32 32
163/35 3
177/38 1
14/3 25240
173/37 1
159/34 9
145/31 29
131/28 161
117/25 200
103/22 433
89/19 477
164/35 6
75/16 1023
136/29 97
61/13 932
169/36 3
108/23 766
155/33 12
47/10 3092
174/37 2
127/27 84
80/17 900
113/24 389
146/31 43
179/38 2
33/7 5446
151/32 26
118/25 321
85/18 662
137/29 87
52/11 3381
175/37 1
123/26 394
71/15 381
161/34 20
90/19 1100
109/23 280
128/27 151
147/31 24
166/35 5
19/4 15566
157/33 17
138/29 111
119/25 267
100/21 1029
81/17 515
143/30 44
62/13 1174
167/35 2
105/22 907
148/31 30
43/9 3568
153/32 44
110/23 681
67/14 755
158/33 4
91/19 610
115/24 394
139/29 56
163/34 10
24/5 21885
173/36 1
149/31 28
125/26 246
101/21 482
178/37 1
77/16 744
130/27 176
183/38 2
53/11 2631
135/28 203
82/17 655
111/23 452
140/29 70
169/35 1
29/6 8677
179/37 2
150/31 27
121/25 177
92/19 957
155/32 41
63/13 1611
160/33 6
97/20 753
131/27 91
165/34 5
34/7 6399
175/36 1
141/29 90
107/22 527
180/37 1
73/15 404
185/38 1
112/23 674
151/31 32
190/39 1
39/8 6852
161/33 15
122/25 308
83/17 679
127/26 234
171/35 3
44/9 7456
137/28 196
93/19 731
142/29 94
191/39 1
49/10 4579
152/31 30
103/21 484
157/32 24
54/11 4751
167/34 15
113/23 345
172/35 7
59/12 2035
123/25 271
64/13 1588
133/27 113
69/14 1187
143/29 87
74/15 1022
153/31 25
79/16 983
163/33 8
84/17 2458
173/35 7
89/18 755
183/37 4
94/19 639
99/20 2203
104/21 1019
109/22 588
114/23 676
119/24 372
124/25 412
129/26 284
134/27 160
139/28 175
144/29 63
149/30 63
154/31 30
159/32 31
164/33 13
169/34 17
174/35 5
184/37 1
189/38 1
5 175310
191/38 2
186/37 1
176/35 5
171/34 18
166/33 9
161/32 25
156/31 31
151/30 86
146/29 103
141/28 174
136/27 176
131/26 224
126/25 339
121/24 510
116/23 860
111/22 1112
106/21 1159
101/20 831
96/19 2618
91/18 1083
177/35 3
86/17 912
167/33 20
81/16 2218
157/31 25
76/15 1528
147/29 93
71/14 1242
137/27 147
66/13 1584
127/25 252
61/12 2741
178/35 3
117/23 683
173/34 13
56/11 4561
163/32 28
107/21 660
158/31 33
51/10 6115
148/29 112
97/19 699
143/28 193
189/37 1
46/9 9906
179/35 2
133/26 279
87/17 1016
128/25 425
169/33 16
41/8 5771
159/31 31
118/23 670
77/15 851
190/37 2
113/22 869
149/29 67
185/36 3
36/7 14109
175/34 15
139/27 127
103/20 1008
170/33 11
67/13 1329
165/32 19
98/19 1644
129/25 359
160/31 29
31/6 12168
181/35 3
150/29 70
119/23 416
88/17 1556
145/28 185
57/11 4154
197/38 1
140/27 173
83/16 1267
109/21 820
135/26 361
161/31 23
187/36 1
26/5 25729
177/34 11
151/29 94
125/24 792
99/19 1414
172/33 9
73/14 1314
193/37 1
120/23 1199
167/32 30
47/9 5167
162/31 23
115/22 1352
183/35 2
68/13 1832
157/30 70
89/17 1005
110/21 1894
131/25 294
152/29 65
173/33 7
194/37 1
21/4 27494
184/35 2
163/31 22
142/27 184
121/23 468
100/19 2646
179/34 11
79/15 862
137/26 300
58/11 4425
153/29 107
95/18 2860
132/25 389
169/32 33
37/7 6599
201/38 1
164/31 33
127/24 588
90/17 4976
143/27 183
196/37 1
53/10 5615
175/33 8
122/23 766
191/36 3
69/13 1485
154/29 93
85/16 6074
186/35 5
101/19 847
117/22 1032
133/25 319
149/28 201
165/31 30
181/34 9
16/3 48268
187/35 2
171/32 25
155/29 68
139/26 335
123/23 613
107/20 1366
91/17 1143
166/31 25
75/14 6101
134/25 412
193/36 1
59/11 3954
161/30 66
102/19 1944
145/27 201
188/35 3
43/8 6524
199/37 1
156/29 94
113/21 895
183/34 11
70/13 5077
167/31 22
97/18 1220
124/23 886
151/28 172
178/33 10
27/5 25362
173/32 20
146/27 158
119/22 726
92/17 1858
157/29 60
65/12 4430
168/31 11
103/19 1204
141/26 326
179/33 11
38/7 13630
201/37 1
163/30 63
125/23 845
87/16 2179
136/25 455
185/34 9
49/9 7536
158/29 48
109/20 1288
169/31 27
60/11 6947
191/35 1
131/24 652
71/13 1617
153/28 176
82/15 1977
175/32 28
93/17 1481
197/36 1
104/19 1864
115/21 1763
126/23 838
137/25 347
148/27 223
159/29 84
170/31 27
181/33 4
192/35 1
11/2 90962
193/35 1
182/33 6
171/31 18
160/29 98
149/27 166
138/25 390
127/23 639
116/21 1489
105/19 3421
199/36 2
94/17 1615
177/32 21
83/15 1126
155/28 163
72/13 3349
133/24 636
61/11 3655
172/31 9
111/20 2007
161/29 59
50/9 13668
189/34 6
139/25 344
89/16 1984
128/23 923
167/30 54
39/7 9001
184/33 5
145/26 321
106/19 1600
173/31 18
67/12 3765
162/29 69
95/17 2265
123/22 1308
151/27 153
179/32 27
28/5 30072
185/33 7
157/28 200
129/23 801
101/18 1402
174/31 20
73/13 1645
191/34 10
118/21 1703
163/29 68
45/8 20381
197/35 4
152/27 158
107/19 1262
169/30 40
62/11 4813
203/36 3
141/25 312
79/14 1944
175/31 15
96/17 4278
113/20 1855
130/23 946
147/26 292
164/29 54
181/32 26
215/38 1
17/3 48088
193/34 6
176/31 21
159/28 161
142/25 344
125/22 1189
108/19 2993
199/35 3
91/16 1878
165/29 64
74/13 1760
131/23 641
188/33 6
57/10 8159
154/27 135
97/17 1347
137/24 667
177/31 17
40/7 24870
183/32 28
143/25 269
103/18 1810
166/29 62
63/11 3714
149/26 279
86/15 2582
195/34 9
109/19 1232
132/23 753
155/27 151
178/31 22
201/35 1
23/4 31201
190/33 8
167/29 78
144/25 440
121/21 1140
98/17 2388
173/30 43
75/13 2034
127/22 1038
179/31 20
52/9 11234
185/32 23
133/23 587
81/14 3200
191/33 2
110/19 2633
139/24 610
168/29 57
197/34 2
29/5 25881
180/31 18
151/26 271
122/21 1744
215/37 1
93/16 2768
157/27 97
64/11 5238
163/28 137
99/17 2683
134/23 878
169/29 48
204/35 1
35/6 20524
181/31 11
146/25 336
111/19 1717
187/32 9
76/13 2280
193/33 4
117/20 2359
158/27 159
199/34 6
41/7 8990
170/29 51
129/22 1142
217/37 1
88/15 5390
135/23 698
182/31 11
47/8 9192
194/33 1
147/25 282
100/17 3543
153/26 299
53/9 8889
165/28 114
112/19 2319
171/29 50
59/10 6691
183/31 12
124/21 1639
189/32 14
65/11 4245
201/34 4
136/23 739
71/12 4162
148/25 333
77/13 2573
160/27 117
83/14 1687
172/29 45
89/15 1820
184/31 6
95/16 5393
101/17 1647
208/35 1
107/18 1986
113/19 1155
119/20 1804
125/21 1410
131/22 1041
137/23 693
143/24 556
149/25 328
155/26 324
161/27 99
167/28 161
173/29 50
179/30 38
185/31 10
191/32 16
197/33 7
203/34 4
215/36 1
6 257565
211/35 1
205/34 5
199/33 3
193/32 13
187/31 23
181/30 52
175/29 53
169/28 166
163/27 138
157/26 308
151/25 309
145/24 793
139/23 674
133/22 1229
127/21 1429
121/20 2476
115/19 2488
109/18 2570
212/35 1
103/17 1791
200/33 1
97/16 2146
188/31 7
91/15 2162
176/29 43
85/14 5630
164/27 119
79/13 2167
152/25 344
73/12 4923
140/23 722
207/34 4
67/11 4076
195/32 9
128/21 2172
189/31 11
61/10 9600
177/29 38
116/19 2648
171/28 124
55/9 13581
214/35 1
159/26 344
104/17 3441
153/25 265
202/33 2
49/8 10779
190/31 9
141/23 725
92/15 5297
135/22 1314
178/29 45
43/7 12517
209/34 4
166/27 118
123/20 2933
203/33 1
80/13 5161
197/32 6
117/19 1945
154/25 391
191/31 2
37/6 19968
179/29 57
142/23 648
105/17 4541
173/28 171
68/11 5417
167/27 96
99/16 5088
130/21 1976
161/26 300
192/31 7
31/5 25945
180/29 50
149/24 753
118/19 2778
205/33 2
87/14 3923
143/23 680
199/32 12
56/9 16278
193/31 6
137/22 1186
218/35 2
81/13 3097
187/30 28
106/17 3119
131/21 1340
156/25 306
181/29 31
25/4 47180
219/35 1
194/31 4
169/27 118
144/23 761
119/19 1809
213/34 1
94/15 3637
163/26 241
69/11 4400
182/29 39
113/18 3076
157/25 274
201/32 12
44/7 21387
195/31 10
151/24 822
107/17 2129
170/27 97
63/10 13410
208/33 1
145/23 598
82/13 2779
183/29 36
101/16 2990
120/19 3477
139/22 1130
158/25 358
177/28 125
196/31 5
215/34 1
19/3 74053
203/32 3
184/29 36
165/26 258
146/23 788
127/20 2433
108/17 5264
197/31 13
89/14 2557
159/25 228
70/11 5401
191/30 27
121/19 1632
172/27 74
51/8 21476
185/29 56
134/21 2114
217/34 1
83/13 1758
198/31 5
115/18 4612
147/23 674
179/28 116
211/33 1
32/5 42389
205/32 4
173/27 107
141/22 1325
109/17 2062
186/29 43
77/12 4890
199/31 4
122/19 2515
167/26 275
45/7 33036
193/30 28
148/23 864
103/16 2902
161/25 281
219/34 1
58/9 14118
187/29 33
129/20 3183
200/31 9
71/11 4693
226/35 1
155/24 769
84/13 5393
181/28 88
97/15 3003
207/32 10
110/17 4596
123/19 2001
136/21 2115
149/23 600
162/25 347
175/27 84
188/29 23
201/31 12
13/2 160641
202/31 6
189/29 33
176/27 95
163/25 277
150/23 651
137/21 1499
124/19 3389
111/17 3136
209/32 6
98/15 6028
183/28 116
85/13 3583
157/24 751
72/11 12712
203/31 5
131/20 2640
190/29 22
59/9 12553
223/34 1
164/25 333
105/16 7636
151/23 639
197/30 20
46/7 20646
217/33 1
171/26 259
125/19 2529
204/31 5
79/12 5002
191/29 33
112/17 4138
145/22 1234
178/27 66
211/32 2
33/5 40751
185/28 99
152/23 753
119/18 3256
205/31 13
86/13 3493
139/21 1289
192/29 19
53/8 17369
179/27 114
126/19 2441
199/30 17
73/11 4079
166/25 253
93/14 4246
206/31 3
113/17 2939
133/20 3104
153/23 694
173/26 167
193/29 24
213/32 9
233/35 1
20/3 96862
227/34 2
207/31 5
187/28 51
167/25 283
147/22 1477
127/19 2215
107/16 3505
194/29 42
87/13 3321
154/23 783
67/10 9747
181/27 86
114/17 4312
161/24 785
208/31 3
47/7 16087
215/32 5
168/25 202
121/18 3208
195/29 24
74/11 4832
175/26 254
101/15 3434
229/34 2
128/19 2800
155/23 467
182/27 79
209/31 7
27/4 63154
196/29 13
169/25 227
142/21 1948
115/17 3518
203/30 9
88/13 4048
149/22 1427
210/31 2
61/9 12615
217/32 1
156/23 570
95/14 7618
129/19 2213
163/24 554
197/29 18
34/5 38870
211/31 10
177/26 207
143/21 1377
109/16 4185
184/27 64
75/11 4477
191/28 108
116/17 4339
157/23 582
198/29 19
41/6 28302
212/31 1
171/25 316
130/19 3724
89/13 2313
226/33 1
137/20 2561
185/27 73
233/34 1
48/7 41890
199/29 29
151/22 1395
103/15 3756
158/23 631
213/31 3
55/8 21479
172/25 275
117/17 3909
179/26 171
62/9 15341
193/28 76
131/19 1854
200/29 30
69/10 12041
214/31 2
145/21 1324
221/32 2
76/11 6009
159/23 519
83/12 4778
173/25 187
90/13 10378
187/27 89
97/14 2861
201/29 17
104/15 9961
215/31 4
111/16 6830
118/17 4312
125/18 4868
132/19 2638
139/20 3183
146/21 1886
153/22 1252
160/23 564
167/24 572
174/25 264
181/26 197
188/27 45
195/28 60
202/29 18
209/30 9
216/31 1
223/32 1
7 440726
225/32 1
218/31 7
211/30 10
204/29 16
197/28 46
190/27 45
183/26 188
176/25 224
169/24 605
162/23 590
155/22 1175
148/21 1779
141/20 3275
134/19 2642
127/18 4033
120/17 6429
113/16 4447
219/31 1
106/15 6518
205/29 8
99/14 7096
191/27 53
92/13 5129
177/25 211
85/12 6875
163/23 485
78/11 10947
227/32 1
149/21 1627
71/10 11159
206/29 16
135/19 2890
199/28 44
64/9 18674
185/26 202
121/17 2696
178/25 247
57/8 28399
221/31 1
164/23 593
107/15 5557
157/22 1110
207/29 2
50/7 36685
193/27 48
143/20 3480
93/13 4924
136/19 2716
179/25 217
43/6 29185
208/29 15
165/23 497
122/17 4495
201/28 62
79/11 4540
194/27 34
115/16 6348
151/21 1454
187/26 166
223/31 2
36/5 74342
209/29 7
173/24 496
137/19 2328
101/14 4109
166/23 558
65/9 15234
159/22 1189
94/13 5121
217/30 5
123/17 4148
152/21 1837
181/25 169
210/29 12
29/4 71515
225/31 1
196/27 41
167/23 488
138/19 2967
109/15 4386
189/26 168
80/11 9464
211/29 4
131/18 4233
182/25 121
233/32 1
51/7 33702
226/31 1
175/24 442
124/17 5273
197/27 35
73/10 12160
168/23 411
95/13 4953
212/29 7
117/16 8648
139/19 2023
161/22 1090
183/25 236
205/28 48
22/3 132784
213/29 13
191/26 116
169/23 391
147/20 2687
125/17 4103
103/14 4399
184/25 138
81/11 5962
221/30 6
140/19 3021
199/27 29
59/8 22832
214/29 2
155/21 1326
96/13 10156
229/31 4
133/18 4376
170/23 439
207/28 64
37/5 37461
237/32 1
200/27 28
163/22 1168
126/17 6480
215/29 12
89/12 5326
141/19 2283
193/26 143
52/7 36049
223/30 4
171/23 405
119/16 6956
186/25 186
67/9 13805
216/29 13
149/20 2713
82/11 6771
179/24 434
97/13 3247
209/28 21
112/15 11857
127/17 3372
142/19 2565
157/21 1287
172/23 378
187/25 164
202/27 16
217/29 3
232/31 1
15/2 232186
218/29 4
203/27 23
188/25 146
173/23 446
158/21 1797
143/19 2429
128/17 4523
113/15 5901
211/28 26
98/13 7022
181/24 474
83/11 4438
151/20 2658
219/29 5
68/9 19733
189/25 125
121/16 5660
174/23 444
227/30 3
53/7 25066
197/26 120
144/19 2584
235/31 1
91/12 8497
220/29 14
129/17 3667
167/22 1276
205/27 15
38/5 50052
213/28 43
175/23 443
137/18 4571
236/31 4
99/13 7451
160/21 1431
221/29 5
61/8 24885
206/27 31
145/19 2266
229/30 1
84/11 19769
191/25 151
107/14 4722
237/31 1
130/17 5522
153/20 3125
176/23 425
199/26 142
222/29 5
23/3 125417
215/28 16
192/25 151
169/22 1120
146/19 3000
123/16 7570
223/29 9
100/13 12053
177/23 471
77/10 16517
208/27 22
131/17 3369
185/24 376
54/7 45599
193/25 110
139/18 4724
224/29 4
85/11 5848
201/26 90
116/15 11187
147/19 2091
178/23 547
209/27 21
31/4 79157
225/29 5
194/25 152
163/21 1305
132/17 5299
233/30 6
101/13 4685
171/22 887
70/9 28436
179/23 391
109/14 5593
148/19 2833
187/24 358
226/29 8
39/5 66406
203/26 115
164/21 1442
125/16 7339
211/27 15
86/11 6053
219/28 28
133/17 3853
180/23 349
227/29 3
47/6 40962
196/25 115
149/19 2288
102/13 9719
157/20 2397
212/27 12
55/7 38826
228/29 11
173/22 951
118/15 9001
181/23 309
63/8 34255
197/25 146
134/17 4699
205/26 93
71/9 13407
221/28 16
150/19 2367
229/29 7
79/10 10847
166/21 1327
87/11 6804
182/23 339
95/12 11325
198/25 78
103/13 4558
214/27 10
111/14 8541
230/29 5
119/15 6881
127/16 6478
135/17 5071
143/18 4255
151/19 1961
159/20 2908
167/21 1230
175/22 890
183/23 370
191/24 323
199/25 111
207/26 100
215/27 33
223/28 11
231/29 1
8 664797
241/30 1
225/28 5
217/27 8
209/26 59
201/25 103
193/24 290
185/23 304
177/22 1030
169/21 1123
161/20 2910
153/19 1972
145/18 5127
137/17 3402
129/16 8001
121/15 6979
234/29 2
113/14 6279
218/27 6
105/13 12773
202/25 84
97/12 7501
186/23 302
89/11 5046
170/21 1308
81/10 21043
235/29 2
154/19 2230
227/28 6
73/9 14669
211/26 61
138/17 5537
203/25 74
65/8 34249
187/23 294
122/15 9850
179/22 900
57/7 45148
220/27 13
163/20 3043
106/13 7153
155/19 2092
204/25 64
49/6 52948
237/29 10
188/23 360
139/17 3903
229/28 2
90/11 18003
221/27 8
131/16 7047
172/21 1259
213/26 71
41/5 48518
238/29 1
197/24 179
156/19 2232
115/14 12612
189/23 317
74/9 19162
181/22 778
107/13 7430
140/17 5467
173/21 1217
206/25 64
239/29 5
33/4 110937
223/27 2
190/23 238
157/19 2933
124/15 11656
215/26 53
91/11 13756
149/18 4741
207/25 71
58/7 38914
199/24 239
141/17 5032
224/27 1
83/10 11982
191/23 197
108/13 14461
133/16 7656
158/19 2246
183/22 874
208/25 42
233/28 8
25/3 153348
217/26 31
192/23 214
167/20 2390
142/17 4426
117/14 12875
209/25 59
92/11 10132
159/19 2165
226/27 1
67/8 29773
176/21 935
109/13 5537
151/18 4279
193/23 259
235/28 4
42/5 101803
227/27 12
185/22 893
143/17 3616
101/12 9353
160/19 2055
219/26 37
59/7 37905
194/23 235
135/16 9317
211/25 41
76/9 22231
169/20 2215
93/11 8313
203/24 147
110/13 13632
127/15 7283
144/17 5530
161/19 1897
178/21 1242
195/23 176
212/25 46
17/2 282059
230/27 5
213/25 33
196/23 241
179/21 1034
162/19 2318
145/17 4165
128/15 11937
239/28 10
111/13 10066
205/24 126
94/11 8681
171/20 2028
77/9 18851
214/25 36
137/16 7120
197/23 194
60/7 59514
223/26 17
163/19 1905
103/12 9917
146/17 4580
189/22 648
232/27 9
43/5 49062
198/23 217
155/18 5224
112/13 14470
181/21 799
69/8 38875
233/27 4
164/19 2061
95/11 10010
216/25 45
121/14 9423
147/17 4063
173/20 2390
199/23 200
225/26 28
26/3 188159
243/28 5
217/25 39
191/22 635
165/19 1786
139/16 7379
113/13 9162
200/23 186
87/10 21973
235/27 1
148/17 4655
209/24 138
61/7 35577
218/25 22
157/18 4872
253/29 1
96/11 20845
227/26 6
131/15 8443
166/19 2014
201/23 208
236/27 1
35/4 126138
219/25 30
184/21 894
149/17 3796
114/13 12845
193/22 526
79/9 14337
202/23 143
123/14 13936
167/19 2087
211/24 133
44/5 79718
229/26 10
185/21 913
141/16 8163
238/27 1
97/11 6648
150/17 5316
203/23 159
53/6 55468
221/25 22
168/19 1887
115/13 10025
177/20 1843
239/27 4
62/7 41707
195/22 479
133/15 8163
204/23 164
71/8 32075
222/25 23
151/17 4432
231/26 20
80/9 41124
249/28 2
169/19 1746
89/10 11557
187/21 665
98/11 15669
205/23 203
107/12 11227
223/25 13
116/13 11239
241/27 4
125/14 12749
134/15 10835
143/16 7886
152/17 4727
161/18 4259
170/19 1751
179/20 2007
188/21 894
197/22 476
206/23 163
215/24 58
224/25 14
233/26 25
242/27 1
251/28 1
9 710311
235/26 4
226/25 14
217/24 72
208/23 130
199/22 469
190/21 649
181/20 1827
172/19 1772
163/18 4547
154/17 4597
145/16 8905
136/15 11837
263/29 1
127/14 11320
245/27 5
118/13 11076
227/25 33
109/12 12376
209/23 127
100/11 17684
191/21 586
91/10 22077
173/19 1610
82/9 21376
237/26 25
155/17 3793
228/25 33
73/8 32902
210/23 87
137/15 7999
201/22 527
64/7 57559
247/27 1
183/20 1979
119/13 12494
174/19 1761
229/25 2
55/6 81277
211/23 131
156/17 4966
101/11 7646
147/16 7894
193/21 775
239/26 4
46/5 72750
221/24 42
175/19 1811
129/14 12966
212/23 104
83/9 14107
203/22 515
120/13 19548
157/17 4061
194/21 610
231/25 24
37/4 123923
213/23 103
176/19 1919
139/15 10682
241/26 16
102/11 22839
167/18 4194
232/25 9
65/7 52044
223/24 38
158/17 4741
93/10 20156
214/23 66
121/13 10009
149/16 8455
177/19 1387
205/22 382
233/25 1
28/3 216354
243/26 11
215/23 81
187/20 1360
159/17 3655
131/14 12120
234/25 7
103/11 8780
178/19 1613
75/8 52526
197/21 600
122/13 11560
169/18 3594
216/23 73
47/5 61183
207/22 355
160/17 3893
113/12 14851
179/19 1455
245/26 8
66/7 57078
217/23 117
151/16 8409
236/25 7
85/9 17402
189/20 1453
104/11 19043
227/24 18
123/13 9797
142/15 10842
161/17 4813
180/19 1377
199/21 570
218/23 83
237/25 8
19/2 373162
238/25 10
219/23 64
200/21 484
181/19 1366
162/17 3594
143/15 8294
124/13 13722
229/24 48
105/11 19730
191/20 1227
86/9 24642
239/25 9
153/16 7864
220/23 101
67/7 42576
182/19 1426
115/12 19895
163/17 3199
211/22 169
259/27 4
48/5 121733
221/23 82
173/18 4036
125/13 13398
202/21 478
77/8 34108
260/27 4
183/19 1306
106/11 14339
241/25 4
135/14 16411
164/17 4524
193/20 1330
222/23 75
251/26 4
29/3 199012
242/25 6
213/22 249
184/19 1335
155/16 8607
126/13 16674
223/23 56
97/10 13579
165/17 4074
233/24 4
68/7 51640
243/25 3
175/18 3604
107/11 8389
146/15 12262
185/19 1263
224/23 67
39/4 160384
205/21 460
166/17 4162
127/13 8953
215/22 199
88/9 33592
225/23 62
137/14 13055
186/19 1403
235/24 17
49/5 76889
206/21 433
157/16 8881
108/11 22605
167/17 3900
226/23 20
59/6 70405
246/25 8
187/19 1075
128/13 18418
197/20 1140
69/7 46031
217/22 155
148/15 13093
227/23 26
79/8 36858
247/25 6
168/17 3932
89/9 16070
188/19 1465
99/10 25168
208/21 342
109/11 9139
228/23 60
119/12 20478
248/25 9
129/13 10901
139/14 12777
149/15 8495
159/16 8544
169/17 3600
179/18 3298
189/19 1214
199/20 1066
209/21 302
219/22 174
229/23 46
239/24 12
249/25 4
10 889002
241/24 23
231/23 49
221/22 122
211/21 323
201/20 837
191/19 1006
181/18 3010
171/17 3162
161/16 8606
151/15 9864
141/14 15195
131/13 9516
121/12 17288
232/23 27
111/11 14116
212/21 262
101/10 13347
192/19 978
91/9 17709
172/17 3808
81/8 41285
233/23 32
152/15 10347
223/22 117
71/7 50109
203/20 908
132/13 18021
193/19 1090
61/6 74316
234/23 10
173/17 3761
112/11 25928
163/16 7822
214/21 251
51/5 93623
245/24 4
194/19 874
143/14 13216
235/23 34
92/9 28627
225/22 114
133/13 14532
174/17 3619
215/21 271
41/4 128171
236/23 21
195/19 966
154/15 11416
113/11 12695
185/18 2795
72/7 70005
175/17 3399
103/10 16370
237/23 25
134/13 12405
165/16 7664
196/19 1168
227/22 67
31/3 213077
238/23 22
207/20 759
176/17 3525
145/14 19572
114/11 24404
197/19 919
83/8 35463
218/21 115
135/13 14827
187/18 2470
239/23 7
52/5 115728
229/22 119
177/17 2856
125/12 26742
198/19 832
73/7 42997
240/23 9
167/16 7826
94/9 24576
209/20 691
115/11 17217
136/13 15280
157/15 8630
178/17 3518
199/19 930
220/21 200
241/23 22
21/2 438908
242/23 9
221/21 185
200/19 831
179/17 2681
158/15 11645
137/13 11433
116/11 19971
211/20 576
95/9 21477
169/16 7196
243/23 19
74/7 52430
201/19 779
127/12 23839
180/17 2773
233/22 67
53/5 78575
244/23 14
191/18 2604
138/13 14002
223/21 154
85/8 40946
202/19 696
117/11 18364
149/14 12996
181/17 3152
213/20 556
245/23 16
32/3 273864
235/22 47
203/19 668
171/16 6522
139/13 10757
246/23 4
107/10 18437
182/17 3173
75/7 59349
193/18 2216
118/11 16683
161/15 8914
204/19 667
247/23 1
43/4 131556
226/21 109
183/17 2641
140/13 17167
237/22 57
97/9 15149
248/23 9
151/14 14677
205/19 728
54/5 134835
227/21 145
173/16 7657
119/11 18036
184/17 3044
249/23 1
65/6 120843
206/19 738
141/13 11585
217/20 355
76/7 56061
239/22 55
163/15 9058
250/23 8
87/8 39859
185/17 2592
98/9 29010
207/19 674
109/10 15896
229/21 105
120/11 33427
131/12 23088
142/13 13992
153/14 15401
164/15 12184
175/16 6996
186/17 2787
197/18 1883
208/19 572
219/20 387
230/21 118
241/22 29
252/23 17
11 1034534
254/23 4
243/22 33
232/21 42
221/20 289
210/19 438
199/18 1522
188/17 2763
177/16 5881
166/15 12042
155/14 17532
144/13 19964
133/12 25466
255/23 9
122/11 18649
233/21 79
111/10 27627
211/19 385
100/9 45913
189/17 2198
89/8 31880
256/23 5
167/15 8877
245/22 18
78/7 52031
223/20 224
145/13 15544
212/19 564
67/6 92237
190/17 2362
123/11 18252
179/16 6154
235/21 59
56/5 144542
213/19 477
157/14 15711
258/23 4
101/9 15171
247/22 25
146/13 15802
191/17 2253
236/21 46
45/4 214261
214/19 390
169/15 8303
124/11 24781
203/18 1477
79/7 46941
192/17 2202
113/10 26538
147/13 10713
181/16 6660
215/19 452
249/22 9
34/3 301660
227/20 270
193/17 2264
159/14 15260
125/11 19254
216/19 339
91/8 34065
239/21 43
148/13 16426
205/18 1330
57/5 128701
251/22 4
194/17 2005
137/12 25266
217/19 311
80/7 71048
183/16 6657
103/9 16895
229/20 177
126/11 35459
149/13 11781
172/15 9463
195/17 1849
218/19 212
241/21 9
23/2 468924
242/21 27
219/19 270
196/17 1747
173/15 8120
150/13 17324
127/11 16196
231/20 176
104/9 41516
185/16 5736
81/7 50855
220/19 289
139/12 25898
197/17 1632
58/5 121674
209/18 1180
151/13 11615
244/21 31
93/8 35497
221/19 284
128/11 27311
163/14 15319
198/17 1640
233/20 137
35/3 292035
222/19 186
187/16 4668
152/13 15479
117/10 35880
199/17 1868
82/7 46584
211/18 932
129/11 21775
176/15 8141
223/19 205
47/4 156338
247/21 16
200/17 1422
153/13 13137
106/9 30868
165/14 15213
224/19 217
59/5 94043
248/21 5
189/16 5280
130/11 26311
201/17 1635
71/6 113072
225/19 345
154/13 14485
237/20 71
83/7 42089
261/22 4
178/15 8941
95/8 36111
202/17 1300
107/9 21329
226/19 216
119/10 39038
250/21 20
131/11 16094
143/12 29439
155/13 13449
167/14 13639
179/15 7509
191/16 4899
203/17 1330
215/18 815
227/19 227
239/20 107
251/21 9
263/22 4
12 1146321
253/21 8
241/20 85
229/19 217
217/18 601
205/17 1385
193/16 4544
181/15 6929
169/14 14432
157/13 12361
145/12 37453
133/11 18310
121/10 36965
230/19 149
109/9 19470
206/17 1262
97/8 26361
182/15 7927
85/7 50470
243/20 51
158/13 15870
231/19 190
73/6 114487
207/17 1386
134/11 23687
195/16 4062
61/5 109716
232/19 139
171/14 14783
110/9 44392
159/13 14019
208/17 1371
257/21 13
49/4 151112
233/19 139
184/15 6021
135/11 27787
221/18 559
86/7 44704
209/17 1275
123/10 38269
160/13 13069
197/16 4097
234/19 144
271/22 4
37/3 278870
247/20 40
210/17 875
173/14 13397
136/11 30747
235/19 122
99/8 53561
161/13 14899
223/18 490
62/5 128699
211/17 1179
149/12 29087
236/19 99
87/7 43111
199/16 3869
112/9 43575
249/20 7
137/11 21035
162/13 15544
187/15 5693
212/17 1079
237/19 94
25/2 502565
263/21 8
238/19 105
213/17 1066
188/15 6209
163/13 11904
138/11 31893
251/20 15
113/9 26255
201/16 3710
88/7 58029
239/19 77
151/12 34048
214/17 676
63/5 169706
227/18 450
164/13 15254
265/21 4
101/8 29254
240/19 54
139/11 18189
177/14 12349
215/17 1088
38/3 357672
241/19 87
203/16 3220
165/13 11708
127/10 34054
216/17 723
89/7 39441
229/18 324
140/11 30731
191/15 5834
242/19 41
51/4 206634
217/17 724
166/13 13652
115/9 36654
179/14 11243
243/19 57
64/5 158672
205/16 2616
141/11 22917
218/17 704
77/6 108543
244/19 42
167/13 11586
90/7 84609
193/15 5084
103/8 26104
219/17 771
116/9 48225
245/19 41
129/10 46093
142/11 25213
155/12 37063
168/13 13659
181/14 9638
194/15 5178
207/16 2810
220/17 630
233/18 362
246/19 31
259/20 4
13 1167541
248/19 39
235/18 238
222/17 553
209/16 2427
196/15 3911
183/14 10158
170/13 12083
157/12 32662
144/11 33495
131/10 33208
249/19 21
118/9 37622
223/17 468
105/8 65833
197/15 4424
92/7 47003
263/20 1
171/13 12723
250/19 29
79/6 106317
224/17 529
145/11 24804
211/16 2078
66/5 183565
251/19 15
185/14 9987
119/9 28482
172/13 12617
225/17 670
53/4 159321
252/19 40
199/15 3880
146/11 27118
239/18 124
93/7 44993
226/17 428
133/10 40362
173/13 10826
213/16 1912
253/19 10
40/3 433604
227/17 359
187/14 8681
147/11 24841
254/19 35
107/8 27114
174/13 13486
241/18 170
67/5 133141
228/17 522
161/12 33157
255/19 29
94/7 39426
215/16 1730
121/9 31069
148/11 26795
175/13 12095
202/15 3166
229/17 443
27/2 603705
257/19 8
230/17 330
203/15 3152
176/13 10349
149/11 19051
122/9 40423
217/16 1602
95/7 43114
258/19 8
163/12 30335
231/17 397
68/5 164154
245/18 94
177/13 10635
109/8 31162
259/19 8
150/11 33918
191/14 9102
232/17 352
41/3 300229
260/19 5
219/16 1549
178/13 11700
137/10 42098
233/17 422
96/7 72941
247/18 61
151/11 19607
206/15 2693
261/19 15
55/4 226987
234/17 221
179/13 9851
124/9 52106
193/14 8615
262/19 9
69/5 172122
221/16 1006
152/11 31336
235/17 421
83/6 93686
263/19 8
180/13 10855
97/7 30244
208/15 2441
111/8 50469
236/17 288
125/9 47467
264/19 8
139/10 41112
153/11 25788
167/12 29841
181/13 10035
195/14 7527
209/15 2558
223/16 1147
237/17 204
251/18 35
14 1408251
253/18 16
239/17 67
225/16 1074
211/15 2051
197/14 6932
183/13 9222
169/12 25756
155/11 22141
141/10 56882
127/9 33157
240/17 161
113/8 32692
212/15 1782
99/7 50724
184/13 10071
269/19 4
85/6 92352
241/17 138
156/11 27754
227/16 926
71/5 140610
270/19 9
199/14 6850
128/9 56171
185/13 8950
242/17 79
57/4 266385
214/15 1561
157/11 20865
257/18 33
100/7 66742
243/17 122
143/10 51938
186/13 8784
229/16 747
43/3 279197
244/17 123
201/14 6188
158/11 27341
115/8 49702
187/13 8373
259/18 18
72/5 199144
245/17 123
173/12 27440
101/7 34200
231/16 723
130/9 75102
159/11 23482
188/13 8394
217/15 1409
246/17 92
29/2 579179
247/17 128
218/15 1467
189/13 9024
160/11 26848
131/9 33234
233/16 615
102/7 58023
175/12 26166
248/17 129
73/5 157075
263/18 4
190/13 7901
117/8 76699
161/11 20061
205/14 5069
249/17 156
44/3 419593
235/16 565
191/13 7971
147/10 59060
250/17 64
103/7 27850
265/18 9
162/11 26411
221/15 1064
59/4 191501
251/17 71
192/13 8102
133/9 40096
207/14 4686
74/5 164914
237/16 384
163/11 22328
252/17 83
89/6 84449
193/13 7006
104/7 62297
223/15 1025
119/8 60061
253/17 13
134/9 50799
149/10 47607
164/11 26690
179/12 23821
194/13 6949
209/14 4991
224/15 842
239/16 347
254/17 50
269/18 4
15 1401278
256/17 26
241/16 312
226/15 886
211/14 4463
196/13 7259
181/12 22347
166/11 23502
151/10 47498
136/9 63937
257/17 25
121/8 60353
227/15 867
106/7 39412
197/13 7146
91/6 81751
258/17 21
167/11 22628
243/16 276
76/5 165144
213/14 4008
137/9 44844
198/13 6420
259/17 23
61/4 207999
229/15 738
168/11 27044
107/7 32210
260/17 22
153/10 60186
199/13 6237
245/16 246
46/3 377011
261/17 26
215/14 3331
169/11 20521
123/8 66029
200/13 6743
277/18 4
77/5 152570
262/17 21
185/12 19060
108/7 82112
247/16 127
139/9 36948
170/11 22266
201/13 6027
232/15 555
263/17 9
31/2 611550
264/17 5
233/15 408
202/13 5445
171/11 18679
140/9 97061
249/16 141
109/7 37951
187/12 16076
265/17 9
78/5 175028
203/13 5769
125/8 61864
172/11 24287
219/14 2435
266/17 10
47/3 294070
251/16 91
204/13 5140
157/10 43053
110/7 76600
173/11 20074
236/15 391
63/4 307795
268/17 21
205/13 4900
142/9 58921
221/14 2317
79/5 144913
253/16 69
174/11 23141
269/17 4
95/6 85335
206/13 4408
111/7 46814
238/15 247
127/8 49579
270/17 4
143/9 48023
159/10 53165
175/11 20983
191/12 16552
207/13 4318
223/14 1933
239/15 296
255/16 94
271/17 4
16 1563513
273/17 4
257/16 51
241/15 327
225/14 1998
209/13 4474
193/12 14982
177/11 18297
161/10 50694
145/9 60465
129/8 81025
242/15 240
113/7 30526
210/13 4048
97/6 63682
178/11 20303
259/16 14
81/5 154787
227/14 1804
146/9 59228
211/13 3889
276/17 4
65/4 329532
244/15 221
179/11 17191
114/7 71272
163/10 49054
212/13 3801
261/16 13
49/3 323821
229/14 1797
180/11 19684
131/8 61896
213/13 3902
82/5 149355
279/17 9
197/12 11988
115/7 52591
263/16 16
148/9 64248
181/11 17938
214/13 3078
247/15 133
280/17 9
33/2 738909
248/15 98
215/13 3858
182/11 16886
149/9 40372
265/16 12
116/7 62773
199/12 12218
282/17 4
83/5 136590
216/13 3117
133/8 68520
183/11 16953
233/14 1276
283/17 4
50/3 411625
267/16 22
217/13 3054
167/10 50806
117/7 61918
184/11 17844
251/15 100
67/4 239387
218/13 2765
151/9 45049
235/14 917
84/5 180742
269/16 27
185/11 16591
101/6 61322
219/13 2440
118/7 49943
253/15 53
135/8 108726
152/9 64303
169/10 42831
186/11 15142
203/12 10063
220/13 2915
237/14 764
254/15 68
271/16 4
17 1460298
273/16 14
256/15 110
239/14 799
222/13 2333
205/12 8840
188/11 17713
171/10 40506
154/9 66096
137/8 59554
257/15 57
120/7 142542
223/13 2033
103/6 64514
189/11 14507
275/16 9
86/5 124765
241/14 598
155/9 56106
224/13 2557
69/4 307718
259/15 43
190/11 16181
121/7 61742
173/10 42797
225/13 2243
277/16 4
52/3 399561
243/14 628
191/11 13231
139/8 71249
226/13 1596
87/5 138094
209/12 7438
122/7 62506
279/16 9
157/9 47721
192/11 13565
227/13 2036
262/15 8
35/2 770599
263/15 33
228/13 1695
193/11 13495
158/9 56278
281/16 13
123/7 58032
211/12 6860
88/5 137004
229/13 1810
141/8 96693
194/11 13535
247/14 336
53/3 284624
230/13 1456
177/10 37863
124/7 70558
195/11 12052
266/15 8
71/4 277980
231/13 1670
160/9 67580
249/14 317
89/5 106660
196/11 13934
107/6 67052
232/13 1283
125/7 56944
268/15 13
143/8 84575
161/9 44348
179/10 36516
197/11 12106
215/12 6037
233/13 1341
251/14 261
269/15 4
18 1823276
271/15 13
253/14 222
235/13 1044
217/12 4695
199/11 11029
181/10 33499
163/9 45899
145/8 95237
272/15 23
127/7 43628
236/13 930
109/6 62618
200/11 11055
91/5 107849
255/14 172
164/9 57923
237/13 991
73/4 268529
274/15 8
201/11 10551
128/7 92110
183/10 33298
238/13 886
293/16 4
55/3 401430
257/14 135
202/11 10300
147/8 92821
239/13 920
92/5 119439
221/12 3664
129/7 56776
166/9 49178
203/11 9989
240/13 873
37/2 743219
241/13 694
204/11 8981
167/9 43441
130/7 115018
223/12 3283
93/5 113713
242/13 549
149/8 73607
205/11 9798
261/14 35
56/3 473498
243/13 768
187/10 28784
131/7 63869
206/11 8203
75/4 342642
244/13 442
169/9 39391
263/14 49
94/5 99158
207/11 8203
113/6 84682
245/13 721
132/7 124696
283/15 4
151/8 73782
170/9 47658
189/10 27449
208/11 7170
227/12 2946
246/13 453
265/14 34
19 1702171
267/14 30
248/13 328
229/12 2414
210/11 7472
191/10 25485
172/9 52977
153/8 91189
134/7 80971
249/13 440
115/6 110711
211/11 6984
96/5 175298
269/14 17
173/9 39118
250/13 230
77/4 279613
212/11 7033
135/7 83881
193/10 25275
251/13 271
58/3 413419
271/14 29
213/11 6850
155/8 89067
252/13 314
97/5 89666
233/12 1826
136/7 103669
175/9 41094
214/11 5767
253/13 270
39/2 832021
254/13 124
215/11 6344
176/9 47698
137/7 53988
235/12 1491
98/5 119555
255/13 170
157/8 89601
216/11 5744
275/14 22
59/3 320583
256/13 194
197/10 21635
138/7 100389
217/11 5667
79/4 285584
257/13 133
178/9 43334
277/14 43
99/5 105541
218/11 4496
119/6 124163
258/13 115
139/7 61988
159/8 85735
179/9 35330
199/10 19058
219/11 4210
239/12 1170
259/13 188
279/14 22
20 1830690
261/13 87
241/12 960
221/11 4110
201/10 18440
181/9 36803
161/8 80918
141/7 79342
262/13 93
121/6 113922
222/11 4106
101/5 72468
283/14 9
182/9 36531
263/13 27
81/4 293381
223/11 3700
142/7 83265
203/10 16712
264/13 72
61/3 347003
285/14 4
224/11 3563
163/8 71163
265/13 51
102/5 131747
245/12 748
143/7 78259
184/9 35352
225/11 4187
266/13 43
41/2 761726
267/13 75
226/11 3030
185/9 33440
144/7 131894
247/12 529
103/5 74424
268/13 40
165/8 88351
227/11 3115
62/3 439735
269/13 27
207/10 13003
145/7 90345
228/11 3227
83/4 262138
270/13 53
187/9 27585
291/14 13
104/5 148429
229/11 3348
125/6 153014
271/13 47
146/7 84713
167/8 76779
188/9 31188
209/10 12503
230/11 2156
251/12 277
272/13 27
21 1847734
253/12 207
232/11 2207
211/10 11526
190/9 28558
169/8 66906
148/7 91009
275/13 25
127/6 107585
233/11 2322
106/5 91641
191/9 26999
276/13 31
85/4 233097
234/11 1836
149/7 66419
213/10 11242
64/3 529672
235/11 1951
171/8 72526
278/13 4
107/5 67094
257/12 128
150/7 115241
193/9 23603
236/11 1859
279/13 9
43/2 704605
280/13 9
237/11 1747
194/9 26672
151/7 62176
259/12 98
108/5 181966
281/13 14
173/8 68681
238/11 1220
65/3 555763
217/10 8500
152/7 116452
239/11 1553
87/4 248244
196/9 25495
109/5 70717
240/11 1774
131/6 105172
284/13 4
153/7 74777
175/8 75953
197/9 19869
219/10 8297
241/11 1394
263/12 47
285/13 9
22 1950295
287/13 4
265/12 59
243/11 1023
221/10 6149
199/9 20038
177/8 60455
155/7 81740
288/13 9
133/6 130448
244/11 961
111/5 97499
200/9 19902
89/4 212022
245/11 919
156/7 100706
223/10 6058
67/3 404339
246/11 645
179/8 56114
291/13 8
112/5 198005
269/12 27
157/7 63857
202/9 16848
247/11 833
45/2 877679
248/11 658
203/9 17866
158/7 83213
271/12 40
113/5 65569
181/8 52698
249/11 665
68/3 557416
295/13 9
227/10 5295
159/7 74144
250/11 513
91/4 202124
205/9 16219
114/5 174198
251/11 534
137/6 122525
160/7 102619
183/8 52044
206/9 14559
229/10 4573
252/11 571
275/12 4
23 1735340
277/12 9
254/11 379
231/10 3942
208/9 13194
185/8 50469
162/7 97466
139/6 123987
255/11 386
116/5 138327
209/9 13460
93/4 191597
256/11 408
163/7 75752
233/10 4008
70/3 641505
257/11 297
187/8 43712
117/5 118572
281/12 8
164/7 90128
211/9 11740
258/11 338
47/2 661063
259/11 235
212/9 10936
165/7 71983
283/12 4
118/5 104293
189/8 47049
260/11 251
71/3 450531
237/10 2633
166/7 86510
261/11 226
95/4 183023
214/9 10023
119/5 123330
262/11 157
143/6 157753
167/7 66320
191/8 41758
215/9 10162
239/10 2724
263/11 109
24 2016641
265/11 138
241/10 1952
217/9 8254
193/8 41256
169/7 61561
145/6 191329
266/11 71
121/5 110219
218/9 7600
97/4 143310
267/11 110
170/7 78834
243/10 1884
73/3 441620
268/11 76
195/8 34692
122/5 110032
171/7 62771
220/9 7166
269/11 76
49/2 650611
270/11 119
221/9 7184
172/7 78110
295/12 4
123/5 105154
197/8 33642
271/11 100
74/3 531469
247/10 1430
173/7 62524
272/11 58
99/4 187908
223/9 6517
124/5 154806
273/11 76
149/6 129868
174/7 70610
199/8 30359
224/9 6310
249/10 1329
274/11 44
25 1687229
276/11 63
251/10 890
226/9 4696
201/8 31486
176/7 71336
151/6 136646
277/11 40
126/5 256811
227/9 5106
101/4 123773
278/11 13
177/7 59716
253/10 639
76/3 540037
279/11 36
203/8 27915
127/5 86738
178/7 70130
229/9 4506
280/11 22
51/2 701047
281/11 14
230/9 3570
179/7 55070
128/5 214040
205/8 23264
282/11 31
77/3 433012
257/10 377
180/7 64513
283/11 10
103/4 118371
232/9 3331
129/5 135903
155/6 160179
181/7 54459
207/8 22046
233/9 3936
259/10 363
285/11 8
26 1833234
287/11 4
261/10 240
235/9 3289
209/8 21091
183/7 53205
157/6 138579
131/5 107554
236/9 2602
105/4 257320
184/7 58936
263/10 218
79/3 411967
290/11 18
211/8 18358
132/5 242502
185/7 47603
238/9 1918
53/2 557038
239/9 2222
186/7 53392
133/5 118747
213/8 16154
80/3 520400
267/10 164
187/7 44188
107/4 108908
241/9 2138
134/5 155336
295/11 27
161/6 135678
188/7 55320
215/8 16530
242/9 1128
269/10 76
27 1752164
271/10 107
244/9 1469
217/8 14463
190/7 43253
163/6 133602
136/5 205547
245/9 1654
109/4 106588
191/7 41010
273/10 92
82/3 460221
219/8 12656
137/5 120039
192/7 44103
247/9 1312
55/2 734391
248/9 1079
193/7 44070
138/5 223974
221/8 9969
83/3 350381
277/10 58
194/7 43618
305/11 9
111/4 164998
250/9 698
139/5 106423
167/6 128520
195/7 37095
223/8 9924
251/9 707
279/10 9
28 1873801
281/10 27
253/9 782
225/8 9671
197/7 33890
169/6 106194
141/5 127857
254/9 492
113/4 120901
198/7 36227
283/10 14
85/3 333131
227/8 8983
142/5 171638
199/7 31869
256/9 548
57/2 819182
257/9 691
200/7 34630
143/5 149635
229/8 7327
86/3 372614
201/7 30372
115/4 165398
259/9 373
144/5 278805
173/6 108036
202/7 32943
231/8 7176
260/9 291
29 1605191
262/9 238
233/8 6592
204/7 27898
175/6 117212
146/5 181372
263/9 196
117/4 219748
205/7 28151
293/10 9
88/3 419777
235/8 5132
147/5 138920
206/7 25584
265/9 273
59/2 563934
266/9 149
207/7 25704
148/5 183689
237/8 3986
89/3 308870
208/7 25733
119/4 181470
268/9 142
149/5 103193
179/6 94128
209/7 24338
239/8 3488
269/9 141
30 2074039
271/9 147
241/8 3390
211/7 21701
181/6 84641
151/5 122506
272/9 66
121/4 164097
212/7 22536
91/3 289605
243/8 2776
152/5 202747
213/7 19418
274/9 15
61/2 601259
275/9 45
214/7 17438
153/5 144049
245/8 2564
92/3 334379
215/7 16805
123/4 199198
277/9 34
154/5 190571
185/6 80852
216/7 17715
247/8 1828
278/9 32
31 1665908
280/9 9
249/8 1588
218/7 14032
187/6 67118
156/5 196058
281/9 18
125/4 206703
219/7 14808
94/3 261274
251/8 1421
157/5 126822
220/7 14330
283/9 14
63/2 897613
284/9 4
221/7 12707
158/5 175486
253/8 1088
95/3 247675
222/7 11573
127/4 147763
159/5 122928
191/6 64263
223/7 10932
255/8 963
32 1864488
257/8 720
225/7 11540
193/6 58940
161/5 120802
290/9 23
129/4 221726
226/7 8323
97/3 207991
259/8 521
162/5 184840
227/7 10644
292/9 4
65/2 861265
293/9 41
228/7 8972
163/5 111185
261/8 350
98/3 292241
229/7 8447
131/4 156917
295/9 22
164/5 162673
197/6 50172
230/7 7040
263/8 385
33 1807407
265/8 387
232/7 7081
199/6 47752
166/5 152046
133/4 194686
233/7 7590
100/3 351297
267/8 269
167/5 115907
234/7 6147
301/9 23
67/2 644693
235/7 5718
168/5 148789
269/8 167
101/3 173841
236/7 5463
135/4 360255
304/9 9
169/5 106033
203/6 40857
237/7 5007
271/8 144
34 1983195
273/8 140
239/7 3757
205/6 37612
171/5 110049
137/4 178288
240/7 4419
103/3 160770
275/8 111
172/5 135142
241/7 4124
69/2 879985
242/7 2660
173/5 100124
277/8 119
104/3 323106
243/7 3784
139/4 162402
174/5 130271
209/6 31086
244/7 2887
279/8 105
35 1736699
281/8 60
246/7 2229
211/6 29183
176/5 117317
141/4 260990
247/7 2457
106/3 206279
283/8 41
177/5 94015
248/7 1783
319/9 14
71/2 704260
249/7 2068
178/5 118479
285/8 22
107/3 138781
250/7 1430
143/4 208895
179/5 97195
215/6 23750
251/7 1446
36 2082635
289/8 4
253/7 1552
217/6 20221
181/5 85130
145/4 279340
254/7 992
109/3 144052
182/5 96201
255/7 1186
73/2 688333
256/7 1079
183/5 78972
110/3 341358
257/7 1065
147/4 260730
184/5 91449
221/6 16981
258/7 780
295/8 22
37 1625916
260/7 592
223/6 13717
186/5 88508
149/4 184260
261/7 606
112/3 408655
187/5 76280
262/7 471
75/2 885554
263/7 378
188/5 86828
301/8 9
113/3 125587
264/7 665
151/4 188430
189/5 71477
227/6 11680
265/7 519
38 1947747
305/8 9
267/7 388
229/6 10862
191/5 67182
153/4 250308
268/7 275
115/3 185533
192/5 70715
269/7 268
77/2 664936
270/7 376
193/5 62900
116/3 279076
271/7 260
155/4 235269
194/5 66783
233/6 8864
272/7 217
39 1708031
274/7 84
235/6 6929
196/5 68057
157/4 192580
275/7 147
118/3 210984
197/5 53779
276/7 181
79/2 657061
277/7 160
198/5 57827
119/3 218983
278/7 73
159/4 215887
199/5 46256
239/6 5508
279/7 88
319/8 18
40 2045259
281/7 50
241/6 4918
201/5 50786
161/4 205844
282/7 101
121/3 187764
202/5 46773
283/7 8
81/2 695655
284/7 37
203/5 45995
122/3 235579
285/7 32
163/4 186406
204/5 43966
245/6 3632
286/7 78
41 1566411
288/7 4
247/6 2397
206/5 42347
165/4 218176
289/7 41
124/3 298558
207/5 37915
290/7 36
83/2 601240
291/7 2
208/5 39722
125/3 208900
292/7 13
167/4 179856
209/5 35056
251/6 2030
293/7 9
42 1913570
295/7 138
253/6 1487
211/5 30637
169/4 160502
127/3 157503
212/5 32677
85/2 549995
213/5 30740
128/3 433828
171/4 178850
214/5 28936
257/6 1056
300/7 9
43 1359294
259/6 612
216/5 25223
173/4 158861
130/3 469275
217/5 23826
87/2 549355
218/5 21895
131/3 172089
175/4 173060
219/5 23917
263/6 586
44 1724294
265/6 478
221/5 18077
177/4 145852
133/3 209626
222/5 18534
89/2 470755
223/5 17414
134/3 284340
179/4 135506
224/5 17650
269/6 191
45 1543155
271/6 271
226/5 13921
181/4 128794
136/3 418224
227/5 15463
91/2 467189
319/7 18
228/5 14058
137/3 171306
183/4 122128
229/5 12988
275/6 120
46 1548895
277/6 41
231/5 12874
185/4 116649
139/3 190666
232/5 10411
93/2 438710
233/5 11271
140/3 528432
187/4 106626
234/5 9830
281/6 4
47 1184562
283/6 46
236/5 8031
189/4 117638
142/3 326870
237/5 8082
95/2 402928
238/5 7224
143/3 221313
191/4 98810
239/5 7604
287/6 9
48 1683798
241/5 6853
193/4 91996
145/3 279346
242/5 4028
97/2 321183
243/5 6266
146/3 301519
195/4 83688
244/5 4111
49 1139647
295/6 46
246/5 3612
197/4 78138
148/3 356400
247/5 3960
99/2 389399
248/5 3175
149/3 175562
199/4 74196
249/5 3818
50 1485020
251/5 2912
201/4 71692
151/3 186613
252/5 2821
101/2 256585
253/5 2027
152/3 383729
203/4 66218
254/5 1622
51 1178285
256/5 1909
205/4 55493
154/3 338044
257/5 1361
103/2 236135
258/5 1296
155/3 252161
207/4 50968
259/5 1305
52 1400265
261/5 1198
209/4 52571
157/3 201727
262/5 994
105/2 533492
263/5 962
158/3 292543
211/4 47169
264/5 872
53 896392
266/5 441
213/4 39220
160/3 337871
267/5 612
107/2 205977
268/5 495
161/3 201940
215/4 38214
269/5 420
54 1606406
271/5 351
217/4 32765
163/3 172400
272/5 357
109/2 197696
273/5 398
164/3 291324
219/4 28963
274/5 216
55 1144385
276/5 273
221/4 26434
166/3 241210
277/5 229
111/2 297399
278/5 17
167/3 194052
223/4 21498
279/5 118
56 1349390
281/5 65
225/4 21698
169/3 152822
282/5 182
113/2 192169
283/5 100
170/3 230582
227/4 18938
284/5 32
57 1265939
286/5 30
229/4 17495
172/3 225714
287/5 14
115/2 282170
288/5 91
173/3 167043
231/4 16012
58 1217756
291/5 51
233/4 14117
175/3 171840
292/5 41
117/2 403009
293/5 9
176/3 200841
235/4 11857
294/5 18
59 846556
237/4 9417
178/3 190176
119/2 308223
179/3 135383
239/4 8253
60 1896380
301/5 23
241/4 7731
181/3 128526
121/2 258429
182/3 171517
243/4 6785
61 875976
245/4 5558
184/3 147135
123/2 328495
185/3 121150
247/4 4623
62 1220772
249/4 4336
187/3 112803
125/2 314390
188/3 138437
251/4 2775
63 1324834
253/4 2634
190/3 122938
127/2 217941
191/3 98837
255/4 2223
64 1282319
257/4 1700
193/3 97875
129/2 376845
194/3 104954
259/4 1256
65 1234369
261/4 923
196/3 99841
131/2 247037
197/3 82286
263/4 1002
66 1531412
265/4 709
199/3 75754
133/2 288561
200/3 86751
267/4 697
67 896117
269/4 560
202/3 77088
135/2 579460
203/3 71652
271/4 547
68 1377019
273/4 453
205/3 63210
137/2 251903
206/3 61668
275/4 212
69 1253206
277/4 293
208/3 59629
139/2 241903
209/3 54062
279/4 161
70 1417490
281/4 106
211/3 46811
141/2 389830
212/3 46516
283/4 139
71 945229
285/4 76
214/3 40214
143/2 306060
215/3 41421
287/4 31
72 1476106
217/3 35773
145/2 414721
218/3 31747
291/4 23
73 917306
220/3 31769
147/2 398276
221/3 29963
295/4 140
74 1209582
223/3 27170
149/2 254870
224/3 24454
75 1216570
301/4 18
226/3 18202
151/2 266626
227/3 22858
76 1231713
229/3 19600
153/2 380013
230/3 15204
77 882092
232/3 15779
155/2 351128
233/3 16546
78 1198252
235/3 13507
157/2 265079
236/3 11044
79 883558
238/3 9222
159/2 319096
239/3 10962
80 1105382
241/3 9212
161/2 275524
242/3 5949
81 930648
244/3 5678
163/2 256313
245/3 7112
82 1039820
247/3 5529
165/2 318365
248/3 4473
83 755782
250/3 3271
167/2 254799
251/3 3718
84 1101978
253/3 3080
169/2 210669
254/3 2285
85 720529
256/3 2536
171/2 248284
257/3 2055
86 816250
259/3 1726
173/2 211495
260/3 1569
87 726689
262/3 1117
175/2 236459
263/3 1075
88 815787
265/3 937
177/2 206622
266/3 604
89 628587
268/3 691
179/2 188011
269/3 554
90 909768
271/3 610
181/2 173181
272/3 479
91 607742
274/3 284
183/2 175446
275/3 351
92 663126
277/3 213
185/2 162088
278/3 46
93 545546
280/3 340
187/2 147962
281/3 150
94 556700
283/3 97
189/2 158632
95 500374
286/3 83
191/2 129257
287/3 56
96 851321
289/3 83
193/2 125633
290/3 45
97 420501
292/3 23
195/2 115780
293/3 42
98 545031
295/3 176
197/2 111280
99 483218
199/2 100828
100 595121
301/3 37
201/2 98249
101 321526
203/2 93371
305/3 18
102 521587
205/2 81259
103 270783
207/2 75862
104 543367
209/2 68291
105 532224
211/2 62633
106 323963
319/3 23
213/2 58463
107 229214
215/2 52330
108 759339
217/2 47584
109 224841
219/2 38753
110 497176
221/2 37563
111 301043
223/2 33205
112 631030
225/2 30478
113 175910
227/2 28060
114 555460
229/2 26454
115 250204
231/2 22814
116 423175
233/2 21251
117 360648
235/2 17019
118 293058
237/2 15064
119 275875
239/2 11973
120 1081355
241/2 11168
121 226636
243/2 10551
122 306699
245/2 8359
123 285820
247/2 6775
124 430362
249/2 6470
125 243096
251/2 4736
126 712366
253/2 3776
127 184194
255/2 3686
128 572934
257/2 2980
129 320975
259/2 1890
130 607494
261/2 2062
131 217194
263/2 1400
132 728670
265/2 1064
133 250660
267/2 1099
134 369587
269/2 921
135 441412
271/2 908
136 565257
273/2 772
137 216422
275/2 517
138 602898
277/2 504
139 218629
279/2 226
140 688362
281/2 59
141 314706
283/2 61
142 407256
285/2 91
143 261479
287/2 79
144 735405
289/2 8
145 328482
291/2 69
146 395375
293/2 41
147 327651
295/2 402
148 468486
149 209604
150 585134
301/2 4
151 225956
152 502283
305/2 23
153 320332
154 427605
155 296756
156 502742
157 242823
158 387354
159 272970
319/2 37
160 452336
161 237787
162 425613
163 213312
164 405850
165 274990
166 336210
167 232714
168 390375
169 202989
170 312293
171 231291
172 323365
173 199502
174 306124
175 220292
176 273221
177 192757
178 272008
179 179786
180 267174
181 169345
182 242900
183 175714
184 226425
185 172954
186 208065
187 149923
188 199410
189 161772
190 179195
191 135161
192 169931
193 132152
194 156942
195 126215
196 153623
197 114375
198 135933
199 111913
200 131925
201 107064
202 109066
203 96091
204 104617
205 88452
206 93647
207 81083
208 89960
209 78422
210 81444
211 69578
212 72424
213 66788
214 63520
215 62094
216 61067
217 53210
218 49820
219 47487
220 45518
221 41119
222 41266
223 39273
224 41148
225 38674
226 33742
227 34963
228 28802
229 30013
230 24864
231 26609
232 23092
233 24326
234 19888
235 20600
236 18575
237 16862
238 13532
239 18122
240 15620
241 15026
242 8703
243 12641
244 10395
245 11484
246 7559
247 7952
248 6518
249 7444
250 5164
251 5734
252 6139
253 4533
254 3454
255 4522
256 4212
257 3872
258 3010
259 2693
260 2493
261 2423
262 1428
263 1510
264 1684
265 1613
266 1095
267 1531
268 856
269 1036
270 997
271 1154
272 1162
273 644
274 294
275 362
276 724
277 433
278 58
279 256
280 480
281 140
282 463
283 178
284 45
285 124
286 31
287 45
288 160
289 23
290 118
291 18
292 18
293 23
294 27
295 109
301 23
304 28
305 46
306 28
315 23
319 23
