9 7
10 34
11 64
12 120
13 194
14 272
15 315
16 493
17 670
18 749
19 998
20 1270
21 1134
22 1248
23 1396
24 1935
25 1894
26 2208
27 2407
28 2888
29 2572
30 4970
31 3144
32 5412
33 4123
34 6872
35 4270
36 6071
37 4869
38 6291
39 4540
40 5040
41 4128
42 4578
43 2979
44 3690
45 4200
46 3491
47 2233
48 6552
49 3294
50 4778
51 3645
52 5641
53 2008
54 9486
55 6409
56 9316
57 9508
58 7851
59 3401
60 24511
61 4617
62 11084
63 12825
64 14955
65 14086
66 20213
67 7163
68 18994
69 13686
70 18166
71 10165
72 19104
73 10177
74 16914
75 12532
76 16240
77 9625
78 12921
79 10089
80 11500
81 9090
82 12897
83 8189
84 9288
85 6741
86 8344
87 6294
88 6392
89 5852
90 5437
91 5000
92 4394
93 3948
94 3768
95 3365
96 2738
97 2603
98 2119
99 2060
100 1488
101 1539
102 1000
103 1007
104 875
105 1071
106 568
107 646
108 451
109 380
110 195
111 246
112 205
113 114
114 104
115 70
116 12
117 28
120 52
122 12
130 3
