10 6
11 22
12 128
13 233
14 455
15 845
16 1356
17 1662
18 1945
19 2449
20 2798
21 3410
22 5145
23 5169
24 7914
25 6996
26 9991
27 8032
28 10396
29 9751
30 14640
31 12639
32 15211
33 13490
34 16665
35 15355
36 21854
37 15862
38 19266
39 18661
40 25126
41 19199
42 28999
43 18587
44 30275
45 29175
46 26834
47 21470
48 50439
49 24583
50 40900
51 40585
52 53528
53 29778
54 53085
55 38254
56 57213
57 40902
58 55221
59 38604
60 58724
61 38542
62 58210
63 37715
64 51932
65 36167
66 45569
67 34252
68 39700
69 35628
70 39779
71 28296
72 51514
73 25235
74 30408
75 34954
76 29248
77 29166
78 35915
79 18761
80 46248
81 31345
82 32798
83 14989
84 71511
85 24992
86 31090
87 34496
88 61782
89 20115
90 108889
91 42140
92 50437
93 45965
94 48909
95 54977
96 116732
97 28537
98 74312
99 67885
100 102850
101 35645
102 121686
103 36911
104 110854
105 96152
106 79947
107 40371
108 135132
109 45378
110 120515
111 75966
112 116512
113 49191
114 118211
115 82955
116 106482
117 75311
118 100482
119 58188
120 115739
121 56159
122 102884
123 72493
124 107141
125 69192
126 91381
127 55862
128 93936
129 61908
130 78505
131 57897
132 80229
133 57180
134 80206
135 56106
136 67879
137 50316
138 62986
139 47523
140 59694
141 46183
142 59714
143 38451
144 48035
145 37908
146 49464
147 35547
148 43909
149 33663
150 36256
151 30982
152 31301
153 27619
154 30130
155 25160
156 25309
157 24213
158 23892
159 20017
160 20526
161 19687
162 18984
163 16380
164 14990
165 15271
166 12280
167 13356
168 12221
169 10945
170 8446
171 10481
172 8020
173 8757
174 6043
175 7605
176 5739
177 6668
178 3912
179 4956
180 4906
181 4501
182 3217
183 3984
184 2859
185 2632
186 2101
187 2238
188 1729
189 2605
190 1191
191 1743
192 1194
193 1239
194 700
195 954
196 715
197 567
198 428
199 357
200 245
201 432
202 176
203 263
204 282
205 236
206 48
207 113
208 100
209 32
210 178
211 21
212 24
213 72
214 12
215 48
216 47
217 41
218 24
219 6
220 45
225 15
226 12
235 15
