11 22
12 99
13 261
14 552
15 868
16 1605
17 2470
18 3640
19 4537
20 6391
21 6154
22 7960
23 8016
24 11331
25 12278
26 16066
27 17354
28 21518
29 19741
30 26191
31 21871
32 32029
33 26008
34 38915
35 29106
36 46412
37 34158
38 50617
39 43838
40 56973
41 41102
42 65014
43 43612
44 58941
45 56076
46 64650
47 46662
48 79766
49 49449
50 77757
51 53936
52 78706
53 47552
54 97115
55 62991
56 90652
57 78575
58 91661
59 54255
60 166815
61 60645
62 106820
63 104952
64 134467
65 102601
66 160361
67 80695
68 166279
69 119530
70 159488
71 95151
72 180262
73 97811
74 159059
75 135953
76 170699
77 100017
78 159542
79 105999
80 156298
81 117788
82 148598
83 101095
84 167106
85 96805
86 119423
87 102966
88 126944
89 90608
90 136463
91 85714
92 107511
93 84199
94 89614
95 75719
96 146204
97 70090
98 100759
99 93794
100 116993
101 58722
102 107880
103 57759
104 119765
105 153046
106 65761
107 52225
108 198278
109 54518
110 149148
111 87277
112 176839
113 54630
114 211854
115 77297
116 134759
117 145294
118 87430
119 112275
120 382100
121 96470
122 110090
123 122061
124 168274
125 109721
126 307276
127 78448
128 222502
129 154505
130 304757
131 93087
132 347268
133 118028
134 172831
135 243327
136 267973
137 107030
138 325913
139 107872
140 343262
141 185164
142 222825
143 148866
144 338881
145 200131
146 226984
147 191670
148 269196
149 121968
150 324965
151 132660
152 280111
153 190157
154 249179
155 184758
156 282215
157 145332
158 240449
159 168901
160 249947
161 151713
162 251503
163 140382
164 250527
165 171737
166 214825
167 146806
168 222996
169 126190
170 194600
171 142451
172 198427
173 129448
174 187358
175 138921
176 171410
177 121691
178 172490
179 115522
180 157534
181 108746
182 152070
183 106132
184 137702
185 103013
186 128774
187 94324
188 122957
189 95837
190 113807
191 86064
192 102457
193 83468
194 98847
195 72351
196 92405
197 71742
198 81476
199 67188
200 76671
201 64474
202 68775
203 60963
204 59546
205 54875
206 54951
207 49045
208 52955
209 48082
210 49956
211 42834
212 42227
213 39790
214 37610
215 36925
216 35431
217 32258
218 28516
219 29229
220 26945
221 25464
222 23571
223 22990
224 22153
225 23202
226 17130
227 20218
228 16838
229 17886
230 13500
231 16601
232 12302
233 14828
234 10927
235 12277
236 9519
237 10796
238 7458
239 9394
240 9055
241 8382
242 4549
243 7692
244 5195
245 6480
246 4041
247 4836
248 3515
249 4614
250 2614
251 3344
252 3517
253 2751
254 1964
255 2672
256 2068
257 2002
258 1602
259 1470
260 1296
261 1353
262 864
263 968
264 927
265 862
266 509
267 809
268 484
269 550
270 609
271 572
272 475
273 447
274 176
275 291
276 374
277 264
278 60
279 181
280 262
281 88
282 208
283 88
284 24
285 88
286 63
287 34
288 74
289 19
290 60
291 31
292 24
293 22
294 10
295 163
300 15
301 19
304 8
305 15
306 13
315 4
319 19
