11 9
12 50
13 169
14 494
15 947
16 1944
17 3072
18 5078
19 6740
20 9580
21 11782
22 15098
23 17087
24 19776
25 20522
26 28471
27 26077
28 37347
29 36240
30 53242
31 46842
32 64520
33 61717
34 74216
35 60021
36 88221
37 67936
38 93965
39 82765
40 116919
41 85538
42 140686
43 95476
44 153933
45 121304
46 161903
47 119696
48 189730
49 134243
50 186059
51 152424
52 186024
53 142904
54 226481
55 156690
56 229215
57 165259
58 201214
59 150984
60 249289
61 154287
62 204199
63 187445
64 247563
65 157590
66 296481
67 153466
68 256450
69 192481
70 278060
71 163423
72 395864
73 161557
74 255098
75 279550
76 343031
77 201516
78 430917
79 198869
80 450998
81 290253
82 309689
83 215928
84 536559
85 317494
86 371976
87 320985
88 462581
89 249902
90 543588
91 246209
92 505287
93 357531
94 437671
95 322461
96 521071
97 282260
98 447171
99 350062
100 508457
101 279042
102 457701
103 280887
104 430923
105 342038
106 414309
107 285435
108 471009
109 267442
110 373515
111 296412
112 405624
113 251311
114 350434
115 266041
116 331628
117 292748
118 302351
119 235097
120 475037
121 225385
122 259624
123 268049
124 265850
125 241537
126 470194
127 171244
128 336395
129 228767
130 249772
131 165903
132 467814
133 247345
134 220355
135 318638
136 355261
137 140531
138 338495
139 152347
140 470069
141 262353
142 247572
143 232040
144 714096
145 222937
146 236651
147 378722
148 310353
149 137285
150 725445
151 140110
152 502221
153 363607
154 470861
155 283291
156 819750
157 182069
158 351816
159 331399
160 740473
161 283107
162 692379
163 191884
164 453296
165 617139
166 408904
167 228668
168 983601
169 314927
170 731777
171 465003
172 557008
173 236864
174 791825
175 444576
176 725549
177 457463
178 526515
179 285305
180 990995
181 283965
182 597713
183 502282
184 751513
185 462719
186 804180
187 350232
188 644673
189 500905
190 715082
191 340319
192 801250
193 354229
194 607160
195 521211
196 698965
197 337492
198 736876
199 352613
200 725423
201 447464
202 583774
203 374322
204 705716
205 424324
206 572378
207 443558
208 571288
209 386133
210 633260
211 328900
212 597093
213 399697
214 563872
215 368219
216 578478
217 358639
218 521596
219 364512
220 513849
221 285714
222 514017
223 312547
224 466923
225 364329
226 467108
227 299000
228 468665
229 287339
230 414843
231 311557
232 414546
233 267674
234 380945
235 286006
236 380605
237 277863
238 348620
239 250723
240 329918
241 239407
242 330463
243 244608
244 298016
245 225311
246 300560
247 202840
248 275042
249 209381
250 255772
251 202239
252 256777
253 188126
254 239000
255 174269
256 215084
257 175881
258 205203
259 162475
260 182933
261 157898
262 179212
263 145314
264 166775
265 141468
266 160690
267 133315
268 144108
269 127374
270 138388
271 114494
272 122537
273 111637
274 116432
275 104488
276 105385
277 93541
278 94404
279 95901
280 97537
281 85790
282 84153
283 77188
284 78230
285 75867
286 69261
287 71621
288 70168
289 62019
290 58324
291 62032
292 51616
293 52808
294 54595
295 51004
296 43536
297 49922
298 39268
299 41749
300 40297
301 39579
302 32320
303 36262
304 31381
305 33231
306 27394
307 28658
308 26140
309 27221
310 20076
311 24357
312 23013
313 22195
314 16392
315 25768
316 16475
317 17388
318 13696
319 16606
320 14588
321 15461
322 11554
323 12353
324 12825
325 12780
326 8244
327 10238
328 7930
329 9375
330 7518
331 8004
332 5862
333 7563
334 4816
335 6095
336 6032
337 5290
338 3416
339 4647
340 3802
341 3612
342 2941
343 3737
344 2942
345 3719
346 1848
347 2829
348 2092
349 2001
350 1477
351 2000
352 1583
353 1219
354 1475
355 1269
356 978
357 1353
358 808
359 1012
360 1304
361 1213
362 508
363 919
364 690
365 531
366 587
367 345
368 630
369 431
370 374
371 226
372 476
373 207
374 204
375 393
376 319
377 110
378 243
379 230
380 253
381 151
382 104
384 105
385 300
386 40
387 60
388 122
390 44
391 55
392 62
393 34
394 56
395 134
397 138
400 41
401 46
404 16
408 12
409 46
410 13
411 18
412 16
414 30
433 23
