9 1
10 9
11 45
12 99
13 259
14 475
15 640
16 903
17 948
18 1326
19 1401
20 2159
21 2513
22 3209
23 3097
24 3805
25 3455
26 4449
27 4488
28 6225
29 4754
30 6350
31 4937
32 8127
33 7742
34 8056
35 7376
36 13286
37 7107
38 12996
39 11585
40 16769
41 8824
42 18805
43 11121
44 20122
45 14286
46 20397
47 13347
48 17148
49 13431
50 17846
51 12593
52 14203
53 12209
54 16315
55 9744
56 15794
57 9439
58 9378
59 8456
60 15220
61 7404
62 7031
63 15651
64 15816
65 6550
66 21041
67 7266
68 16132
69 11434
70 25889
71 10040
72 43134
73 10133
74 15719
75 27913
76 30090
77 18183
78 50106
79 16378
80 50561
81 28325
82 27884
83 17680
84 56265
85 30362
86 34759
87 32430
88 46083
89 23445
90 50342
91 23129
92 46487
93 30276
94 38809
95 28990
96 40399
97 25500
98 36954
99 26518
100 37554
101 23360
102 32347
103 21720
104 29044
105 21467
106 28091
107 21200
108 24817
109 18900
110 20812
111 16650
112 18386
113 15920
114 17381
115 13230
116 14981
117 11624
118 12843
119 10435
120 10131
121 9920
122 8069
123 8580
124 7032
125 6822
126 6954
127 6280
128 5084
129 5061
130 3569
131 4040
132 3392
133 3624
134 2365
135 2908
136 1958
137 2220
138 1362
139 1560
140 1360
141 1325
142 728
143 869
144 794
145 651
146 268
147 645
148 254
149 360
150 175
151 260
152 84
153 162
154 50
155 42
156 90
157 60
158 12
159 27
160 54
162 43
165 24
