11 2
12 37
13 142
14 438
15 1063
16 2190
17 3373
18 4894
19 7797
20 11431
21 17652
22 24636
23 28017
24 39140
25 41966
26 54745
27 51516
28 66377
29 63969
30 86842
31 82277
32 111255
33 101015
34 135239
35 125464
36 174584
37 142682
38 191980
39 173559
40 229779
41 174296
42 253244
43 188700
44 282805
45 236117
46 296436
47 220959
48 400750
49 249559
50 374233
51 323948
52 439782
53 281898
54 488519
55 339879
56 507602
57 409028
58 505394
59 356212
60 683667
61 373139
62 590025
63 504041
64 625854
65 466881
66 692445
67 421709
68 642419
69 531235
70 703165
71 448514
72 832687
73 451012
74 661792
75 597942
76 673079
77 494124
78 793745
79 445047
80 803820
81 583787
82 718285
83 432708
84 983327
85 500479
86 699629
87 599397
88 889829
89 456669
90 1156590
91 578653
92 821757
93 662704
94 790143
95 652513
96 1311831
97 488309
98 930045
99 776829
100 1190044
101 533158
102 1385883
103 542439
104 1247153
105 1066049
106 999108
107 569080
108 1519522
109 616432
110 1338243
111 921577
112 1373480
113 655465
114 1472710
115 930251
116 1345173
117 955350
118 1247275
119 752573
120 1682911
121 738462
122 1275986
123 962343
124 1435006
125 916589
126 1422223
127 786962
128 1350874
129 903707
130 1293325
131 782242
132 1414061
133 823682
134 1188411
135 1077311
136 1193796
137 773347
138 1254826
139 744018
140 1332260
141 823429
142 1047071
143 715918
144 1375294
145 768861
146 957642
147 884145
148 992592
149 682182
150 1173731
151 650231
152 960673
153 780813
154 1005158
155 635507
156 1161773
157 580973
158 730762
159 622455
160 1093301
161 632842
162 1061364
163 524509
164 796576
165 951572
166 589797
167 491799
168 1525639
169 508306
170 814165
171 815387
172 757784
173 450768
174 994778
175 750429
176 1135324
177 559788
178 603596
179 403078
180 2178288
181 421936
182 1115519
183 613872
184 933922
185 549805
186 1207216
187 618686
188 872729
189 1095020
190 1300058
191 421436
192 1831351
193 410726
194 714338
195 1489039
196 1344203
197 429400
198 1803487
199 453280
200 1742834
201 763234
202 838291
203 742343
204 2172376
205 749729
206 881626
207 1097264
208 1808889
209 736158
210 2535805
211 547284
212 1337930
213 1014477
214 965807
215 892020
216 2328508
217 835218
218 1094122
219 1076490
220 2125313
221 923480
222 1973838
223 662784
224 1914248
225 1599909
226 1195561
227 686916
228 2250363
229 723700
230 2005516
231 1377487
232 1732159
233 733774
234 2059285
235 1075716
236 1685960
237 1182214
238 1566221
239 742760
240 2368331
241 795768
242 1461194
243 1235559
244 1700618
245 1190925
246 1975025
247 913944
248 1812805
249 1149914
250 1798168
251 864254
252 2067281
253 968005
254 1468593
255 1320386
256 1704762
257 852216
258 1730334
259 966190
260 1728720
261 1153439
262 1479391
263 849740
264 1811583
265 998919
266 1560572
267 1059700
268 1588217
269 875232
270 1695309
271 836568
272 1435195
273 1061859
274 1386290
275 995835
276 1540091
277 823676
278 1326559
279 1020989
280 1455806
281 821296
282 1382556
283 807336
284 1366140
285 982150
286 1159271
287 841211
288 1295106
289 767881
290 1179603
291 822724
292 1231861
293 731808
294 1164091
295 789716
296 1140795
297 798261
298 1073759
299 666563
300 1066860
301 729156
302 1000482
303 715679
304 931488
305 683242
306 949668
307 658752
308 907886
309 653385
310 860820
311 618792
312 839673
313 598632
314 831329
315 642626
316 790448
317 576024
318 749575
319 525045
320 712289
321 547842
322 718546
323 497421
324 688172
325 481181
326 638560
327 494751
328 610715
329 483170
330 580360
331 455712
332 556433
333 444694
334 542040
335 418257
336 512388
337 412152
338 476443
339 384402
340 445065
341 364613
342 459558
343 371568
344 408182
345 339405
346 399869
347 325848
348 365323
349 320688
350 366164
351 302278
352 335640
353 285648
354 327733
355 266801
356 294415
357 269030
358 281984
359 250248
360 289922
361 236377
362 257653
363 240754
364 247432
365 219465
366 233141
367 202824
368 213616
369 202431
370 192061
371 187982
372 192274
373 173136
374 170452
375 174020
376 161752
377 152304
378 172724
379 148368
380 145113
381 142427
382 129695
383 130344
384 132981
385 135020
386 112663
387 123752
388 109015
389 108000
390 105405
391 99344
392 101265
393 100763
394 80067
395 90155
396 91097
397 81000
398 70897
399 89101
400 73381
401 74160
402 66387
403 68751
404 61008
405 75065
406 55737
407 61375
408 60234
409 54872
410 44908
411 53489
412 40818
413 51353
414 40001
415 44035
416 40311
417 42473
418 31944
419 38088
420 43958
421 36176
422 26129
423 36633
424 27676
425 29735
426 24681
427 28419
428 24014
429 27954
430 20066
431 23160
432 22197
433 20616
434 15340
435 21096
436 15834
437 18070
438 13765
439 15144
440 14833
441 18155
442 11457
443 13008
444 11403
445 11565
446 9088
447 11165
448 10322
449 9792
450 8030
451 9373
452 6862
453 8119
454 5788
455 7885
456 6232
457 6240
458 4140
459 5950
460 5646
461 5616
462 4426
463 5064
464 3584
465 3794
466 2872
467 3768
468 4020
469 3917
470 3223
471 3347
472 2578
473 2714
474 1951
475 2375
476 2118
477 2054
478 1352
479 2184
480 2449
481 1838
482 984
483 1759
484 1287
485 1258
486 1094
487 1272
488 799
489 898
490 1085
491 1032
492 1132
493 863
494 465
495 906
496 532
497 406
498 488
499 360
500 572
501 235
502 136
503 384
504 367
505 663
506 373
507 406
508 568
509 120
510 196
511 231
512 304
513 191
514 120
515 407
516 197
517 286
518 51
519 36
520 162
521 96
522 98
523 48
524 78
525 152
526 76
527 24
528 63
529 80
530 58
531 30
532 40
533 92
534 49
535 172
536 60
537 54
539 120
541 48
542 56
544 26
548 32
549 21
552 36
554 28
557 24
558 26
559 47
562 32
583 24
592 4
