9 4
10 15
11 67
12 101
13 139
14 125
15 201
16 287
17 325
18 477
19 405
20 601
21 667
22 1094
23 747
24 1612
25 1206
26 2153
27 1431
28 2084
29 1666
30 2057
31 1856
32 1664
33 1276
34 889
35 950
36 1740
37 876
38 600
39 1102
40 2473
41 1545
42 4486
43 1361
44 3498
45 4174
46 2771
47 2486
48 8579
49 3354
50 6242
51 4966
52 7475
53 3582
54 7667
55 5332
56 7554
57 4764
58 7016
59 4338
60 5111
61 4500
62 5999
63 3319
64 4460
65 2839
66 3450
67 2970
68 2675
69 2122
70 2011
71 1890
72 1430
73 1428
74 1123
75 1031
76 650
77 731
78 447
79 540
80 354
81 384
82 152
83 144
84 162
85 63
86 40
87 27
90 21
91 3
93 6
